[2.025s] DEBUG:colcon:Command line arguments: ['/home/dhonan/.local/bin/colcon', 'build']
[2.025s] DEBUG:colcon:Parsed command line arguments: Namespace(log_base=None, log_level=None, verb_name='build', build_base='build', install_base='install', merge_install=False, symlink_install=False, test_result_base=None, continue_on_error=False, executor='parallel', parallel_workers=8, event_handlers=None, ignore_user_meta=False, metas=['./colcon.meta'], base_paths=['.'], packages_ignore=None, packages_ignore_regex=None, paths=None, packages_up_to=None, packages_up_to_regex=None, packages_above=None, packages_above_and_dependencies=None, packages_above_depth=None, packages_select_by_dep=None, packages_skip_by_dep=None, packages_skip_up_to=None, packages_select_build_failed=False, packages_skip_build_finished=False, packages_select_test_failures=False, packages_skip_test_passed=False, packages_select=None, packages_skip=None, packages_select_regex=None, packages_skip_regex=None, packages_start=None, packages_end=None, allow_overriding=[], cmake_args=None, cmake_target=None, cmake_target_skip_unavailable=False, cmake_clean_cache=False, cmake_clean_first=False, cmake_force_configure=False, ament_cmake_args=None, catkin_cmake_args=None, catkin_skip_building_tests=False, mixin_files=None, mixin=None, verb_parser=<colcon_mixin.mixin.mixin_argument.MixinArgumentDecorator object at 0x7f97ce7e59c0>, verb_extension=<colcon_core.verb.build.BuildVerb object at 0x7f97ce7de590>, main=<bound method BuildVerb.main of <colcon_core.verb.build.BuildVerb object at 0x7f97ce7de590>>, mixin_verb=('build',))
[2.094s] Level 1:colcon.colcon_core.package_discovery:discover_packages(colcon_meta) check parameters
[2.094s] Level 1:colcon.colcon_core.package_discovery:discover_packages(recursive) check parameters
[2.094s] Level 1:colcon.colcon_core.package_discovery:discover_packages(ignore) check parameters
[2.094s] Level 1:colcon.colcon_core.package_discovery:discover_packages(path) check parameters
[2.094s] Level 1:colcon.colcon_core.package_discovery:discover_packages(colcon_meta) discover
[2.095s] Level 1:colcon.colcon_core.package_discovery:discover_packages(recursive) discover
[2.095s] INFO:colcon.colcon_core.package_discovery:Crawling recursively for packages in '/home/dhonan/Workspace/webots-ros2-gateway/example/wsl_ros2'
[2.095s] Level 1:colcon.colcon_core.package_identification:_identify(.) by extensions ['ignore', 'ignore_ament_install']
[2.095s] Level 1:colcon.colcon_core.package_identification:_identify(.) by extension 'ignore'
[2.095s] Level 1:colcon.colcon_core.package_identification:_identify(.) by extension 'ignore_ament_install'
[2.095s] Level 1:colcon.colcon_core.package_identification:_identify(.) by extensions ['colcon_pkg']
[2.095s] Level 1:colcon.colcon_core.package_identification:_identify(.) by extension 'colcon_pkg'
[2.095s] Level 1:colcon.colcon_core.package_identification:_identify(.) by extensions ['colcon_meta']
[2.095s] Level 1:colcon.colcon_core.package_identification:_identify(.) by extension 'colcon_meta'
[2.095s] Level 1:colcon.colcon_core.package_identification:_identify(.) by extensions ['ros']
[2.095s] Level 1:colcon.colcon_core.package_identification:_identify(.) by extension 'ros'
[2.121s] Level 1:colcon.colcon_core.package_identification:_identify(.) by extensions ['cmake', 'python']
[2.121s] Level 1:colcon.colcon_core.package_identification:_identify(.) by extension 'cmake'
[2.121s] Level 1:colcon.colcon_core.package_identification:_identify(.) by extension 'python'
[2.121s] Level 1:colcon.colcon_core.package_identification:_identify(.) by extensions ['python_setup_py']
[2.122s] Level 1:colcon.colcon_core.package_identification:_identify(.) by extension 'python_setup_py'
[2.122s] Level 1:colcon.colcon_core.package_identification:_identify(build) by extensions ['ignore', 'ignore_ament_install']
[2.122s] Level 1:colcon.colcon_core.package_identification:_identify(build) by extension 'ignore'
[2.122s] Level 1:colcon.colcon_core.package_identification:_identify(build) ignored
[2.122s] Level 1:colcon.colcon_core.package_identification:_identify(install) by extensions ['ignore', 'ignore_ament_install']
[2.122s] Level 1:colcon.colcon_core.package_identification:_identify(install) by extension 'ignore'
[2.122s] Level 1:colcon.colcon_core.package_identification:_identify(install) ignored
[2.122s] Level 1:colcon.colcon_core.package_identification:_identify(log) by extensions ['ignore', 'ignore_ament_install']
[2.122s] Level 1:colcon.colcon_core.package_identification:_identify(log) by extension 'ignore'
[2.123s] Level 1:colcon.colcon_core.package_identification:_identify(log) ignored
[2.123s] Level 1:colcon.colcon_core.package_identification:_identify(src) by extensions ['ignore', 'ignore_ament_install']
[2.123s] Level 1:colcon.colcon_core.package_identification:_identify(src) by extension 'ignore'
[2.123s] Level 1:colcon.colcon_core.package_identification:_identify(src) by extension 'ignore_ament_install'
[2.123s] Level 1:colcon.colcon_core.package_identification:_identify(src) by extensions ['colcon_pkg']
[2.123s] Level 1:colcon.colcon_core.package_identification:_identify(src) by extension 'colcon_pkg'
[2.123s] Level 1:colcon.colcon_core.package_identification:_identify(src) by extensions ['colcon_meta']
[2.123s] Level 1:colcon.colcon_core.package_identification:_identify(src) by extension 'colcon_meta'
[2.123s] Level 1:colcon.colcon_core.package_identification:_identify(src) by extensions ['ros']
[2.123s] Level 1:colcon.colcon_core.package_identification:_identify(src) by extension 'ros'
[2.123s] Level 1:colcon.colcon_core.package_identification:_identify(src) by extensions ['cmake', 'python']
[2.123s] Level 1:colcon.colcon_core.package_identification:_identify(src) by extension 'cmake'
[2.123s] Level 1:colcon.colcon_core.package_identification:_identify(src) by extension 'python'
[2.123s] Level 1:colcon.colcon_core.package_identification:_identify(src) by extensions ['python_setup_py']
[2.123s] Level 1:colcon.colcon_core.package_identification:_identify(src) by extension 'python_setup_py'
[2.123s] Level 1:colcon.colcon_core.package_identification:_identify(src/wbtros2_example) by extensions ['ignore', 'ignore_ament_install']
[2.124s] Level 1:colcon.colcon_core.package_identification:_identify(src/wbtros2_example) by extension 'ignore'
[2.124s] Level 1:colcon.colcon_core.package_identification:_identify(src/wbtros2_example) by extension 'ignore_ament_install'
[2.124s] Level 1:colcon.colcon_core.package_identification:_identify(src/wbtros2_example) by extensions ['colcon_pkg']
[2.124s] Level 1:colcon.colcon_core.package_identification:_identify(src/wbtros2_example) by extension 'colcon_pkg'
[2.124s] Level 1:colcon.colcon_core.package_identification:_identify(src/wbtros2_example) by extensions ['colcon_meta']
[2.124s] Level 1:colcon.colcon_core.package_identification:_identify(src/wbtros2_example) by extension 'colcon_meta'
[2.124s] Level 1:colcon.colcon_core.package_identification:_identify(src/wbtros2_example) by extensions ['ros']
[2.124s] Level 1:colcon.colcon_core.package_identification:_identify(src/wbtros2_example) by extension 'ros'
[2.126s] DEBUG:colcon.colcon_core.package_identification:Package 'src/wbtros2_example' with type 'ros.ament_python' and name 'wbtros2_example'
[2.126s] Level 1:colcon.colcon_core.package_identification:_identify(src/wbtros2_interface) by extensions ['ignore', 'ignore_ament_install']
[2.126s] Level 1:colcon.colcon_core.package_identification:_identify(src/wbtros2_interface) by extension 'ignore'
[2.127s] Level 1:colcon.colcon_core.package_identification:_identify(src/wbtros2_interface) by extension 'ignore_ament_install'
[2.127s] Level 1:colcon.colcon_core.package_identification:_identify(src/wbtros2_interface) by extensions ['colcon_pkg']
[2.127s] Level 1:colcon.colcon_core.package_identification:_identify(src/wbtros2_interface) by extension 'colcon_pkg'
[2.127s] Level 1:colcon.colcon_core.package_identification:_identify(src/wbtros2_interface) by extensions ['colcon_meta']
[2.127s] Level 1:colcon.colcon_core.package_identification:_identify(src/wbtros2_interface) by extension 'colcon_meta'
[2.127s] Level 1:colcon.colcon_core.package_identification:_identify(src/wbtros2_interface) by extensions ['ros']
[2.127s] Level 1:colcon.colcon_core.package_identification:_identify(src/wbtros2_interface) by extension 'ros'
[2.127s] DEBUG:colcon.colcon_core.package_identification:Package 'src/wbtros2_interface' with type 'ros.ament_cmake' and name 'wbtros2_interface'
[2.128s] Level 1:colcon.colcon_core.package_identification:_identify(src/wbtros2_package) by extensions ['ignore', 'ignore_ament_install']
[2.128s] Level 1:colcon.colcon_core.package_identification:_identify(src/wbtros2_package) by extension 'ignore'
[2.128s] Level 1:colcon.colcon_core.package_identification:_identify(src/wbtros2_package) by extension 'ignore_ament_install'
[2.128s] Level 1:colcon.colcon_core.package_identification:_identify(src/wbtros2_package) by extensions ['colcon_pkg']
[2.128s] Level 1:colcon.colcon_core.package_identification:_identify(src/wbtros2_package) by extension 'colcon_pkg'
[2.128s] Level 1:colcon.colcon_core.package_identification:_identify(src/wbtros2_package) by extensions ['colcon_meta']
[2.128s] Level 1:colcon.colcon_core.package_identification:_identify(src/wbtros2_package) by extension 'colcon_meta'
[2.128s] Level 1:colcon.colcon_core.package_identification:_identify(src/wbtros2_package) by extensions ['ros']
[2.128s] Level 1:colcon.colcon_core.package_identification:_identify(src/wbtros2_package) by extension 'ros'
[2.129s] DEBUG:colcon.colcon_core.package_identification:Package 'src/wbtros2_package' with type 'ros.ament_python' and name 'wbtros2_package'
[2.129s] Level 1:colcon.colcon_core.package_discovery:discover_packages(recursive) using defaults
[2.129s] Level 1:colcon.colcon_core.package_discovery:discover_packages(ignore) discover
[2.129s] Level 1:colcon.colcon_core.package_discovery:discover_packages(ignore) using defaults
[2.129s] Level 1:colcon.colcon_core.package_discovery:discover_packages(path) discover
[2.129s] Level 1:colcon.colcon_core.package_discovery:discover_packages(path) using defaults
[2.247s] Level 1:colcon.colcon_core.package_discovery:discover_packages(prefix_path) check parameters
[2.247s] Level 1:colcon.colcon_core.package_discovery:discover_packages(prefix_path) discover
[2.291s] DEBUG:colcon.colcon_installed_package_information.package_discovery:Found 3 installed packages in /home/dhonan/Workspace/webots-ros2-gateway/example/wsl_ros2/install
[2.314s] DEBUG:colcon.colcon_installed_package_information.package_discovery:Found 271 installed packages in /opt/ros/humble
[2.315s] Level 1:colcon.colcon_core.package_discovery:discover_packages(prefix_path) using defaults
[2.392s] Level 5:colcon.colcon_core.verb:set package 'wbtros2_example' build argument 'cmake_args' from command line to 'None'
[2.392s] Level 5:colcon.colcon_core.verb:set package 'wbtros2_example' build argument 'cmake_target' from command line to 'None'
[2.392s] Level 5:colcon.colcon_core.verb:set package 'wbtros2_example' build argument 'cmake_target_skip_unavailable' from command line to 'False'
[2.392s] Level 5:colcon.colcon_core.verb:set package 'wbtros2_example' build argument 'cmake_clean_cache' from command line to 'False'
[2.392s] Level 5:colcon.colcon_core.verb:set package 'wbtros2_example' build argument 'cmake_clean_first' from command line to 'False'
[2.392s] Level 5:colcon.colcon_core.verb:set package 'wbtros2_example' build argument 'cmake_force_configure' from command line to 'False'
[2.392s] Level 5:colcon.colcon_core.verb:set package 'wbtros2_example' build argument 'ament_cmake_args' from command line to 'None'
[2.392s] Level 5:colcon.colcon_core.verb:set package 'wbtros2_example' build argument 'catkin_cmake_args' from command line to 'None'
[2.393s] Level 5:colcon.colcon_core.verb:set package 'wbtros2_example' build argument 'catkin_skip_building_tests' from command line to 'False'
[2.393s] DEBUG:colcon.colcon_core.verb:Building package 'wbtros2_example' with the following arguments: {'ament_cmake_args': None, 'build_base': '/home/dhonan/Workspace/webots-ros2-gateway/example/wsl_ros2/build/wbtros2_example', 'catkin_cmake_args': None, 'catkin_skip_building_tests': False, 'cmake_args': None, 'cmake_clean_cache': False, 'cmake_clean_first': False, 'cmake_force_configure': False, 'cmake_target': None, 'cmake_target_skip_unavailable': False, 'install_base': '/home/dhonan/Workspace/webots-ros2-gateway/example/wsl_ros2/install/wbtros2_example', 'merge_install': False, 'path': '/home/dhonan/Workspace/webots-ros2-gateway/example/wsl_ros2/src/wbtros2_example', 'symlink_install': False, 'test_result_base': None}
[2.413s] Level 5:colcon.colcon_core.verb:set package 'wbtros2_interface' build argument 'cmake_args' from command line to 'None'
[2.414s] Level 5:colcon.colcon_core.verb:set package 'wbtros2_interface' build argument 'cmake_target' from command line to 'None'
[2.414s] Level 5:colcon.colcon_core.verb:set package 'wbtros2_interface' build argument 'cmake_target_skip_unavailable' from command line to 'False'
[2.414s] Level 5:colcon.colcon_core.verb:set package 'wbtros2_interface' build argument 'cmake_clean_cache' from command line to 'False'
[2.414s] Level 5:colcon.colcon_core.verb:set package 'wbtros2_interface' build argument 'cmake_clean_first' from command line to 'False'
[2.414s] Level 5:colcon.colcon_core.verb:set package 'wbtros2_interface' build argument 'cmake_force_configure' from command line to 'False'
[2.414s] Level 5:colcon.colcon_core.verb:set package 'wbtros2_interface' build argument 'ament_cmake_args' from command line to 'None'
[2.414s] Level 5:colcon.colcon_core.verb:set package 'wbtros2_interface' build argument 'catkin_cmake_args' from command line to 'None'
[2.414s] Level 5:colcon.colcon_core.verb:set package 'wbtros2_interface' build argument 'catkin_skip_building_tests' from command line to 'False'
[2.414s] DEBUG:colcon.colcon_core.verb:Building package 'wbtros2_interface' with the following arguments: {'ament_cmake_args': None, 'build_base': '/home/dhonan/Workspace/webots-ros2-gateway/example/wsl_ros2/build/wbtros2_interface', 'catkin_cmake_args': None, 'catkin_skip_building_tests': False, 'cmake_args': None, 'cmake_clean_cache': False, 'cmake_clean_first': False, 'cmake_force_configure': False, 'cmake_target': None, 'cmake_target_skip_unavailable': False, 'install_base': '/home/dhonan/Workspace/webots-ros2-gateway/example/wsl_ros2/install/wbtros2_interface', 'merge_install': False, 'path': '/home/dhonan/Workspace/webots-ros2-gateway/example/wsl_ros2/src/wbtros2_interface', 'symlink_install': False, 'test_result_base': None}
[2.433s] Level 5:colcon.colcon_core.verb:set package 'wbtros2_package' build argument 'cmake_args' from command line to 'None'
[2.433s] Level 5:colcon.colcon_core.verb:set package 'wbtros2_package' build argument 'cmake_target' from command line to 'None'
[2.433s] Level 5:colcon.colcon_core.verb:set package 'wbtros2_package' build argument 'cmake_target_skip_unavailable' from command line to 'False'
[2.433s] Level 5:colcon.colcon_core.verb:set package 'wbtros2_package' build argument 'cmake_clean_cache' from command line to 'False'
[2.434s] Level 5:colcon.colcon_core.verb:set package 'wbtros2_package' build argument 'cmake_clean_first' from command line to 'False'
[2.434s] Level 5:colcon.colcon_core.verb:set package 'wbtros2_package' build argument 'cmake_force_configure' from command line to 'False'
[2.434s] Level 5:colcon.colcon_core.verb:set package 'wbtros2_package' build argument 'ament_cmake_args' from command line to 'None'
[2.434s] Level 5:colcon.colcon_core.verb:set package 'wbtros2_package' build argument 'catkin_cmake_args' from command line to 'None'
[2.434s] Level 5:colcon.colcon_core.verb:set package 'wbtros2_package' build argument 'catkin_skip_building_tests' from command line to 'False'
[2.434s] DEBUG:colcon.colcon_core.verb:Building package 'wbtros2_package' with the following arguments: {'ament_cmake_args': None, 'build_base': '/home/dhonan/Workspace/webots-ros2-gateway/example/wsl_ros2/build/wbtros2_package', 'catkin_cmake_args': None, 'catkin_skip_building_tests': False, 'cmake_args': None, 'cmake_clean_cache': False, 'cmake_clean_first': False, 'cmake_force_configure': False, 'cmake_target': None, 'cmake_target_skip_unavailable': False, 'install_base': '/home/dhonan/Workspace/webots-ros2-gateway/example/wsl_ros2/install/wbtros2_package', 'merge_install': False, 'path': '/home/dhonan/Workspace/webots-ros2-gateway/example/wsl_ros2/src/wbtros2_package', 'symlink_install': False, 'test_result_base': None}
[2.455s] INFO:colcon.colcon_core.executor:Executing jobs using 'parallel' executor
[2.476s] DEBUG:colcon.colcon_parallel_executor.executor.parallel:run_until_complete
[2.476s] INFO:colcon.colcon_ros.task.ament_python.build:Building ROS package in '/home/dhonan/Workspace/webots-ros2-gateway/example/wsl_ros2/src/wbtros2_example' with build type 'ament_python'
[2.477s] Level 1:colcon.colcon_core.shell:create_environment_hook('wbtros2_example', 'ament_prefix_path')
[2.505s] INFO:colcon.colcon_core.plugin_system:Skipping extension 'colcon_core.shell.bat': Not used on non-Windows systems
[2.505s] INFO:colcon.colcon_core.shell:Creating environment hook '/home/dhonan/Workspace/webots-ros2-gateway/example/wsl_ros2/install/wbtros2_example/share/wbtros2_example/hook/ament_prefix_path.ps1'
[2.506s] INFO:colcon.colcon_core.shell:Creating environment descriptor '/home/dhonan/Workspace/webots-ros2-gateway/example/wsl_ros2/install/wbtros2_example/share/wbtros2_example/hook/ament_prefix_path.dsv'
[2.507s] INFO:colcon.colcon_core.shell:Creating environment hook '/home/dhonan/Workspace/webots-ros2-gateway/example/wsl_ros2/install/wbtros2_example/share/wbtros2_example/hook/ament_prefix_path.sh'
[2.529s] INFO:colcon.colcon_core.shell:Skip shell extension 'powershell' for command environment: Not usable outside of PowerShell
[2.529s] DEBUG:colcon.colcon_core.shell:Skip shell extension 'dsv' for command environment
[2.609s] INFO:colcon.colcon_ros.task.ament_cmake.build:Building ROS package in '/home/dhonan/Workspace/webots-ros2-gateway/example/wsl_ros2/src/wbtros2_interface' with build type 'ament_cmake'
[2.609s] INFO:colcon.colcon_cmake.task.cmake.build:Building CMake package in '/home/dhonan/Workspace/webots-ros2-gateway/example/wsl_ros2/src/wbtros2_interface'
[2.639s] INFO:colcon.colcon_core.shell:Skip shell extension 'powershell' for command environment: Not usable outside of PowerShell
[2.639s] DEBUG:colcon.colcon_core.shell:Skip shell extension 'dsv' for command environment
[2.726s] INFO:colcon.colcon_ros.task.ament_python.build:Building ROS package in '/home/dhonan/Workspace/webots-ros2-gateway/example/wsl_ros2/src/wbtros2_package' with build type 'ament_python'
[2.727s] Level 1:colcon.colcon_core.shell:create_environment_hook('wbtros2_package', 'ament_prefix_path')
[2.750s] INFO:colcon.colcon_core.shell:Creating environment hook '/home/dhonan/Workspace/webots-ros2-gateway/example/wsl_ros2/install/wbtros2_package/share/wbtros2_package/hook/ament_prefix_path.ps1'
[2.751s] INFO:colcon.colcon_core.shell:Creating environment descriptor '/home/dhonan/Workspace/webots-ros2-gateway/example/wsl_ros2/install/wbtros2_package/share/wbtros2_package/hook/ament_prefix_path.dsv'
[2.752s] INFO:colcon.colcon_core.shell:Creating environment hook '/home/dhonan/Workspace/webots-ros2-gateway/example/wsl_ros2/install/wbtros2_package/share/wbtros2_package/hook/ament_prefix_path.sh'
[2.775s] INFO:colcon.colcon_core.shell:Skip shell extension 'powershell' for command environment: Not usable outside of PowerShell
[2.775s] DEBUG:colcon.colcon_core.shell:Skip shell extension 'dsv' for command environment
[3.243s] INFO:colcon.colcon_core.task.python.build:Building Python package in '/home/dhonan/Workspace/webots-ros2-gateway/example/wsl_ros2/src/wbtros2_example'
[3.270s] INFO:colcon.colcon_core.shell:Skip shell extension 'powershell' for command environment: Not usable outside of PowerShell
[3.270s] DEBUG:colcon.colcon_core.shell:Skip shell extension 'dsv' for command environment
[3.361s] DEBUG:colcon.colcon_core.event_handler.log_command:Invoking command in '/home/dhonan/Workspace/webots-ros2-gateway/example/wsl_ros2/build/wbtros2_interface': CMAKE_PREFIX_PATH=${CMAKE_PREFIX_PATH}:/home/dhonan/Workspace/webots-ros2-gateway/example/wsl_ros2/install/wbtros2_package:/home/dhonan/Workspace/webots-ros2-gateway/example/wsl_ros2/install/wbtros2_example:/opt/ros/humble /usr/bin/cmake --build /home/dhonan/Workspace/webots-ros2-gateway/example/wsl_ros2/build/wbtros2_interface -- -j8 -l8
[3.760s] INFO:colcon.colcon_core.task.python.build:Building Python package in '/home/dhonan/Workspace/webots-ros2-gateway/example/wsl_ros2/src/wbtros2_package'
[3.780s] INFO:colcon.colcon_core.shell:Skip shell extension 'powershell' for command environment: Not usable outside of PowerShell
[3.780s] DEBUG:colcon.colcon_core.shell:Skip shell extension 'dsv' for command environment
[3.867s] DEBUG:colcon.colcon_core.event_handler.log_command:Invoked command in '/home/dhonan/Workspace/webots-ros2-gateway/example/wsl_ros2/build/wbtros2_interface' returned '0': CMAKE_PREFIX_PATH=${CMAKE_PREFIX_PATH}:/home/dhonan/Workspace/webots-ros2-gateway/example/wsl_ros2/install/wbtros2_package:/home/dhonan/Workspace/webots-ros2-gateway/example/wsl_ros2/install/wbtros2_example:/opt/ros/humble /usr/bin/cmake --build /home/dhonan/Workspace/webots-ros2-gateway/example/wsl_ros2/build/wbtros2_interface -- -j8 -l8
[3.951s] DEBUG:colcon.colcon_core.event_handler.log_command:Invoking command in '/home/dhonan/Workspace/webots-ros2-gateway/example/wsl_ros2/build/wbtros2_interface': CMAKE_PREFIX_PATH=${CMAKE_PREFIX_PATH}:/home/dhonan/Workspace/webots-ros2-gateway/example/wsl_ros2/install/wbtros2_package:/home/dhonan/Workspace/webots-ros2-gateway/example/wsl_ros2/install/wbtros2_example:/opt/ros/humble /usr/bin/cmake --install /home/dhonan/Workspace/webots-ros2-gateway/example/wsl_ros2/build/wbtros2_interface
[4.032s] Level 1:colcon.colcon_core.environment:create_environment_scripts_only(wbtros2_interface)
[4.035s] DEBUG:colcon.colcon_core.event_handler.log_command:Invoked command in '/home/dhonan/Workspace/webots-ros2-gateway/example/wsl_ros2/build/wbtros2_interface' returned '0': CMAKE_PREFIX_PATH=${CMAKE_PREFIX_PATH}:/home/dhonan/Workspace/webots-ros2-gateway/example/wsl_ros2/install/wbtros2_package:/home/dhonan/Workspace/webots-ros2-gateway/example/wsl_ros2/install/wbtros2_example:/opt/ros/humble /usr/bin/cmake --install /home/dhonan/Workspace/webots-ros2-gateway/example/wsl_ros2/build/wbtros2_interface
[4.069s] Level 1:colcon.colcon_core.environment:checking '/home/dhonan/Workspace/webots-ros2-gateway/example/wsl_ros2/install/wbtros2_interface' for CMake module files
[4.070s] Level 1:colcon.colcon_core.environment:checking '/home/dhonan/Workspace/webots-ros2-gateway/example/wsl_ros2/install/wbtros2_interface' for CMake config files
[4.070s] Level 1:colcon.colcon_core.shell:create_environment_hook('wbtros2_interface', 'cmake_prefix_path')
[4.099s] INFO:colcon.colcon_core.shell:Creating environment hook '/home/dhonan/Workspace/webots-ros2-gateway/example/wsl_ros2/install/wbtros2_interface/share/wbtros2_interface/hook/cmake_prefix_path.ps1'
[4.100s] INFO:colcon.colcon_core.shell:Creating environment descriptor '/home/dhonan/Workspace/webots-ros2-gateway/example/wsl_ros2/install/wbtros2_interface/share/wbtros2_interface/hook/cmake_prefix_path.dsv'
[4.100s] INFO:colcon.colcon_core.shell:Creating environment hook '/home/dhonan/Workspace/webots-ros2-gateway/example/wsl_ros2/install/wbtros2_interface/share/wbtros2_interface/hook/cmake_prefix_path.sh'
[4.101s] Level 1:colcon.colcon_core.environment:checking '/home/dhonan/Workspace/webots-ros2-gateway/example/wsl_ros2/install/wbtros2_interface/lib'
[4.101s] Level 1:colcon.colcon_core.shell:create_environment_hook('wbtros2_interface', 'ld_library_path_lib')
[4.126s] INFO:colcon.colcon_core.shell:Creating environment hook '/home/dhonan/Workspace/webots-ros2-gateway/example/wsl_ros2/install/wbtros2_interface/share/wbtros2_interface/hook/ld_library_path_lib.ps1'
[4.126s] INFO:colcon.colcon_core.shell:Creating environment descriptor '/home/dhonan/Workspace/webots-ros2-gateway/example/wsl_ros2/install/wbtros2_interface/share/wbtros2_interface/hook/ld_library_path_lib.dsv'
[4.127s] INFO:colcon.colcon_core.shell:Creating environment hook '/home/dhonan/Workspace/webots-ros2-gateway/example/wsl_ros2/install/wbtros2_interface/share/wbtros2_interface/hook/ld_library_path_lib.sh'
[4.128s] Level 1:colcon.colcon_core.environment:checking '/home/dhonan/Workspace/webots-ros2-gateway/example/wsl_ros2/install/wbtros2_interface/bin'
[4.128s] Level 1:colcon.colcon_core.environment:checking '/home/dhonan/Workspace/webots-ros2-gateway/example/wsl_ros2/install/wbtros2_interface/lib/pkgconfig/wbtros2_interface.pc'
[4.128s] Level 1:colcon.colcon_core.environment:checking '/home/dhonan/Workspace/webots-ros2-gateway/example/wsl_ros2/install/wbtros2_interface/lib/python3.10/site-packages'
[4.129s] Level 1:colcon.colcon_core.environment:checking '/home/dhonan/Workspace/webots-ros2-gateway/example/wsl_ros2/install/wbtros2_interface/bin'
[4.156s] INFO:colcon.colcon_core.shell:Creating package script '/home/dhonan/Workspace/webots-ros2-gateway/example/wsl_ros2/install/wbtros2_interface/share/wbtros2_interface/package.ps1'
[4.157s] INFO:colcon.colcon_core.shell:Creating package descriptor '/home/dhonan/Workspace/webots-ros2-gateway/example/wsl_ros2/install/wbtros2_interface/share/wbtros2_interface/package.dsv'
[4.157s] INFO:colcon.colcon_core.shell:Creating package script '/home/dhonan/Workspace/webots-ros2-gateway/example/wsl_ros2/install/wbtros2_interface/share/wbtros2_interface/package.sh'
[4.158s] INFO:colcon.colcon_core.shell:Creating package script '/home/dhonan/Workspace/webots-ros2-gateway/example/wsl_ros2/install/wbtros2_interface/share/wbtros2_interface/package.bash'
[4.159s] INFO:colcon.colcon_core.shell:Creating package script '/home/dhonan/Workspace/webots-ros2-gateway/example/wsl_ros2/install/wbtros2_interface/share/wbtros2_interface/package.zsh'
[4.159s] Level 1:colcon.colcon_core.environment:create_file_with_runtime_dependencies(/home/dhonan/Workspace/webots-ros2-gateway/example/wsl_ros2/install/wbtros2_interface/share/colcon-core/packages/wbtros2_interface)
[4.266s] Level 1:colcon.colcon_core.environment:create_environment_scripts_only(wbtros2_interface)
[4.289s] Level 1:colcon.colcon_core.environment:checking '/home/dhonan/Workspace/webots-ros2-gateway/example/wsl_ros2/install/wbtros2_interface' for CMake module files
[4.290s] Level 1:colcon.colcon_core.environment:checking '/home/dhonan/Workspace/webots-ros2-gateway/example/wsl_ros2/install/wbtros2_interface' for CMake config files
[4.290s] Level 1:colcon.colcon_core.shell:create_environment_hook('wbtros2_interface', 'cmake_prefix_path')
[4.320s] INFO:colcon.colcon_core.shell:Creating environment hook '/home/dhonan/Workspace/webots-ros2-gateway/example/wsl_ros2/install/wbtros2_interface/share/wbtros2_interface/hook/cmake_prefix_path.ps1'
[4.320s] INFO:colcon.colcon_core.shell:Creating environment descriptor '/home/dhonan/Workspace/webots-ros2-gateway/example/wsl_ros2/install/wbtros2_interface/share/wbtros2_interface/hook/cmake_prefix_path.dsv'
[4.321s] INFO:colcon.colcon_core.shell:Creating environment hook '/home/dhonan/Workspace/webots-ros2-gateway/example/wsl_ros2/install/wbtros2_interface/share/wbtros2_interface/hook/cmake_prefix_path.sh'
[4.321s] Level 1:colcon.colcon_core.environment:checking '/home/dhonan/Workspace/webots-ros2-gateway/example/wsl_ros2/install/wbtros2_interface/lib'
[4.321s] Level 1:colcon.colcon_core.shell:create_environment_hook('wbtros2_interface', 'ld_library_path_lib')
[4.344s] INFO:colcon.colcon_core.shell:Creating environment hook '/home/dhonan/Workspace/webots-ros2-gateway/example/wsl_ros2/install/wbtros2_interface/share/wbtros2_interface/hook/ld_library_path_lib.ps1'
[4.345s] INFO:colcon.colcon_core.shell:Creating environment descriptor '/home/dhonan/Workspace/webots-ros2-gateway/example/wsl_ros2/install/wbtros2_interface/share/wbtros2_interface/hook/ld_library_path_lib.dsv'
[4.346s] INFO:colcon.colcon_core.shell:Creating environment hook '/home/dhonan/Workspace/webots-ros2-gateway/example/wsl_ros2/install/wbtros2_interface/share/wbtros2_interface/hook/ld_library_path_lib.sh'
[4.347s] Level 1:colcon.colcon_core.environment:checking '/home/dhonan/Workspace/webots-ros2-gateway/example/wsl_ros2/install/wbtros2_interface/bin'
[4.347s] Level 1:colcon.colcon_core.environment:checking '/home/dhonan/Workspace/webots-ros2-gateway/example/wsl_ros2/install/wbtros2_interface/lib/pkgconfig/wbtros2_interface.pc'
[4.347s] Level 1:colcon.colcon_core.environment:checking '/home/dhonan/Workspace/webots-ros2-gateway/example/wsl_ros2/install/wbtros2_interface/lib/python3.10/site-packages'
[4.347s] Level 1:colcon.colcon_core.environment:checking '/home/dhonan/Workspace/webots-ros2-gateway/example/wsl_ros2/install/wbtros2_interface/bin'
[4.368s] INFO:colcon.colcon_core.shell:Creating package script '/home/dhonan/Workspace/webots-ros2-gateway/example/wsl_ros2/install/wbtros2_interface/share/wbtros2_interface/package.ps1'
[4.369s] INFO:colcon.colcon_core.shell:Creating package descriptor '/home/dhonan/Workspace/webots-ros2-gateway/example/wsl_ros2/install/wbtros2_interface/share/wbtros2_interface/package.dsv'
[4.370s] INFO:colcon.colcon_core.shell:Creating package script '/home/dhonan/Workspace/webots-ros2-gateway/example/wsl_ros2/install/wbtros2_interface/share/wbtros2_interface/package.sh'
[4.370s] INFO:colcon.colcon_core.shell:Creating package script '/home/dhonan/Workspace/webots-ros2-gateway/example/wsl_ros2/install/wbtros2_interface/share/wbtros2_interface/package.bash'
[4.371s] INFO:colcon.colcon_core.shell:Creating package script '/home/dhonan/Workspace/webots-ros2-gateway/example/wsl_ros2/install/wbtros2_interface/share/wbtros2_interface/package.zsh'
[4.371s] Level 1:colcon.colcon_core.environment:create_file_with_runtime_dependencies(/home/dhonan/Workspace/webots-ros2-gateway/example/wsl_ros2/install/wbtros2_interface/share/colcon-core/packages/wbtros2_interface)
[4.414s] DEBUG:colcon.colcon_core.event_handler.log_command:Invoking command in '/home/dhonan/Workspace/webots-ros2-gateway/example/wsl_ros2/src/wbtros2_example': PYTHONPATH=/home/dhonan/Workspace/webots-ros2-gateway/example/wsl_ros2/build/wbtros2_example/prefix_override:/home/dhonan/Workspace/webots-ros2-gateway/example/wsl_ros2/install/wbtros2_example/lib/python3.10/site-packages:${PYTHONPATH} /usr/bin/python3 setup.py egg_info --egg-base ../../build/wbtros2_example build --build-base /home/dhonan/Workspace/webots-ros2-gateway/example/wsl_ros2/build/wbtros2_example/build install --record /home/dhonan/Workspace/webots-ros2-gateway/example/wsl_ros2/build/wbtros2_example/install.log --single-version-externally-managed
[4.432s] DEBUG:colcon.colcon_core.event_handler.log_command:Invoking command in '/home/dhonan/Workspace/webots-ros2-gateway/example/wsl_ros2/src/wbtros2_package': PYTHONPATH=/home/dhonan/Workspace/webots-ros2-gateway/example/wsl_ros2/build/wbtros2_package/prefix_override:/home/dhonan/Workspace/webots-ros2-gateway/example/wsl_ros2/install/wbtros2_package/lib/python3.10/site-packages:${PYTHONPATH} /usr/bin/python3 setup.py egg_info --egg-base ../../build/wbtros2_package build --build-base /home/dhonan/Workspace/webots-ros2-gateway/example/wsl_ros2/build/wbtros2_package/build install --record /home/dhonan/Workspace/webots-ros2-gateway/example/wsl_ros2/build/wbtros2_package/install.log --single-version-externally-managed
[4.813s] DEBUG:colcon.colcon_core.event_handler.log_command:Invoked command in '/home/dhonan/Workspace/webots-ros2-gateway/example/wsl_ros2/src/wbtros2_example' returned '0': PYTHONPATH=/home/dhonan/Workspace/webots-ros2-gateway/example/wsl_ros2/build/wbtros2_example/prefix_override:/home/dhonan/Workspace/webots-ros2-gateway/example/wsl_ros2/install/wbtros2_example/lib/python3.10/site-packages:${PYTHONPATH} /usr/bin/python3 setup.py egg_info --egg-base ../../build/wbtros2_example build --build-base /home/dhonan/Workspace/webots-ros2-gateway/example/wsl_ros2/build/wbtros2_example/build install --record /home/dhonan/Workspace/webots-ros2-gateway/example/wsl_ros2/build/wbtros2_example/install.log --single-version-externally-managed
[4.837s] Level 1:colcon.colcon_core.environment:checking '/home/dhonan/Workspace/webots-ros2-gateway/example/wsl_ros2/install/wbtros2_example' for CMake module files
[4.837s] Level 1:colcon.colcon_core.environment:checking '/home/dhonan/Workspace/webots-ros2-gateway/example/wsl_ros2/install/wbtros2_example' for CMake config files
[4.838s] Level 1:colcon.colcon_core.environment:checking '/home/dhonan/Workspace/webots-ros2-gateway/example/wsl_ros2/install/wbtros2_example/lib'
[4.838s] Level 1:colcon.colcon_core.environment:checking '/home/dhonan/Workspace/webots-ros2-gateway/example/wsl_ros2/install/wbtros2_example/bin'
[4.838s] Level 1:colcon.colcon_core.environment:checking '/home/dhonan/Workspace/webots-ros2-gateway/example/wsl_ros2/install/wbtros2_example/lib/pkgconfig/wbtros2_example.pc'
[4.839s] Level 1:colcon.colcon_core.environment:checking '/home/dhonan/Workspace/webots-ros2-gateway/example/wsl_ros2/install/wbtros2_example/lib/python3.10/site-packages'
[4.839s] Level 1:colcon.colcon_core.shell:create_environment_hook('wbtros2_example', 'pythonpath')
[4.860s] INFO:colcon.colcon_core.shell:Creating environment hook '/home/dhonan/Workspace/webots-ros2-gateway/example/wsl_ros2/install/wbtros2_example/share/wbtros2_example/hook/pythonpath.ps1'
[4.860s] INFO:colcon.colcon_core.shell:Creating environment descriptor '/home/dhonan/Workspace/webots-ros2-gateway/example/wsl_ros2/install/wbtros2_example/share/wbtros2_example/hook/pythonpath.dsv'
[4.861s] INFO:colcon.colcon_core.shell:Creating environment hook '/home/dhonan/Workspace/webots-ros2-gateway/example/wsl_ros2/install/wbtros2_example/share/wbtros2_example/hook/pythonpath.sh'
[4.862s] Level 1:colcon.colcon_core.environment:checking '/home/dhonan/Workspace/webots-ros2-gateway/example/wsl_ros2/install/wbtros2_example/bin'
[4.862s] Level 1:colcon.colcon_core.environment:create_environment_scripts_only(wbtros2_example)
[4.883s] INFO:colcon.colcon_core.shell:Creating package script '/home/dhonan/Workspace/webots-ros2-gateway/example/wsl_ros2/install/wbtros2_example/share/wbtros2_example/package.ps1'
[4.884s] INFO:colcon.colcon_core.shell:Creating package descriptor '/home/dhonan/Workspace/webots-ros2-gateway/example/wsl_ros2/install/wbtros2_example/share/wbtros2_example/package.dsv'
[4.886s] INFO:colcon.colcon_core.shell:Creating package script '/home/dhonan/Workspace/webots-ros2-gateway/example/wsl_ros2/install/wbtros2_example/share/wbtros2_example/package.sh'
[4.886s] INFO:colcon.colcon_core.shell:Creating package script '/home/dhonan/Workspace/webots-ros2-gateway/example/wsl_ros2/install/wbtros2_example/share/wbtros2_example/package.bash'
[4.886s] INFO:colcon.colcon_core.shell:Creating package script '/home/dhonan/Workspace/webots-ros2-gateway/example/wsl_ros2/install/wbtros2_example/share/wbtros2_example/package.zsh'
[4.887s] Level 1:colcon.colcon_core.environment:create_file_with_runtime_dependencies(/home/dhonan/Workspace/webots-ros2-gateway/example/wsl_ros2/install/wbtros2_example/share/colcon-core/packages/wbtros2_example)
[4.891s] DEBUG:colcon.colcon_core.event_handler.log_command:Invoked command in '/home/dhonan/Workspace/webots-ros2-gateway/example/wsl_ros2/src/wbtros2_package' returned '0': PYTHONPATH=/home/dhonan/Workspace/webots-ros2-gateway/example/wsl_ros2/build/wbtros2_package/prefix_override:/home/dhonan/Workspace/webots-ros2-gateway/example/wsl_ros2/install/wbtros2_package/lib/python3.10/site-packages:${PYTHONPATH} /usr/bin/python3 setup.py egg_info --egg-base ../../build/wbtros2_package build --build-base /home/dhonan/Workspace/webots-ros2-gateway/example/wsl_ros2/build/wbtros2_package/build install --record /home/dhonan/Workspace/webots-ros2-gateway/example/wsl_ros2/build/wbtros2_package/install.log --single-version-externally-managed
[4.916s] Level 1:colcon.colcon_core.environment:checking '/home/dhonan/Workspace/webots-ros2-gateway/example/wsl_ros2/install/wbtros2_package' for CMake module files
[4.916s] Level 1:colcon.colcon_core.environment:checking '/home/dhonan/Workspace/webots-ros2-gateway/example/wsl_ros2/install/wbtros2_package' for CMake config files
[4.917s] Level 1:colcon.colcon_core.environment:checking '/home/dhonan/Workspace/webots-ros2-gateway/example/wsl_ros2/install/wbtros2_package/lib'
[4.917s] Level 1:colcon.colcon_core.environment:checking '/home/dhonan/Workspace/webots-ros2-gateway/example/wsl_ros2/install/wbtros2_package/bin'
[4.917s] Level 1:colcon.colcon_core.environment:checking '/home/dhonan/Workspace/webots-ros2-gateway/example/wsl_ros2/install/wbtros2_package/lib/pkgconfig/wbtros2_package.pc'
[4.917s] Level 1:colcon.colcon_core.environment:checking '/home/dhonan/Workspace/webots-ros2-gateway/example/wsl_ros2/install/wbtros2_package/lib/python3.10/site-packages'
[4.917s] Level 1:colcon.colcon_core.shell:create_environment_hook('wbtros2_package', 'pythonpath')
[4.938s] INFO:colcon.colcon_core.shell:Creating environment hook '/home/dhonan/Workspace/webots-ros2-gateway/example/wsl_ros2/install/wbtros2_package/share/wbtros2_package/hook/pythonpath.ps1'
[4.939s] INFO:colcon.colcon_core.shell:Creating environment descriptor '/home/dhonan/Workspace/webots-ros2-gateway/example/wsl_ros2/install/wbtros2_package/share/wbtros2_package/hook/pythonpath.dsv'
[4.939s] INFO:colcon.colcon_core.shell:Creating environment hook '/home/dhonan/Workspace/webots-ros2-gateway/example/wsl_ros2/install/wbtros2_package/share/wbtros2_package/hook/pythonpath.sh'
[4.940s] Level 1:colcon.colcon_core.environment:checking '/home/dhonan/Workspace/webots-ros2-gateway/example/wsl_ros2/install/wbtros2_package/bin'
[4.940s] Level 1:colcon.colcon_core.environment:create_environment_scripts_only(wbtros2_package)
[4.962s] INFO:colcon.colcon_core.shell:Creating package script '/home/dhonan/Workspace/webots-ros2-gateway/example/wsl_ros2/install/wbtros2_package/share/wbtros2_package/package.ps1'
[4.962s] INFO:colcon.colcon_core.shell:Creating package descriptor '/home/dhonan/Workspace/webots-ros2-gateway/example/wsl_ros2/install/wbtros2_package/share/wbtros2_package/package.dsv'
[4.963s] INFO:colcon.colcon_core.shell:Creating package script '/home/dhonan/Workspace/webots-ros2-gateway/example/wsl_ros2/install/wbtros2_package/share/wbtros2_package/package.sh'
[4.964s] INFO:colcon.colcon_core.shell:Creating package script '/home/dhonan/Workspace/webots-ros2-gateway/example/wsl_ros2/install/wbtros2_package/share/wbtros2_package/package.bash'
[4.964s] INFO:colcon.colcon_core.shell:Creating package script '/home/dhonan/Workspace/webots-ros2-gateway/example/wsl_ros2/install/wbtros2_package/share/wbtros2_package/package.zsh'
[4.965s] Level 1:colcon.colcon_core.environment:create_file_with_runtime_dependencies(/home/dhonan/Workspace/webots-ros2-gateway/example/wsl_ros2/install/wbtros2_package/share/colcon-core/packages/wbtros2_package)
[4.965s] DEBUG:colcon.colcon_parallel_executor.executor.parallel:closing loop
[4.966s] DEBUG:colcon.colcon_parallel_executor.executor.parallel:loop closed
[4.966s] DEBUG:colcon.colcon_parallel_executor.executor.parallel:run_until_complete finished with '0'
[4.966s] DEBUG:colcon.colcon_core.event_reactor:joining thread
[4.995s] INFO:colcon.colcon_core.plugin_system:Skipping extension 'colcon_notification.desktop_notification.terminal_notifier': Not used on non-Darwin systems
[4.996s] INFO:colcon.colcon_core.plugin_system:Skipping extension 'colcon_notification.desktop_notification.win32': Not used on non-Windows systems
[4.996s] INFO:colcon.colcon_notification.desktop_notification:Sending desktop notification using 'notify2'
[4.997s] DEBUG:colcon.colcon_notification.desktop_notification.notify2:Failed to initialize notify2: org.freedesktop.DBus.Error.ServiceUnknown: The name org.freedesktop.Notifications was not provided by any .service files
[4.998s] DEBUG:colcon.colcon_core.event_reactor:joined thread
[5.033s] INFO:colcon.colcon_core.shell:Creating prefix script '/home/dhonan/Workspace/webots-ros2-gateway/example/wsl_ros2/install/local_setup.ps1'
[5.034s] INFO:colcon.colcon_core.shell:Creating prefix util module '/home/dhonan/Workspace/webots-ros2-gateway/example/wsl_ros2/install/_local_setup_util_ps1.py'
[5.035s] INFO:colcon.colcon_core.shell:Creating prefix chain script '/home/dhonan/Workspace/webots-ros2-gateway/example/wsl_ros2/install/setup.ps1'
[5.058s] INFO:colcon.colcon_core.shell:Creating prefix script '/home/dhonan/Workspace/webots-ros2-gateway/example/wsl_ros2/install/local_setup.sh'
[5.059s] INFO:colcon.colcon_core.shell:Creating prefix util module '/home/dhonan/Workspace/webots-ros2-gateway/example/wsl_ros2/install/_local_setup_util_sh.py'
[5.059s] INFO:colcon.colcon_core.shell:Creating prefix chain script '/home/dhonan/Workspace/webots-ros2-gateway/example/wsl_ros2/install/setup.sh'
[5.083s] INFO:colcon.colcon_core.shell:Creating prefix script '/home/dhonan/Workspace/webots-ros2-gateway/example/wsl_ros2/install/local_setup.bash'
[5.084s] INFO:colcon.colcon_core.shell:Creating prefix chain script '/home/dhonan/Workspace/webots-ros2-gateway/example/wsl_ros2/install/setup.bash'
[5.105s] INFO:colcon.colcon_core.shell:Creating prefix script '/home/dhonan/Workspace/webots-ros2-gateway/example/wsl_ros2/install/local_setup.zsh'
[5.105s] INFO:colcon.colcon_core.shell:Creating prefix chain script '/home/dhonan/Workspace/webots-ros2-gateway/example/wsl_ros2/install/setup.zsh'
