[0.696s] Invoking command in '/home/dhonan/Workspace/webots-ros2-gateway/example/wsl_ros2/build/wbtros2_interface': CMAKE_PREFIX_PATH=${CMAKE_PREFIX_PATH}:/home/dhonan/Workspace/webots-ros2-gateway/example/wsl_ros2/install/wbtros2_package:/home/dhonan/Workspace/webots-ros2-gateway/example/wsl_ros2/install/wbtros2_example:/opt/ros/humble /usr/bin/cmake --build /home/dhonan/Workspace/webots-ros2-gateway/example/wsl_ros2/build/wbtros2_interface -- -j8 -l8
[0.760s] [  9%] Built target wbtros2_interface__rosidl_generator_c
[0.760s] [ 12%] Built target wbtros2_interface__cpp
[0.771s] [ 12%] Built target ament_cmake_python_copy_wbtros2_interface
[0.799s] [ 22%] Built target wbtros2_interface__rosidl_typesupport_introspection_c
[0.802s] [ 32%] Built target wbtros2_interface__rosidl_typesupport_fastrtps_c
[0.809s] [ 41%] Built target wbtros2_interface__rosidl_typesupport_c
[0.814s] [ 51%] Built target wbtros2_interface__rosidl_typesupport_introspection_cpp
[0.815s] [ 61%] Built target wbtros2_interface__rosidl_typesupport_cpp
[0.824s] [ 70%] Built target wbtros2_interface__rosidl_typesupport_fastrtps_cpp
[0.849s] [ 70%] Built target wbtros2_interface
[0.873s] [ 74%] Built target wbtros2_interface__py
[0.895s] [ 80%] Built target wbtros2_interface__rosidl_generator_py
[0.924s] [ 93%] Built target wbtros2_interface__rosidl_typesupport_fastrtps_c__pyext
[0.924s] [ 93%] Built target wbtros2_interface__rosidl_typesupport_c__pyext
[0.926s] [100%] Built target wbtros2_interface__rosidl_typesupport_introspection_c__pyext
[1.164s] running egg_info
[1.164s] writing wbtros2_interface.egg-info/PKG-INFO
[1.165s] writing dependency_links to wbtros2_interface.egg-info/dependency_links.txt
[1.165s] writing top-level names to wbtros2_interface.egg-info/top_level.txt
[1.169s] reading manifest file 'wbtros2_interface.egg-info/SOURCES.txt'
[1.170s] writing manifest file 'wbtros2_interface.egg-info/SOURCES.txt'
[1.211s] [100%] Built target ament_cmake_python_build_wbtros2_interface_egg
[1.258s] Invoked command in '/home/dhonan/Workspace/webots-ros2-gateway/example/wsl_ros2/build/wbtros2_interface' returned '0': CMAKE_PREFIX_PATH=${CMAKE_PREFIX_PATH}:/home/dhonan/Workspace/webots-ros2-gateway/example/wsl_ros2/install/wbtros2_package:/home/dhonan/Workspace/webots-ros2-gateway/example/wsl_ros2/install/wbtros2_example:/opt/ros/humble /usr/bin/cmake --build /home/dhonan/Workspace/webots-ros2-gateway/example/wsl_ros2/build/wbtros2_interface -- -j8 -l8
[1.349s] Invoking command in '/home/dhonan/Workspace/webots-ros2-gateway/example/wsl_ros2/build/wbtros2_interface': CMAKE_PREFIX_PATH=${CMAKE_PREFIX_PATH}:/home/dhonan/Workspace/webots-ros2-gateway/example/wsl_ros2/install/wbtros2_package:/home/dhonan/Workspace/webots-ros2-gateway/example/wsl_ros2/install/wbtros2_example:/opt/ros/humble /usr/bin/cmake --install /home/dhonan/Workspace/webots-ros2-gateway/example/wsl_ros2/build/wbtros2_interface
[1.359s] -- Install configuration: ""
[1.359s] -- Up-to-date: /home/dhonan/Workspace/webots-ros2-gateway/example/wsl_ros2/install/wbtros2_interface/share/ament_index/resource_index/rosidl_interfaces/wbtros2_interface
[1.359s] -- Up-to-date: /home/dhonan/Workspace/webots-ros2-gateway/example/wsl_ros2/install/wbtros2_interface/include/wbtros2_interface/wbtros2_interface
[1.360s] -- Up-to-date: /home/dhonan/Workspace/webots-ros2-gateway/example/wsl_ros2/install/wbtros2_interface/include/wbtros2_interface/wbtros2_interface/msg
[1.360s] -- Up-to-date: /home/dhonan/Workspace/webots-ros2-gateway/example/wsl_ros2/install/wbtros2_interface/include/wbtros2_interface/wbtros2_interface/msg/detail
[1.360s] -- Up-to-date: /home/dhonan/Workspace/webots-ros2-gateway/example/wsl_ros2/install/wbtros2_interface/include/wbtros2_interface/wbtros2_interface/msg/detail/wbtros2__functions.h
[1.360s] -- Up-to-date: /home/dhonan/Workspace/webots-ros2-gateway/example/wsl_ros2/install/wbtros2_interface/include/wbtros2_interface/wbtros2_interface/msg/detail/wbtros2__struct.h
[1.361s] -- Up-to-date: /home/dhonan/Workspace/webots-ros2-gateway/example/wsl_ros2/install/wbtros2_interface/include/wbtros2_interface/wbtros2_interface/msg/detail/wbtros2__functions.c
[1.361s] -- Up-to-date: /home/dhonan/Workspace/webots-ros2-gateway/example/wsl_ros2/install/wbtros2_interface/include/wbtros2_interface/wbtros2_interface/msg/detail/wbtros2__type_support.h
[1.361s] -- Up-to-date: /home/dhonan/Workspace/webots-ros2-gateway/example/wsl_ros2/install/wbtros2_interface/include/wbtros2_interface/wbtros2_interface/msg/wbtros2.h
[1.361s] -- Up-to-date: /home/dhonan/Workspace/webots-ros2-gateway/example/wsl_ros2/install/wbtros2_interface/include/wbtros2_interface/wbtros2_interface/msg/rosidl_generator_c__visibility_control.h
[1.362s] -- Up-to-date: /home/dhonan/Workspace/webots-ros2-gateway/example/wsl_ros2/install/wbtros2_interface/share/wbtros2_interface/environment/library_path.sh
[1.362s] -- Up-to-date: /home/dhonan/Workspace/webots-ros2-gateway/example/wsl_ros2/install/wbtros2_interface/share/wbtros2_interface/environment/library_path.dsv
[1.362s] -- Up-to-date: /home/dhonan/Workspace/webots-ros2-gateway/example/wsl_ros2/install/wbtros2_interface/lib/libwbtros2_interface__rosidl_generator_c.so
[1.362s] -- Up-to-date: /home/dhonan/Workspace/webots-ros2-gateway/example/wsl_ros2/install/wbtros2_interface/include/wbtros2_interface/wbtros2_interface
[1.363s] -- Up-to-date: /home/dhonan/Workspace/webots-ros2-gateway/example/wsl_ros2/install/wbtros2_interface/include/wbtros2_interface/wbtros2_interface/msg
[1.363s] -- Up-to-date: /home/dhonan/Workspace/webots-ros2-gateway/example/wsl_ros2/install/wbtros2_interface/include/wbtros2_interface/wbtros2_interface/msg/detail
[1.363s] -- Up-to-date: /home/dhonan/Workspace/webots-ros2-gateway/example/wsl_ros2/install/wbtros2_interface/include/wbtros2_interface/wbtros2_interface/msg/detail/wbtros2__rosidl_typesupport_fastrtps_c.h
[1.363s] -- Up-to-date: /home/dhonan/Workspace/webots-ros2-gateway/example/wsl_ros2/install/wbtros2_interface/include/wbtros2_interface/wbtros2_interface/msg/rosidl_typesupport_fastrtps_c__visibility_control.h
[1.364s] -- Up-to-date: /home/dhonan/Workspace/webots-ros2-gateway/example/wsl_ros2/install/wbtros2_interface/lib/libwbtros2_interface__rosidl_typesupport_fastrtps_c.so
[1.364s] -- Up-to-date: /home/dhonan/Workspace/webots-ros2-gateway/example/wsl_ros2/install/wbtros2_interface/include/wbtros2_interface/wbtros2_interface
[1.364s] -- Up-to-date: /home/dhonan/Workspace/webots-ros2-gateway/example/wsl_ros2/install/wbtros2_interface/include/wbtros2_interface/wbtros2_interface/msg
[1.364s] -- Up-to-date: /home/dhonan/Workspace/webots-ros2-gateway/example/wsl_ros2/install/wbtros2_interface/include/wbtros2_interface/wbtros2_interface/msg/wbtros2.hpp
[1.365s] -- Up-to-date: /home/dhonan/Workspace/webots-ros2-gateway/example/wsl_ros2/install/wbtros2_interface/include/wbtros2_interface/wbtros2_interface/msg/detail
[1.365s] -- Up-to-date: /home/dhonan/Workspace/webots-ros2-gateway/example/wsl_ros2/install/wbtros2_interface/include/wbtros2_interface/wbtros2_interface/msg/detail/wbtros2__traits.hpp
[1.365s] -- Up-to-date: /home/dhonan/Workspace/webots-ros2-gateway/example/wsl_ros2/install/wbtros2_interface/include/wbtros2_interface/wbtros2_interface/msg/detail/wbtros2__struct.hpp
[1.366s] -- Up-to-date: /home/dhonan/Workspace/webots-ros2-gateway/example/wsl_ros2/install/wbtros2_interface/include/wbtros2_interface/wbtros2_interface/msg/detail/wbtros2__builder.hpp
[1.366s] -- Up-to-date: /home/dhonan/Workspace/webots-ros2-gateway/example/wsl_ros2/install/wbtros2_interface/include/wbtros2_interface/wbtros2_interface
[1.366s] -- Up-to-date: /home/dhonan/Workspace/webots-ros2-gateway/example/wsl_ros2/install/wbtros2_interface/include/wbtros2_interface/wbtros2_interface/msg
[1.367s] -- Up-to-date: /home/dhonan/Workspace/webots-ros2-gateway/example/wsl_ros2/install/wbtros2_interface/include/wbtros2_interface/wbtros2_interface/msg/rosidl_typesupport_fastrtps_cpp__visibility_control.h
[1.367s] -- Up-to-date: /home/dhonan/Workspace/webots-ros2-gateway/example/wsl_ros2/install/wbtros2_interface/include/wbtros2_interface/wbtros2_interface/msg/detail
[1.367s] -- Up-to-date: /home/dhonan/Workspace/webots-ros2-gateway/example/wsl_ros2/install/wbtros2_interface/include/wbtros2_interface/wbtros2_interface/msg/detail/dds_fastrtps
[1.367s] -- Up-to-date: /home/dhonan/Workspace/webots-ros2-gateway/example/wsl_ros2/install/wbtros2_interface/include/wbtros2_interface/wbtros2_interface/msg/detail/wbtros2__rosidl_typesupport_fastrtps_cpp.hpp
[1.367s] -- Up-to-date: /home/dhonan/Workspace/webots-ros2-gateway/example/wsl_ros2/install/wbtros2_interface/lib/libwbtros2_interface__rosidl_typesupport_fastrtps_cpp.so
[1.367s] -- Up-to-date: /home/dhonan/Workspace/webots-ros2-gateway/example/wsl_ros2/install/wbtros2_interface/include/wbtros2_interface/wbtros2_interface
[1.368s] -- Up-to-date: /home/dhonan/Workspace/webots-ros2-gateway/example/wsl_ros2/install/wbtros2_interface/include/wbtros2_interface/wbtros2_interface/msg
[1.368s] -- Up-to-date: /home/dhonan/Workspace/webots-ros2-gateway/example/wsl_ros2/install/wbtros2_interface/include/wbtros2_interface/wbtros2_interface/msg/detail
[1.368s] -- Up-to-date: /home/dhonan/Workspace/webots-ros2-gateway/example/wsl_ros2/install/wbtros2_interface/include/wbtros2_interface/wbtros2_interface/msg/detail/wbtros2__type_support.c
[1.368s] -- Up-to-date: /home/dhonan/Workspace/webots-ros2-gateway/example/wsl_ros2/install/wbtros2_interface/include/wbtros2_interface/wbtros2_interface/msg/detail/wbtros2__rosidl_typesupport_introspection_c.h
[1.368s] -- Up-to-date: /home/dhonan/Workspace/webots-ros2-gateway/example/wsl_ros2/install/wbtros2_interface/include/wbtros2_interface/wbtros2_interface/msg/rosidl_typesupport_introspection_c__visibility_control.h
[1.368s] -- Up-to-date: /home/dhonan/Workspace/webots-ros2-gateway/example/wsl_ros2/install/wbtros2_interface/lib/libwbtros2_interface__rosidl_typesupport_introspection_c.so
[1.368s] -- Up-to-date: /home/dhonan/Workspace/webots-ros2-gateway/example/wsl_ros2/install/wbtros2_interface/lib/libwbtros2_interface__rosidl_typesupport_c.so
[1.368s] -- Up-to-date: /home/dhonan/Workspace/webots-ros2-gateway/example/wsl_ros2/install/wbtros2_interface/include/wbtros2_interface/wbtros2_interface
[1.368s] -- Up-to-date: /home/dhonan/Workspace/webots-ros2-gateway/example/wsl_ros2/install/wbtros2_interface/include/wbtros2_interface/wbtros2_interface/msg
[1.369s] -- Up-to-date: /home/dhonan/Workspace/webots-ros2-gateway/example/wsl_ros2/install/wbtros2_interface/include/wbtros2_interface/wbtros2_interface/msg/detail
[1.369s] -- Up-to-date: /home/dhonan/Workspace/webots-ros2-gateway/example/wsl_ros2/install/wbtros2_interface/include/wbtros2_interface/wbtros2_interface/msg/detail/wbtros2__type_support.cpp
[1.369s] -- Up-to-date: /home/dhonan/Workspace/webots-ros2-gateway/example/wsl_ros2/install/wbtros2_interface/include/wbtros2_interface/wbtros2_interface/msg/detail/wbtros2__rosidl_typesupport_introspection_cpp.hpp
[1.369s] -- Up-to-date: /home/dhonan/Workspace/webots-ros2-gateway/example/wsl_ros2/install/wbtros2_interface/lib/libwbtros2_interface__rosidl_typesupport_introspection_cpp.so
[1.369s] -- Up-to-date: /home/dhonan/Workspace/webots-ros2-gateway/example/wsl_ros2/install/wbtros2_interface/lib/libwbtros2_interface__rosidl_typesupport_cpp.so
[1.369s] -- Up-to-date: /home/dhonan/Workspace/webots-ros2-gateway/example/wsl_ros2/install/wbtros2_interface/share/wbtros2_interface/environment/pythonpath.sh
[1.369s] -- Up-to-date: /home/dhonan/Workspace/webots-ros2-gateway/example/wsl_ros2/install/wbtros2_interface/share/wbtros2_interface/environment/pythonpath.dsv
[1.369s] -- Up-to-date: /home/dhonan/Workspace/webots-ros2-gateway/example/wsl_ros2/install/wbtros2_interface/local/lib/python3.10/dist-packages/wbtros2_interface-0.0.0-py3.10.egg-info
[1.369s] -- Installing: /home/dhonan/Workspace/webots-ros2-gateway/example/wsl_ros2/install/wbtros2_interface/local/lib/python3.10/dist-packages/wbtros2_interface-0.0.0-py3.10.egg-info/top_level.txt
[1.370s] -- Installing: /home/dhonan/Workspace/webots-ros2-gateway/example/wsl_ros2/install/wbtros2_interface/local/lib/python3.10/dist-packages/wbtros2_interface-0.0.0-py3.10.egg-info/SOURCES.txt
[1.370s] -- Installing: /home/dhonan/Workspace/webots-ros2-gateway/example/wsl_ros2/install/wbtros2_interface/local/lib/python3.10/dist-packages/wbtros2_interface-0.0.0-py3.10.egg-info/dependency_links.txt
[1.370s] -- Installing: /home/dhonan/Workspace/webots-ros2-gateway/example/wsl_ros2/install/wbtros2_interface/local/lib/python3.10/dist-packages/wbtros2_interface-0.0.0-py3.10.egg-info/PKG-INFO
[1.370s] -- Up-to-date: /home/dhonan/Workspace/webots-ros2-gateway/example/wsl_ros2/install/wbtros2_interface/local/lib/python3.10/dist-packages/wbtros2_interface
[1.370s] -- Up-to-date: /home/dhonan/Workspace/webots-ros2-gateway/example/wsl_ros2/install/wbtros2_interface/local/lib/python3.10/dist-packages/wbtros2_interface/_wbtros2_interface_s.ep.rosidl_typesupport_c.c
[1.370s] -- Up-to-date: /home/dhonan/Workspace/webots-ros2-gateway/example/wsl_ros2/install/wbtros2_interface/local/lib/python3.10/dist-packages/wbtros2_interface/wbtros2_interface_s__rosidl_typesupport_c.cpython-310-x86_64-linux-gnu.so
[1.371s] -- Up-to-date: /home/dhonan/Workspace/webots-ros2-gateway/example/wsl_ros2/install/wbtros2_interface/local/lib/python3.10/dist-packages/wbtros2_interface/_wbtros2_interface_s.ep.rosidl_typesupport_introspection_c.c
[1.372s] -- Up-to-date: /home/dhonan/Workspace/webots-ros2-gateway/example/wsl_ros2/install/wbtros2_interface/local/lib/python3.10/dist-packages/wbtros2_interface/libwbtros2_interface__rosidl_generator_py.so
[1.372s] -- Up-to-date: /home/dhonan/Workspace/webots-ros2-gateway/example/wsl_ros2/install/wbtros2_interface/local/lib/python3.10/dist-packages/wbtros2_interface/_wbtros2_interface_s.ep.rosidl_typesupport_fastrtps_c.c
[1.372s] -- Up-to-date: /home/dhonan/Workspace/webots-ros2-gateway/example/wsl_ros2/install/wbtros2_interface/local/lib/python3.10/dist-packages/wbtros2_interface/msg
[1.372s] -- Up-to-date: /home/dhonan/Workspace/webots-ros2-gateway/example/wsl_ros2/install/wbtros2_interface/local/lib/python3.10/dist-packages/wbtros2_interface/msg/_wbtros2.py
[1.372s] -- Up-to-date: /home/dhonan/Workspace/webots-ros2-gateway/example/wsl_ros2/install/wbtros2_interface/local/lib/python3.10/dist-packages/wbtros2_interface/msg/_wbtros2_s.c
[1.373s] -- Up-to-date: /home/dhonan/Workspace/webots-ros2-gateway/example/wsl_ros2/install/wbtros2_interface/local/lib/python3.10/dist-packages/wbtros2_interface/msg/__init__.py
[1.373s] -- Up-to-date: /home/dhonan/Workspace/webots-ros2-gateway/example/wsl_ros2/install/wbtros2_interface/local/lib/python3.10/dist-packages/wbtros2_interface/wbtros2_interface_s__rosidl_typesupport_introspection_c.cpython-310-x86_64-linux-gnu.so
[1.373s] -- Up-to-date: /home/dhonan/Workspace/webots-ros2-gateway/example/wsl_ros2/install/wbtros2_interface/local/lib/python3.10/dist-packages/wbtros2_interface/wbtros2_interface_s__rosidl_typesupport_fastrtps_c.cpython-310-x86_64-linux-gnu.so
[1.373s] -- Up-to-date: /home/dhonan/Workspace/webots-ros2-gateway/example/wsl_ros2/install/wbtros2_interface/local/lib/python3.10/dist-packages/wbtros2_interface/__init__.py
[1.427s] Listing '/home/dhonan/Workspace/webots-ros2-gateway/example/wsl_ros2/install/wbtros2_interface/local/lib/python3.10/dist-packages/wbtros2_interface'...
[1.427s] Listing '/home/dhonan/Workspace/webots-ros2-gateway/example/wsl_ros2/install/wbtros2_interface/local/lib/python3.10/dist-packages/wbtros2_interface/msg'...
[1.435s] -- Up-to-date: /home/dhonan/Workspace/webots-ros2-gateway/example/wsl_ros2/install/wbtros2_interface/local/lib/python3.10/dist-packages/wbtros2_interface/wbtros2_interface_s__rosidl_typesupport_fastrtps_c.cpython-310-x86_64-linux-gnu.so
[1.444s] -- Up-to-date: /home/dhonan/Workspace/webots-ros2-gateway/example/wsl_ros2/install/wbtros2_interface/local/lib/python3.10/dist-packages/wbtros2_interface/wbtros2_interface_s__rosidl_typesupport_introspection_c.cpython-310-x86_64-linux-gnu.so
[1.444s] -- Up-to-date: /home/dhonan/Workspace/webots-ros2-gateway/example/wsl_ros2/install/wbtros2_interface/local/lib/python3.10/dist-packages/wbtros2_interface/wbtros2_interface_s__rosidl_typesupport_c.cpython-310-x86_64-linux-gnu.so
[1.444s] -- Up-to-date: /home/dhonan/Workspace/webots-ros2-gateway/example/wsl_ros2/install/wbtros2_interface/lib/libwbtros2_interface__rosidl_generator_py.so
[1.444s] -- Up-to-date: /home/dhonan/Workspace/webots-ros2-gateway/example/wsl_ros2/install/wbtros2_interface/share/wbtros2_interface/msg/Wbtros2.idl
[1.444s] -- Up-to-date: /home/dhonan/Workspace/webots-ros2-gateway/example/wsl_ros2/install/wbtros2_interface/share/wbtros2_interface/msg/Wbtros2.msg
[1.445s] -- Up-to-date: /home/dhonan/Workspace/webots-ros2-gateway/example/wsl_ros2/install/wbtros2_interface/share/ament_index/resource_index/package_run_dependencies/wbtros2_interface
[1.445s] -- Up-to-date: /home/dhonan/Workspace/webots-ros2-gateway/example/wsl_ros2/install/wbtros2_interface/share/ament_index/resource_index/parent_prefix_path/wbtros2_interface
[1.445s] -- Up-to-date: /home/dhonan/Workspace/webots-ros2-gateway/example/wsl_ros2/install/wbtros2_interface/share/wbtros2_interface/environment/ament_prefix_path.sh
[1.445s] -- Up-to-date: /home/dhonan/Workspace/webots-ros2-gateway/example/wsl_ros2/install/wbtros2_interface/share/wbtros2_interface/environment/ament_prefix_path.dsv
[1.445s] -- Up-to-date: /home/dhonan/Workspace/webots-ros2-gateway/example/wsl_ros2/install/wbtros2_interface/share/wbtros2_interface/environment/path.sh
[1.445s] -- Up-to-date: /home/dhonan/Workspace/webots-ros2-gateway/example/wsl_ros2/install/wbtros2_interface/share/wbtros2_interface/environment/path.dsv
[1.445s] -- Up-to-date: /home/dhonan/Workspace/webots-ros2-gateway/example/wsl_ros2/install/wbtros2_interface/share/wbtros2_interface/local_setup.bash
[1.446s] -- Up-to-date: /home/dhonan/Workspace/webots-ros2-gateway/example/wsl_ros2/install/wbtros2_interface/share/wbtros2_interface/local_setup.sh
[1.446s] -- Up-to-date: /home/dhonan/Workspace/webots-ros2-gateway/example/wsl_ros2/install/wbtros2_interface/share/wbtros2_interface/local_setup.zsh
[1.446s] -- Up-to-date: /home/dhonan/Workspace/webots-ros2-gateway/example/wsl_ros2/install/wbtros2_interface/share/wbtros2_interface/local_setup.dsv
[1.447s] -- Installing: /home/dhonan/Workspace/webots-ros2-gateway/example/wsl_ros2/install/wbtros2_interface/share/wbtros2_interface/package.dsv
[1.448s] -- Up-to-date: /home/dhonan/Workspace/webots-ros2-gateway/example/wsl_ros2/install/wbtros2_interface/share/ament_index/resource_index/packages/wbtros2_interface
[1.450s] -- Up-to-date: /home/dhonan/Workspace/webots-ros2-gateway/example/wsl_ros2/install/wbtros2_interface/share/wbtros2_interface/cmake/export_wbtros2_interface__rosidl_generator_cExport.cmake
[1.450s] -- Up-to-date: /home/dhonan/Workspace/webots-ros2-gateway/example/wsl_ros2/install/wbtros2_interface/share/wbtros2_interface/cmake/export_wbtros2_interface__rosidl_generator_cExport-noconfig.cmake
[1.451s] -- Up-to-date: /home/dhonan/Workspace/webots-ros2-gateway/example/wsl_ros2/install/wbtros2_interface/share/wbtros2_interface/cmake/export_wbtros2_interface__rosidl_typesupport_fastrtps_cExport.cmake
[1.452s] -- Up-to-date: /home/dhonan/Workspace/webots-ros2-gateway/example/wsl_ros2/install/wbtros2_interface/share/wbtros2_interface/cmake/export_wbtros2_interface__rosidl_typesupport_fastrtps_cExport-noconfig.cmake
[1.453s] -- Up-to-date: /home/dhonan/Workspace/webots-ros2-gateway/example/wsl_ros2/install/wbtros2_interface/share/wbtros2_interface/cmake/export_wbtros2_interface__rosidl_generator_cppExport.cmake
[1.464s] -- Up-to-date: /home/dhonan/Workspace/webots-ros2-gateway/example/wsl_ros2/install/wbtros2_interface/share/wbtros2_interface/cmake/export_wbtros2_interface__rosidl_typesupport_fastrtps_cppExport.cmake
[1.465s] -- Up-to-date: /home/dhonan/Workspace/webots-ros2-gateway/example/wsl_ros2/install/wbtros2_interface/share/wbtros2_interface/cmake/export_wbtros2_interface__rosidl_typesupport_fastrtps_cppExport-noconfig.cmake
[1.465s] -- Up-to-date: /home/dhonan/Workspace/webots-ros2-gateway/example/wsl_ros2/install/wbtros2_interface/share/wbtros2_interface/cmake/wbtros2_interface__rosidl_typesupport_introspection_cExport.cmake
[1.468s] -- Up-to-date: /home/dhonan/Workspace/webots-ros2-gateway/example/wsl_ros2/install/wbtros2_interface/share/wbtros2_interface/cmake/wbtros2_interface__rosidl_typesupport_introspection_cExport-noconfig.cmake
[1.470s] -- Up-to-date: /home/dhonan/Workspace/webots-ros2-gateway/example/wsl_ros2/install/wbtros2_interface/share/wbtros2_interface/cmake/wbtros2_interface__rosidl_typesupport_cExport.cmake
[1.471s] -- Up-to-date: /home/dhonan/Workspace/webots-ros2-gateway/example/wsl_ros2/install/wbtros2_interface/share/wbtros2_interface/cmake/wbtros2_interface__rosidl_typesupport_cExport-noconfig.cmake
[1.472s] -- Up-to-date: /home/dhonan/Workspace/webots-ros2-gateway/example/wsl_ros2/install/wbtros2_interface/share/wbtros2_interface/cmake/wbtros2_interface__rosidl_typesupport_introspection_cppExport.cmake
[1.472s] -- Up-to-date: /home/dhonan/Workspace/webots-ros2-gateway/example/wsl_ros2/install/wbtros2_interface/share/wbtros2_interface/cmake/wbtros2_interface__rosidl_typesupport_introspection_cppExport-noconfig.cmake
[1.484s] -- Up-to-date: /home/dhonan/Workspace/webots-ros2-gateway/example/wsl_ros2/install/wbtros2_interface/share/wbtros2_interface/cmake/wbtros2_interface__rosidl_typesupport_cppExport.cmake
[1.484s] -- Up-to-date: /home/dhonan/Workspace/webots-ros2-gateway/example/wsl_ros2/install/wbtros2_interface/share/wbtros2_interface/cmake/wbtros2_interface__rosidl_typesupport_cppExport-noconfig.cmake
[1.484s] -- Up-to-date: /home/dhonan/Workspace/webots-ros2-gateway/example/wsl_ros2/install/wbtros2_interface/share/wbtros2_interface/cmake/export_wbtros2_interface__rosidl_generator_pyExport.cmake
[1.485s] -- Up-to-date: /home/dhonan/Workspace/webots-ros2-gateway/example/wsl_ros2/install/wbtros2_interface/share/wbtros2_interface/cmake/export_wbtros2_interface__rosidl_generator_pyExport-noconfig.cmake
[1.485s] -- Up-to-date: /home/dhonan/Workspace/webots-ros2-gateway/example/wsl_ros2/install/wbtros2_interface/share/wbtros2_interface/cmake/rosidl_cmake-extras.cmake
[1.485s] -- Up-to-date: /home/dhonan/Workspace/webots-ros2-gateway/example/wsl_ros2/install/wbtros2_interface/share/wbtros2_interface/cmake/ament_cmake_export_include_directories-extras.cmake
[1.485s] -- Up-to-date: /home/dhonan/Workspace/webots-ros2-gateway/example/wsl_ros2/install/wbtros2_interface/share/wbtros2_interface/cmake/ament_cmake_export_libraries-extras.cmake
[1.485s] -- Up-to-date: /home/dhonan/Workspace/webots-ros2-gateway/example/wsl_ros2/install/wbtros2_interface/share/wbtros2_interface/cmake/ament_cmake_export_targets-extras.cmake
[1.485s] -- Up-to-date: /home/dhonan/Workspace/webots-ros2-gateway/example/wsl_ros2/install/wbtros2_interface/share/wbtros2_interface/cmake/rosidl_cmake_export_typesupport_targets-extras.cmake
[1.485s] -- Up-to-date: /home/dhonan/Workspace/webots-ros2-gateway/example/wsl_ros2/install/wbtros2_interface/share/wbtros2_interface/cmake/ament_cmake_export_dependencies-extras.cmake
[1.486s] -- Up-to-date: /home/dhonan/Workspace/webots-ros2-gateway/example/wsl_ros2/install/wbtros2_interface/share/wbtros2_interface/cmake/rosidl_cmake_export_typesupport_libraries-extras.cmake
[1.486s] -- Up-to-date: /home/dhonan/Workspace/webots-ros2-gateway/example/wsl_ros2/install/wbtros2_interface/share/wbtros2_interface/cmake/wbtros2_interfaceConfig.cmake
[1.486s] -- Up-to-date: /home/dhonan/Workspace/webots-ros2-gateway/example/wsl_ros2/install/wbtros2_interface/share/wbtros2_interface/cmake/wbtros2_interfaceConfig-version.cmake
[1.486s] -- Up-to-date: /home/dhonan/Workspace/webots-ros2-gateway/example/wsl_ros2/install/wbtros2_interface/share/wbtros2_interface/package.xml
[1.487s] Invoked command in '/home/dhonan/Workspace/webots-ros2-gateway/example/wsl_ros2/build/wbtros2_interface' returned '0': CMAKE_PREFIX_PATH=${CMAKE_PREFIX_PATH}:/home/dhonan/Workspace/webots-ros2-gateway/example/wsl_ros2/install/wbtros2_package:/home/dhonan/Workspace/webots-ros2-gateway/example/wsl_ros2/install/wbtros2_example:/opt/ros/humble /usr/bin/cmake --install /home/dhonan/Workspace/webots-ros2-gateway/example/wsl_ros2/build/wbtros2_interface
