[2.091s] DEBUG:colcon:Command line arguments: ['/home/dhonan/.local/bin/colcon', 'build']
[2.091s] DEBUG:colcon:Parsed command line arguments: Namespace(log_base=None, log_level=None, verb_name='build', build_base='build', install_base='install', merge_install=False, symlink_install=False, test_result_base=None, continue_on_error=False, executor='parallel', parallel_workers=8, event_handlers=None, ignore_user_meta=False, metas=['./colcon.meta'], base_paths=['.'], packages_ignore=None, packages_ignore_regex=None, paths=None, packages_up_to=None, packages_up_to_regex=None, packages_above=None, packages_above_and_dependencies=None, packages_above_depth=None, packages_select_by_dep=None, packages_skip_by_dep=None, packages_skip_up_to=None, packages_select_build_failed=False, packages_skip_build_finished=False, packages_select_test_failures=False, packages_skip_test_passed=False, packages_select=None, packages_skip=None, packages_select_regex=None, packages_skip_regex=None, packages_start=None, packages_end=None, allow_overriding=[], cmake_args=None, cmake_target=None, cmake_target_skip_unavailable=False, cmake_clean_cache=False, cmake_clean_first=False, cmake_force_configure=False, ament_cmake_args=None, catkin_cmake_args=None, catkin_skip_building_tests=False, mixin_files=None, mixin=None, verb_parser=<colcon_mixin.mixin.mixin_argument.MixinArgumentDecorator object at 0x7fdb64e219c0>, verb_extension=<colcon_core.verb.build.BuildVerb object at 0x7fdb64e1e590>, main=<bound method BuildVerb.main of <colcon_core.verb.build.BuildVerb object at 0x7fdb64e1e590>>, mixin_verb=('build',))
[2.185s] Level 1:colcon.colcon_core.package_discovery:discover_packages(colcon_meta) check parameters
[2.185s] Level 1:colcon.colcon_core.package_discovery:discover_packages(recursive) check parameters
[2.185s] Level 1:colcon.colcon_core.package_discovery:discover_packages(ignore) check parameters
[2.185s] Level 1:colcon.colcon_core.package_discovery:discover_packages(path) check parameters
[2.185s] Level 1:colcon.colcon_core.package_discovery:discover_packages(colcon_meta) discover
[2.185s] Level 1:colcon.colcon_core.package_discovery:discover_packages(recursive) discover
[2.185s] INFO:colcon.colcon_core.package_discovery:Crawling recursively for packages in '/home/dhonan/Workspace/webots-ros2-gateway/example/wsl_ros2'
[2.185s] Level 1:colcon.colcon_core.package_identification:_identify(.) by extensions ['ignore', 'ignore_ament_install']
[2.186s] Level 1:colcon.colcon_core.package_identification:_identify(.) by extension 'ignore'
[2.186s] Level 1:colcon.colcon_core.package_identification:_identify(.) by extension 'ignore_ament_install'
[2.186s] Level 1:colcon.colcon_core.package_identification:_identify(.) by extensions ['colcon_pkg']
[2.186s] Level 1:colcon.colcon_core.package_identification:_identify(.) by extension 'colcon_pkg'
[2.186s] Level 1:colcon.colcon_core.package_identification:_identify(.) by extensions ['colcon_meta']
[2.186s] Level 1:colcon.colcon_core.package_identification:_identify(.) by extension 'colcon_meta'
[2.186s] Level 1:colcon.colcon_core.package_identification:_identify(.) by extensions ['ros']
[2.186s] Level 1:colcon.colcon_core.package_identification:_identify(.) by extension 'ros'
[2.217s] Level 1:colcon.colcon_core.package_identification:_identify(.) by extensions ['cmake', 'python']
[2.218s] Level 1:colcon.colcon_core.package_identification:_identify(.) by extension 'cmake'
[2.218s] Level 1:colcon.colcon_core.package_identification:_identify(.) by extension 'python'
[2.218s] Level 1:colcon.colcon_core.package_identification:_identify(.) by extensions ['python_setup_py']
[2.218s] Level 1:colcon.colcon_core.package_identification:_identify(.) by extension 'python_setup_py'
[2.218s] Level 1:colcon.colcon_core.package_identification:_identify(build) by extensions ['ignore', 'ignore_ament_install']
[2.218s] Level 1:colcon.colcon_core.package_identification:_identify(build) by extension 'ignore'
[2.218s] Level 1:colcon.colcon_core.package_identification:_identify(build) ignored
[2.219s] Level 1:colcon.colcon_core.package_identification:_identify(install) by extensions ['ignore', 'ignore_ament_install']
[2.219s] Level 1:colcon.colcon_core.package_identification:_identify(install) by extension 'ignore'
[2.219s] Level 1:colcon.colcon_core.package_identification:_identify(install) ignored
[2.219s] Level 1:colcon.colcon_core.package_identification:_identify(log) by extensions ['ignore', 'ignore_ament_install']
[2.219s] Level 1:colcon.colcon_core.package_identification:_identify(log) by extension 'ignore'
[2.219s] Level 1:colcon.colcon_core.package_identification:_identify(log) ignored
[2.219s] Level 1:colcon.colcon_core.package_identification:_identify(src) by extensions ['ignore', 'ignore_ament_install']
[2.219s] Level 1:colcon.colcon_core.package_identification:_identify(src) by extension 'ignore'
[2.220s] Level 1:colcon.colcon_core.package_identification:_identify(src) by extension 'ignore_ament_install'
[2.220s] Level 1:colcon.colcon_core.package_identification:_identify(src) by extensions ['colcon_pkg']
[2.220s] Level 1:colcon.colcon_core.package_identification:_identify(src) by extension 'colcon_pkg'
[2.220s] Level 1:colcon.colcon_core.package_identification:_identify(src) by extensions ['colcon_meta']
[2.220s] Level 1:colcon.colcon_core.package_identification:_identify(src) by extension 'colcon_meta'
[2.220s] Level 1:colcon.colcon_core.package_identification:_identify(src) by extensions ['ros']
[2.220s] Level 1:colcon.colcon_core.package_identification:_identify(src) by extension 'ros'
[2.220s] Level 1:colcon.colcon_core.package_identification:_identify(src) by extensions ['cmake', 'python']
[2.220s] Level 1:colcon.colcon_core.package_identification:_identify(src) by extension 'cmake'
[2.220s] Level 1:colcon.colcon_core.package_identification:_identify(src) by extension 'python'
[2.220s] Level 1:colcon.colcon_core.package_identification:_identify(src) by extensions ['python_setup_py']
[2.220s] Level 1:colcon.colcon_core.package_identification:_identify(src) by extension 'python_setup_py'
[2.220s] Level 1:colcon.colcon_core.package_identification:_identify(src/wbtros2_example) by extensions ['ignore', 'ignore_ament_install']
[2.221s] Level 1:colcon.colcon_core.package_identification:_identify(src/wbtros2_example) by extension 'ignore'
[2.221s] Level 1:colcon.colcon_core.package_identification:_identify(src/wbtros2_example) by extension 'ignore_ament_install'
[2.221s] Level 1:colcon.colcon_core.package_identification:_identify(src/wbtros2_example) by extensions ['colcon_pkg']
[2.221s] Level 1:colcon.colcon_core.package_identification:_identify(src/wbtros2_example) by extension 'colcon_pkg'
[2.221s] Level 1:colcon.colcon_core.package_identification:_identify(src/wbtros2_example) by extensions ['colcon_meta']
[2.221s] Level 1:colcon.colcon_core.package_identification:_identify(src/wbtros2_example) by extension 'colcon_meta'
[2.221s] Level 1:colcon.colcon_core.package_identification:_identify(src/wbtros2_example) by extensions ['ros']
[2.221s] Level 1:colcon.colcon_core.package_identification:_identify(src/wbtros2_example) by extension 'ros'
[2.224s] DEBUG:colcon.colcon_core.package_identification:Package 'src/wbtros2_example' with type 'ros.ament_python' and name 'wbtros2_example'
[2.224s] Level 1:colcon.colcon_core.package_identification:_identify(src/wbtros2_interface) by extensions ['ignore', 'ignore_ament_install']
[2.224s] Level 1:colcon.colcon_core.package_identification:_identify(src/wbtros2_interface) by extension 'ignore'
[2.224s] Level 1:colcon.colcon_core.package_identification:_identify(src/wbtros2_interface) by extension 'ignore_ament_install'
[2.224s] Level 1:colcon.colcon_core.package_identification:_identify(src/wbtros2_interface) by extensions ['colcon_pkg']
[2.224s] Level 1:colcon.colcon_core.package_identification:_identify(src/wbtros2_interface) by extension 'colcon_pkg'
[2.224s] Level 1:colcon.colcon_core.package_identification:_identify(src/wbtros2_interface) by extensions ['colcon_meta']
[2.224s] Level 1:colcon.colcon_core.package_identification:_identify(src/wbtros2_interface) by extension 'colcon_meta'
[2.225s] Level 1:colcon.colcon_core.package_identification:_identify(src/wbtros2_interface) by extensions ['ros']
[2.225s] Level 1:colcon.colcon_core.package_identification:_identify(src/wbtros2_interface) by extension 'ros'
[2.225s] DEBUG:colcon.colcon_core.package_identification:Package 'src/wbtros2_interface' with type 'ros.ament_cmake' and name 'wbtros2_interface'
[2.225s] Level 1:colcon.colcon_core.package_identification:_identify(src/wbtros2_package) by extensions ['ignore', 'ignore_ament_install']
[2.225s] Level 1:colcon.colcon_core.package_identification:_identify(src/wbtros2_package) by extension 'ignore'
[2.226s] Level 1:colcon.colcon_core.package_identification:_identify(src/wbtros2_package) by extension 'ignore_ament_install'
[2.226s] Level 1:colcon.colcon_core.package_identification:_identify(src/wbtros2_package) by extensions ['colcon_pkg']
[2.226s] Level 1:colcon.colcon_core.package_identification:_identify(src/wbtros2_package) by extension 'colcon_pkg'
[2.226s] Level 1:colcon.colcon_core.package_identification:_identify(src/wbtros2_package) by extensions ['colcon_meta']
[2.226s] Level 1:colcon.colcon_core.package_identification:_identify(src/wbtros2_package) by extension 'colcon_meta'
[2.226s] Level 1:colcon.colcon_core.package_identification:_identify(src/wbtros2_package) by extensions ['ros']
[2.226s] Level 1:colcon.colcon_core.package_identification:_identify(src/wbtros2_package) by extension 'ros'
[2.226s] DEBUG:colcon.colcon_core.package_identification:Package 'src/wbtros2_package' with type 'ros.ament_python' and name 'wbtros2_package'
[2.226s] Level 1:colcon.colcon_core.package_discovery:discover_packages(recursive) using defaults
[2.227s] Level 1:colcon.colcon_core.package_discovery:discover_packages(ignore) discover
[2.227s] Level 1:colcon.colcon_core.package_discovery:discover_packages(ignore) using defaults
[2.227s] Level 1:colcon.colcon_core.package_discovery:discover_packages(path) discover
[2.227s] Level 1:colcon.colcon_core.package_discovery:discover_packages(path) using defaults
[2.388s] Level 1:colcon.colcon_core.package_discovery:discover_packages(prefix_path) check parameters
[2.388s] Level 1:colcon.colcon_core.package_discovery:discover_packages(prefix_path) discover
[2.441s] DEBUG:colcon.colcon_installed_package_information.package_discovery:Found 3 installed packages in /home/dhonan/Workspace/webots-ros2-gateway/example/wsl_ros2/install
[2.463s] DEBUG:colcon.colcon_installed_package_information.package_discovery:Found 271 installed packages in /opt/ros/humble
[2.464s] Level 1:colcon.colcon_core.package_discovery:discover_packages(prefix_path) using defaults
[2.572s] Level 5:colcon.colcon_core.verb:set package 'wbtros2_example' build argument 'cmake_args' from command line to 'None'
[2.572s] Level 5:colcon.colcon_core.verb:set package 'wbtros2_example' build argument 'cmake_target' from command line to 'None'
[2.572s] Level 5:colcon.colcon_core.verb:set package 'wbtros2_example' build argument 'cmake_target_skip_unavailable' from command line to 'False'
[2.572s] Level 5:colcon.colcon_core.verb:set package 'wbtros2_example' build argument 'cmake_clean_cache' from command line to 'False'
[2.572s] Level 5:colcon.colcon_core.verb:set package 'wbtros2_example' build argument 'cmake_clean_first' from command line to 'False'
[2.572s] Level 5:colcon.colcon_core.verb:set package 'wbtros2_example' build argument 'cmake_force_configure' from command line to 'False'
[2.572s] Level 5:colcon.colcon_core.verb:set package 'wbtros2_example' build argument 'ament_cmake_args' from command line to 'None'
[2.572s] Level 5:colcon.colcon_core.verb:set package 'wbtros2_example' build argument 'catkin_cmake_args' from command line to 'None'
[2.572s] Level 5:colcon.colcon_core.verb:set package 'wbtros2_example' build argument 'catkin_skip_building_tests' from command line to 'False'
[2.572s] DEBUG:colcon.colcon_core.verb:Building package 'wbtros2_example' with the following arguments: {'ament_cmake_args': None, 'build_base': '/home/dhonan/Workspace/webots-ros2-gateway/example/wsl_ros2/build/wbtros2_example', 'catkin_cmake_args': None, 'catkin_skip_building_tests': False, 'cmake_args': None, 'cmake_clean_cache': False, 'cmake_clean_first': False, 'cmake_force_configure': False, 'cmake_target': None, 'cmake_target_skip_unavailable': False, 'install_base': '/home/dhonan/Workspace/webots-ros2-gateway/example/wsl_ros2/install/wbtros2_example', 'merge_install': False, 'path': '/home/dhonan/Workspace/webots-ros2-gateway/example/wsl_ros2/src/wbtros2_example', 'symlink_install': False, 'test_result_base': None}
[2.597s] Level 5:colcon.colcon_core.verb:set package 'wbtros2_interface' build argument 'cmake_args' from command line to 'None'
[2.597s] Level 5:colcon.colcon_core.verb:set package 'wbtros2_interface' build argument 'cmake_target' from command line to 'None'
[2.597s] Level 5:colcon.colcon_core.verb:set package 'wbtros2_interface' build argument 'cmake_target_skip_unavailable' from command line to 'False'
[2.597s] Level 5:colcon.colcon_core.verb:set package 'wbtros2_interface' build argument 'cmake_clean_cache' from command line to 'False'
[2.597s] Level 5:colcon.colcon_core.verb:set package 'wbtros2_interface' build argument 'cmake_clean_first' from command line to 'False'
[2.597s] Level 5:colcon.colcon_core.verb:set package 'wbtros2_interface' build argument 'cmake_force_configure' from command line to 'False'
[2.597s] Level 5:colcon.colcon_core.verb:set package 'wbtros2_interface' build argument 'ament_cmake_args' from command line to 'None'
[2.597s] Level 5:colcon.colcon_core.verb:set package 'wbtros2_interface' build argument 'catkin_cmake_args' from command line to 'None'
[2.597s] Level 5:colcon.colcon_core.verb:set package 'wbtros2_interface' build argument 'catkin_skip_building_tests' from command line to 'False'
[2.598s] DEBUG:colcon.colcon_core.verb:Building package 'wbtros2_interface' with the following arguments: {'ament_cmake_args': None, 'build_base': '/home/dhonan/Workspace/webots-ros2-gateway/example/wsl_ros2/build/wbtros2_interface', 'catkin_cmake_args': None, 'catkin_skip_building_tests': False, 'cmake_args': None, 'cmake_clean_cache': False, 'cmake_clean_first': False, 'cmake_force_configure': False, 'cmake_target': None, 'cmake_target_skip_unavailable': False, 'install_base': '/home/dhonan/Workspace/webots-ros2-gateway/example/wsl_ros2/install/wbtros2_interface', 'merge_install': False, 'path': '/home/dhonan/Workspace/webots-ros2-gateway/example/wsl_ros2/src/wbtros2_interface', 'symlink_install': False, 'test_result_base': None}
[2.623s] Level 5:colcon.colcon_core.verb:set package 'wbtros2_package' build argument 'cmake_args' from command line to 'None'
[2.623s] Level 5:colcon.colcon_core.verb:set package 'wbtros2_package' build argument 'cmake_target' from command line to 'None'
[2.623s] Level 5:colcon.colcon_core.verb:set package 'wbtros2_package' build argument 'cmake_target_skip_unavailable' from command line to 'False'
[2.623s] Level 5:colcon.colcon_core.verb:set package 'wbtros2_package' build argument 'cmake_clean_cache' from command line to 'False'
[2.623s] Level 5:colcon.colcon_core.verb:set package 'wbtros2_package' build argument 'cmake_clean_first' from command line to 'False'
[2.623s] Level 5:colcon.colcon_core.verb:set package 'wbtros2_package' build argument 'cmake_force_configure' from command line to 'False'
[2.623s] Level 5:colcon.colcon_core.verb:set package 'wbtros2_package' build argument 'ament_cmake_args' from command line to 'None'
[2.623s] Level 5:colcon.colcon_core.verb:set package 'wbtros2_package' build argument 'catkin_cmake_args' from command line to 'None'
[2.623s] Level 5:colcon.colcon_core.verb:set package 'wbtros2_package' build argument 'catkin_skip_building_tests' from command line to 'False'
[2.623s] DEBUG:colcon.colcon_core.verb:Building package 'wbtros2_package' with the following arguments: {'ament_cmake_args': None, 'build_base': '/home/dhonan/Workspace/webots-ros2-gateway/example/wsl_ros2/build/wbtros2_package', 'catkin_cmake_args': None, 'catkin_skip_building_tests': False, 'cmake_args': None, 'cmake_clean_cache': False, 'cmake_clean_first': False, 'cmake_force_configure': False, 'cmake_target': None, 'cmake_target_skip_unavailable': False, 'install_base': '/home/dhonan/Workspace/webots-ros2-gateway/example/wsl_ros2/install/wbtros2_package', 'merge_install': False, 'path': '/home/dhonan/Workspace/webots-ros2-gateway/example/wsl_ros2/src/wbtros2_package', 'symlink_install': False, 'test_result_base': None}
[2.677s] INFO:colcon.colcon_core.executor:Executing jobs using 'parallel' executor
[2.712s] DEBUG:colcon.colcon_parallel_executor.executor.parallel:run_until_complete
[2.712s] INFO:colcon.colcon_ros.task.ament_python.build:Building ROS package in '/home/dhonan/Workspace/webots-ros2-gateway/example/wsl_ros2/src/wbtros2_example' with build type 'ament_python'
[2.713s] Level 1:colcon.colcon_core.shell:create_environment_hook('wbtros2_example', 'ament_prefix_path')
[2.740s] INFO:colcon.colcon_core.plugin_system:Skipping extension 'colcon_core.shell.bat': Not used on non-Windows systems
[2.740s] INFO:colcon.colcon_core.shell:Creating environment hook '/home/dhonan/Workspace/webots-ros2-gateway/example/wsl_ros2/install/wbtros2_example/share/wbtros2_example/hook/ament_prefix_path.ps1'
[2.741s] INFO:colcon.colcon_core.shell:Creating environment descriptor '/home/dhonan/Workspace/webots-ros2-gateway/example/wsl_ros2/install/wbtros2_example/share/wbtros2_example/hook/ament_prefix_path.dsv'
[2.742s] INFO:colcon.colcon_core.shell:Creating environment hook '/home/dhonan/Workspace/webots-ros2-gateway/example/wsl_ros2/install/wbtros2_example/share/wbtros2_example/hook/ament_prefix_path.sh'
[2.764s] INFO:colcon.colcon_core.shell:Skip shell extension 'powershell' for command environment: Not usable outside of PowerShell
[2.764s] DEBUG:colcon.colcon_core.shell:Skip shell extension 'dsv' for command environment
[2.835s] INFO:colcon.colcon_ros.task.ament_cmake.build:Building ROS package in '/home/dhonan/Workspace/webots-ros2-gateway/example/wsl_ros2/src/wbtros2_interface' with build type 'ament_cmake'
[2.835s] INFO:colcon.colcon_cmake.task.cmake.build:Building CMake package in '/home/dhonan/Workspace/webots-ros2-gateway/example/wsl_ros2/src/wbtros2_interface'
[2.859s] INFO:colcon.colcon_core.shell:Skip shell extension 'powershell' for command environment: Not usable outside of PowerShell
[2.859s] DEBUG:colcon.colcon_core.shell:Skip shell extension 'dsv' for command environment
[2.937s] INFO:colcon.colcon_ros.task.ament_python.build:Building ROS package in '/home/dhonan/Workspace/webots-ros2-gateway/example/wsl_ros2/src/wbtros2_package' with build type 'ament_python'
[2.937s] Level 1:colcon.colcon_core.shell:create_environment_hook('wbtros2_package', 'ament_prefix_path')
[2.961s] INFO:colcon.colcon_core.shell:Creating environment hook '/home/dhonan/Workspace/webots-ros2-gateway/example/wsl_ros2/install/wbtros2_package/share/wbtros2_package/hook/ament_prefix_path.ps1'
[2.962s] INFO:colcon.colcon_core.shell:Creating environment descriptor '/home/dhonan/Workspace/webots-ros2-gateway/example/wsl_ros2/install/wbtros2_package/share/wbtros2_package/hook/ament_prefix_path.dsv'
[2.962s] INFO:colcon.colcon_core.shell:Creating environment hook '/home/dhonan/Workspace/webots-ros2-gateway/example/wsl_ros2/install/wbtros2_package/share/wbtros2_package/hook/ament_prefix_path.sh'
[2.985s] INFO:colcon.colcon_core.shell:Skip shell extension 'powershell' for command environment: Not usable outside of PowerShell
[2.985s] DEBUG:colcon.colcon_core.shell:Skip shell extension 'dsv' for command environment
[3.406s] INFO:colcon.colcon_core.task.python.build:Building Python package in '/home/dhonan/Workspace/webots-ros2-gateway/example/wsl_ros2/src/wbtros2_example'
[3.429s] INFO:colcon.colcon_core.shell:Skip shell extension 'powershell' for command environment: Not usable outside of PowerShell
[3.429s] DEBUG:colcon.colcon_core.shell:Skip shell extension 'dsv' for command environment
[3.510s] DEBUG:colcon.colcon_core.event_handler.log_command:Invoking command in '/home/dhonan/Workspace/webots-ros2-gateway/example/wsl_ros2/build/wbtros2_interface': CMAKE_PREFIX_PATH=${CMAKE_PREFIX_PATH}:/home/dhonan/Workspace/webots-ros2-gateway/example/wsl_ros2/install/wbtros2_package:/home/dhonan/Workspace/webots-ros2-gateway/example/wsl_ros2/install/wbtros2_example:/opt/ros/humble /usr/bin/cmake --build /home/dhonan/Workspace/webots-ros2-gateway/example/wsl_ros2/build/wbtros2_interface -- -j8 -l8
[3.910s] INFO:colcon.colcon_core.task.python.build:Building Python package in '/home/dhonan/Workspace/webots-ros2-gateway/example/wsl_ros2/src/wbtros2_package'
[3.945s] INFO:colcon.colcon_core.shell:Skip shell extension 'powershell' for command environment: Not usable outside of PowerShell
[3.946s] DEBUG:colcon.colcon_core.shell:Skip shell extension 'dsv' for command environment
[4.028s] DEBUG:colcon.colcon_core.event_handler.log_command:Invoked command in '/home/dhonan/Workspace/webots-ros2-gateway/example/wsl_ros2/build/wbtros2_interface' returned '0': CMAKE_PREFIX_PATH=${CMAKE_PREFIX_PATH}:/home/dhonan/Workspace/webots-ros2-gateway/example/wsl_ros2/install/wbtros2_package:/home/dhonan/Workspace/webots-ros2-gateway/example/wsl_ros2/install/wbtros2_example:/opt/ros/humble /usr/bin/cmake --build /home/dhonan/Workspace/webots-ros2-gateway/example/wsl_ros2/build/wbtros2_interface -- -j8 -l8
[4.109s] DEBUG:colcon.colcon_core.event_handler.log_command:Invoking command in '/home/dhonan/Workspace/webots-ros2-gateway/example/wsl_ros2/build/wbtros2_interface': CMAKE_PREFIX_PATH=${CMAKE_PREFIX_PATH}:/home/dhonan/Workspace/webots-ros2-gateway/example/wsl_ros2/install/wbtros2_package:/home/dhonan/Workspace/webots-ros2-gateway/example/wsl_ros2/install/wbtros2_example:/opt/ros/humble /usr/bin/cmake --install /home/dhonan/Workspace/webots-ros2-gateway/example/wsl_ros2/build/wbtros2_interface
[4.181s] Level 1:colcon.colcon_core.environment:create_environment_scripts_only(wbtros2_interface)
[4.182s] DEBUG:colcon.colcon_core.event_handler.log_command:Invoked command in '/home/dhonan/Workspace/webots-ros2-gateway/example/wsl_ros2/build/wbtros2_interface' returned '0': CMAKE_PREFIX_PATH=${CMAKE_PREFIX_PATH}:/home/dhonan/Workspace/webots-ros2-gateway/example/wsl_ros2/install/wbtros2_package:/home/dhonan/Workspace/webots-ros2-gateway/example/wsl_ros2/install/wbtros2_example:/opt/ros/humble /usr/bin/cmake --install /home/dhonan/Workspace/webots-ros2-gateway/example/wsl_ros2/build/wbtros2_interface
[4.205s] Level 1:colcon.colcon_core.environment:checking '/home/dhonan/Workspace/webots-ros2-gateway/example/wsl_ros2/install/wbtros2_interface' for CMake module files
[4.206s] Level 1:colcon.colcon_core.environment:checking '/home/dhonan/Workspace/webots-ros2-gateway/example/wsl_ros2/install/wbtros2_interface' for CMake config files
[4.206s] Level 1:colcon.colcon_core.shell:create_environment_hook('wbtros2_interface', 'cmake_prefix_path')
[4.229s] INFO:colcon.colcon_core.shell:Creating environment hook '/home/dhonan/Workspace/webots-ros2-gateway/example/wsl_ros2/install/wbtros2_interface/share/wbtros2_interface/hook/cmake_prefix_path.ps1'
[4.229s] INFO:colcon.colcon_core.shell:Creating environment descriptor '/home/dhonan/Workspace/webots-ros2-gateway/example/wsl_ros2/install/wbtros2_interface/share/wbtros2_interface/hook/cmake_prefix_path.dsv'
[4.230s] INFO:colcon.colcon_core.shell:Creating environment hook '/home/dhonan/Workspace/webots-ros2-gateway/example/wsl_ros2/install/wbtros2_interface/share/wbtros2_interface/hook/cmake_prefix_path.sh'
[4.231s] Level 1:colcon.colcon_core.environment:checking '/home/dhonan/Workspace/webots-ros2-gateway/example/wsl_ros2/install/wbtros2_interface/lib'
[4.232s] Level 1:colcon.colcon_core.shell:create_environment_hook('wbtros2_interface', 'ld_library_path_lib')
[4.258s] INFO:colcon.colcon_core.shell:Creating environment hook '/home/dhonan/Workspace/webots-ros2-gateway/example/wsl_ros2/install/wbtros2_interface/share/wbtros2_interface/hook/ld_library_path_lib.ps1'
[4.259s] INFO:colcon.colcon_core.shell:Creating environment descriptor '/home/dhonan/Workspace/webots-ros2-gateway/example/wsl_ros2/install/wbtros2_interface/share/wbtros2_interface/hook/ld_library_path_lib.dsv'
[4.259s] INFO:colcon.colcon_core.shell:Creating environment hook '/home/dhonan/Workspace/webots-ros2-gateway/example/wsl_ros2/install/wbtros2_interface/share/wbtros2_interface/hook/ld_library_path_lib.sh'
[4.260s] Level 1:colcon.colcon_core.environment:checking '/home/dhonan/Workspace/webots-ros2-gateway/example/wsl_ros2/install/wbtros2_interface/bin'
[4.260s] Level 1:colcon.colcon_core.environment:checking '/home/dhonan/Workspace/webots-ros2-gateway/example/wsl_ros2/install/wbtros2_interface/lib/pkgconfig/wbtros2_interface.pc'
[4.261s] Level 1:colcon.colcon_core.environment:checking '/home/dhonan/Workspace/webots-ros2-gateway/example/wsl_ros2/install/wbtros2_interface/lib/python3.10/site-packages'
[4.261s] Level 1:colcon.colcon_core.environment:checking '/home/dhonan/Workspace/webots-ros2-gateway/example/wsl_ros2/install/wbtros2_interface/bin'
[4.300s] INFO:colcon.colcon_core.shell:Creating package script '/home/dhonan/Workspace/webots-ros2-gateway/example/wsl_ros2/install/wbtros2_interface/share/wbtros2_interface/package.ps1'
[4.302s] INFO:colcon.colcon_core.shell:Creating package descriptor '/home/dhonan/Workspace/webots-ros2-gateway/example/wsl_ros2/install/wbtros2_interface/share/wbtros2_interface/package.dsv'
[4.302s] INFO:colcon.colcon_core.shell:Creating package script '/home/dhonan/Workspace/webots-ros2-gateway/example/wsl_ros2/install/wbtros2_interface/share/wbtros2_interface/package.sh'
[4.303s] INFO:colcon.colcon_core.shell:Creating package script '/home/dhonan/Workspace/webots-ros2-gateway/example/wsl_ros2/install/wbtros2_interface/share/wbtros2_interface/package.bash'
[4.304s] INFO:colcon.colcon_core.shell:Creating package script '/home/dhonan/Workspace/webots-ros2-gateway/example/wsl_ros2/install/wbtros2_interface/share/wbtros2_interface/package.zsh'
[4.305s] Level 1:colcon.colcon_core.environment:create_file_with_runtime_dependencies(/home/dhonan/Workspace/webots-ros2-gateway/example/wsl_ros2/install/wbtros2_interface/share/colcon-core/packages/wbtros2_interface)
[4.398s] Level 1:colcon.colcon_core.environment:create_environment_scripts_only(wbtros2_interface)
[4.419s] Level 1:colcon.colcon_core.environment:checking '/home/dhonan/Workspace/webots-ros2-gateway/example/wsl_ros2/install/wbtros2_interface' for CMake module files
[4.420s] Level 1:colcon.colcon_core.environment:checking '/home/dhonan/Workspace/webots-ros2-gateway/example/wsl_ros2/install/wbtros2_interface' for CMake config files
[4.421s] Level 1:colcon.colcon_core.shell:create_environment_hook('wbtros2_interface', 'cmake_prefix_path')
[4.447s] INFO:colcon.colcon_core.shell:Creating environment hook '/home/dhonan/Workspace/webots-ros2-gateway/example/wsl_ros2/install/wbtros2_interface/share/wbtros2_interface/hook/cmake_prefix_path.ps1'
[4.447s] INFO:colcon.colcon_core.shell:Creating environment descriptor '/home/dhonan/Workspace/webots-ros2-gateway/example/wsl_ros2/install/wbtros2_interface/share/wbtros2_interface/hook/cmake_prefix_path.dsv'
[4.448s] INFO:colcon.colcon_core.shell:Creating environment hook '/home/dhonan/Workspace/webots-ros2-gateway/example/wsl_ros2/install/wbtros2_interface/share/wbtros2_interface/hook/cmake_prefix_path.sh'
[4.449s] Level 1:colcon.colcon_core.environment:checking '/home/dhonan/Workspace/webots-ros2-gateway/example/wsl_ros2/install/wbtros2_interface/lib'
[4.449s] Level 1:colcon.colcon_core.shell:create_environment_hook('wbtros2_interface', 'ld_library_path_lib')
[4.481s] INFO:colcon.colcon_core.shell:Creating environment hook '/home/dhonan/Workspace/webots-ros2-gateway/example/wsl_ros2/install/wbtros2_interface/share/wbtros2_interface/hook/ld_library_path_lib.ps1'
[4.482s] INFO:colcon.colcon_core.shell:Creating environment descriptor '/home/dhonan/Workspace/webots-ros2-gateway/example/wsl_ros2/install/wbtros2_interface/share/wbtros2_interface/hook/ld_library_path_lib.dsv'
[4.482s] INFO:colcon.colcon_core.shell:Creating environment hook '/home/dhonan/Workspace/webots-ros2-gateway/example/wsl_ros2/install/wbtros2_interface/share/wbtros2_interface/hook/ld_library_path_lib.sh'
[4.483s] Level 1:colcon.colcon_core.environment:checking '/home/dhonan/Workspace/webots-ros2-gateway/example/wsl_ros2/install/wbtros2_interface/bin'
[4.483s] Level 1:colcon.colcon_core.environment:checking '/home/dhonan/Workspace/webots-ros2-gateway/example/wsl_ros2/install/wbtros2_interface/lib/pkgconfig/wbtros2_interface.pc'
[4.484s] Level 1:colcon.colcon_core.environment:checking '/home/dhonan/Workspace/webots-ros2-gateway/example/wsl_ros2/install/wbtros2_interface/lib/python3.10/site-packages'
[4.484s] Level 1:colcon.colcon_core.environment:checking '/home/dhonan/Workspace/webots-ros2-gateway/example/wsl_ros2/install/wbtros2_interface/bin'
[4.517s] INFO:colcon.colcon_core.shell:Creating package script '/home/dhonan/Workspace/webots-ros2-gateway/example/wsl_ros2/install/wbtros2_interface/share/wbtros2_interface/package.ps1'
[4.518s] INFO:colcon.colcon_core.shell:Creating package descriptor '/home/dhonan/Workspace/webots-ros2-gateway/example/wsl_ros2/install/wbtros2_interface/share/wbtros2_interface/package.dsv'
[4.519s] INFO:colcon.colcon_core.shell:Creating package script '/home/dhonan/Workspace/webots-ros2-gateway/example/wsl_ros2/install/wbtros2_interface/share/wbtros2_interface/package.sh'
[4.519s] INFO:colcon.colcon_core.shell:Creating package script '/home/dhonan/Workspace/webots-ros2-gateway/example/wsl_ros2/install/wbtros2_interface/share/wbtros2_interface/package.bash'
[4.520s] INFO:colcon.colcon_core.shell:Creating package script '/home/dhonan/Workspace/webots-ros2-gateway/example/wsl_ros2/install/wbtros2_interface/share/wbtros2_interface/package.zsh'
[4.521s] Level 1:colcon.colcon_core.environment:create_file_with_runtime_dependencies(/home/dhonan/Workspace/webots-ros2-gateway/example/wsl_ros2/install/wbtros2_interface/share/colcon-core/packages/wbtros2_interface)
[4.568s] DEBUG:colcon.colcon_core.event_handler.log_command:Invoking command in '/home/dhonan/Workspace/webots-ros2-gateway/example/wsl_ros2/src/wbtros2_example': PYTHONPATH=/home/dhonan/Workspace/webots-ros2-gateway/example/wsl_ros2/build/wbtros2_example/prefix_override:/home/dhonan/Workspace/webots-ros2-gateway/example/wsl_ros2/install/wbtros2_example/lib/python3.10/site-packages:${PYTHONPATH} /usr/bin/python3 setup.py egg_info --egg-base ../../build/wbtros2_example build --build-base /home/dhonan/Workspace/webots-ros2-gateway/example/wsl_ros2/build/wbtros2_example/build install --record /home/dhonan/Workspace/webots-ros2-gateway/example/wsl_ros2/build/wbtros2_example/install.log --single-version-externally-managed
[4.579s] DEBUG:colcon.colcon_core.event_handler.log_command:Invoking command in '/home/dhonan/Workspace/webots-ros2-gateway/example/wsl_ros2/src/wbtros2_package': PYTHONPATH=/home/dhonan/Workspace/webots-ros2-gateway/example/wsl_ros2/build/wbtros2_package/prefix_override:/home/dhonan/Workspace/webots-ros2-gateway/example/wsl_ros2/install/wbtros2_package/lib/python3.10/site-packages:${PYTHONPATH} /usr/bin/python3 setup.py egg_info --egg-base ../../build/wbtros2_package build --build-base /home/dhonan/Workspace/webots-ros2-gateway/example/wsl_ros2/build/wbtros2_package/build install --record /home/dhonan/Workspace/webots-ros2-gateway/example/wsl_ros2/build/wbtros2_package/install.log --single-version-externally-managed
[4.992s] DEBUG:colcon.colcon_core.event_handler.log_command:Invoked command in '/home/dhonan/Workspace/webots-ros2-gateway/example/wsl_ros2/src/wbtros2_example' returned '0': PYTHONPATH=/home/dhonan/Workspace/webots-ros2-gateway/example/wsl_ros2/build/wbtros2_example/prefix_override:/home/dhonan/Workspace/webots-ros2-gateway/example/wsl_ros2/install/wbtros2_example/lib/python3.10/site-packages:${PYTHONPATH} /usr/bin/python3 setup.py egg_info --egg-base ../../build/wbtros2_example build --build-base /home/dhonan/Workspace/webots-ros2-gateway/example/wsl_ros2/build/wbtros2_example/build install --record /home/dhonan/Workspace/webots-ros2-gateway/example/wsl_ros2/build/wbtros2_example/install.log --single-version-externally-managed
[5.015s] Level 1:colcon.colcon_core.environment:checking '/home/dhonan/Workspace/webots-ros2-gateway/example/wsl_ros2/install/wbtros2_example' for CMake module files
[5.015s] Level 1:colcon.colcon_core.environment:checking '/home/dhonan/Workspace/webots-ros2-gateway/example/wsl_ros2/install/wbtros2_example' for CMake config files
[5.016s] Level 1:colcon.colcon_core.environment:checking '/home/dhonan/Workspace/webots-ros2-gateway/example/wsl_ros2/install/wbtros2_example/lib'
[5.017s] Level 1:colcon.colcon_core.environment:checking '/home/dhonan/Workspace/webots-ros2-gateway/example/wsl_ros2/install/wbtros2_example/bin'
[5.017s] Level 1:colcon.colcon_core.environment:checking '/home/dhonan/Workspace/webots-ros2-gateway/example/wsl_ros2/install/wbtros2_example/lib/pkgconfig/wbtros2_example.pc'
[5.017s] Level 1:colcon.colcon_core.environment:checking '/home/dhonan/Workspace/webots-ros2-gateway/example/wsl_ros2/install/wbtros2_example/lib/python3.10/site-packages'
[5.017s] Level 1:colcon.colcon_core.shell:create_environment_hook('wbtros2_example', 'pythonpath')
[5.042s] INFO:colcon.colcon_core.shell:Creating environment hook '/home/dhonan/Workspace/webots-ros2-gateway/example/wsl_ros2/install/wbtros2_example/share/wbtros2_example/hook/pythonpath.ps1'
[5.042s] INFO:colcon.colcon_core.shell:Creating environment descriptor '/home/dhonan/Workspace/webots-ros2-gateway/example/wsl_ros2/install/wbtros2_example/share/wbtros2_example/hook/pythonpath.dsv'
[5.042s] INFO:colcon.colcon_core.shell:Creating environment hook '/home/dhonan/Workspace/webots-ros2-gateway/example/wsl_ros2/install/wbtros2_example/share/wbtros2_example/hook/pythonpath.sh'
[5.043s] Level 1:colcon.colcon_core.environment:checking '/home/dhonan/Workspace/webots-ros2-gateway/example/wsl_ros2/install/wbtros2_example/bin'
[5.043s] Level 1:colcon.colcon_core.environment:create_environment_scripts_only(wbtros2_example)
[5.068s] INFO:colcon.colcon_core.shell:Creating package script '/home/dhonan/Workspace/webots-ros2-gateway/example/wsl_ros2/install/wbtros2_example/share/wbtros2_example/package.ps1'
[5.068s] INFO:colcon.colcon_core.shell:Creating package descriptor '/home/dhonan/Workspace/webots-ros2-gateway/example/wsl_ros2/install/wbtros2_example/share/wbtros2_example/package.dsv'
[5.069s] INFO:colcon.colcon_core.shell:Creating package script '/home/dhonan/Workspace/webots-ros2-gateway/example/wsl_ros2/install/wbtros2_example/share/wbtros2_example/package.sh'
[5.069s] INFO:colcon.colcon_core.shell:Creating package script '/home/dhonan/Workspace/webots-ros2-gateway/example/wsl_ros2/install/wbtros2_example/share/wbtros2_example/package.bash'
[5.070s] INFO:colcon.colcon_core.shell:Creating package script '/home/dhonan/Workspace/webots-ros2-gateway/example/wsl_ros2/install/wbtros2_example/share/wbtros2_example/package.zsh'
[5.070s] Level 1:colcon.colcon_core.environment:create_file_with_runtime_dependencies(/home/dhonan/Workspace/webots-ros2-gateway/example/wsl_ros2/install/wbtros2_example/share/colcon-core/packages/wbtros2_example)
[5.073s] DEBUG:colcon.colcon_core.event_handler.log_command:Invoked command in '/home/dhonan/Workspace/webots-ros2-gateway/example/wsl_ros2/src/wbtros2_package' returned '0': PYTHONPATH=/home/dhonan/Workspace/webots-ros2-gateway/example/wsl_ros2/build/wbtros2_package/prefix_override:/home/dhonan/Workspace/webots-ros2-gateway/example/wsl_ros2/install/wbtros2_package/lib/python3.10/site-packages:${PYTHONPATH} /usr/bin/python3 setup.py egg_info --egg-base ../../build/wbtros2_package build --build-base /home/dhonan/Workspace/webots-ros2-gateway/example/wsl_ros2/build/wbtros2_package/build install --record /home/dhonan/Workspace/webots-ros2-gateway/example/wsl_ros2/build/wbtros2_package/install.log --single-version-externally-managed
[5.095s] Level 1:colcon.colcon_core.environment:checking '/home/dhonan/Workspace/webots-ros2-gateway/example/wsl_ros2/install/wbtros2_package' for CMake module files
[5.096s] Level 1:colcon.colcon_core.environment:checking '/home/dhonan/Workspace/webots-ros2-gateway/example/wsl_ros2/install/wbtros2_package' for CMake config files
[5.096s] Level 1:colcon.colcon_core.environment:checking '/home/dhonan/Workspace/webots-ros2-gateway/example/wsl_ros2/install/wbtros2_package/lib'
[5.096s] Level 1:colcon.colcon_core.environment:checking '/home/dhonan/Workspace/webots-ros2-gateway/example/wsl_ros2/install/wbtros2_package/bin'
[5.096s] Level 1:colcon.colcon_core.environment:checking '/home/dhonan/Workspace/webots-ros2-gateway/example/wsl_ros2/install/wbtros2_package/lib/pkgconfig/wbtros2_package.pc'
[5.097s] Level 1:colcon.colcon_core.environment:checking '/home/dhonan/Workspace/webots-ros2-gateway/example/wsl_ros2/install/wbtros2_package/lib/python3.10/site-packages'
[5.097s] Level 1:colcon.colcon_core.shell:create_environment_hook('wbtros2_package', 'pythonpath')
[5.117s] INFO:colcon.colcon_core.shell:Creating environment hook '/home/dhonan/Workspace/webots-ros2-gateway/example/wsl_ros2/install/wbtros2_package/share/wbtros2_package/hook/pythonpath.ps1'
[5.118s] INFO:colcon.colcon_core.shell:Creating environment descriptor '/home/dhonan/Workspace/webots-ros2-gateway/example/wsl_ros2/install/wbtros2_package/share/wbtros2_package/hook/pythonpath.dsv'
[5.118s] INFO:colcon.colcon_core.shell:Creating environment hook '/home/dhonan/Workspace/webots-ros2-gateway/example/wsl_ros2/install/wbtros2_package/share/wbtros2_package/hook/pythonpath.sh'
[5.119s] Level 1:colcon.colcon_core.environment:checking '/home/dhonan/Workspace/webots-ros2-gateway/example/wsl_ros2/install/wbtros2_package/bin'
[5.119s] Level 1:colcon.colcon_core.environment:create_environment_scripts_only(wbtros2_package)
[5.143s] INFO:colcon.colcon_core.shell:Creating package script '/home/dhonan/Workspace/webots-ros2-gateway/example/wsl_ros2/install/wbtros2_package/share/wbtros2_package/package.ps1'
[5.143s] INFO:colcon.colcon_core.shell:Creating package descriptor '/home/dhonan/Workspace/webots-ros2-gateway/example/wsl_ros2/install/wbtros2_package/share/wbtros2_package/package.dsv'
[5.144s] INFO:colcon.colcon_core.shell:Creating package script '/home/dhonan/Workspace/webots-ros2-gateway/example/wsl_ros2/install/wbtros2_package/share/wbtros2_package/package.sh'
[5.144s] INFO:colcon.colcon_core.shell:Creating package script '/home/dhonan/Workspace/webots-ros2-gateway/example/wsl_ros2/install/wbtros2_package/share/wbtros2_package/package.bash'
[5.145s] INFO:colcon.colcon_core.shell:Creating package script '/home/dhonan/Workspace/webots-ros2-gateway/example/wsl_ros2/install/wbtros2_package/share/wbtros2_package/package.zsh'
[5.145s] Level 1:colcon.colcon_core.environment:create_file_with_runtime_dependencies(/home/dhonan/Workspace/webots-ros2-gateway/example/wsl_ros2/install/wbtros2_package/share/colcon-core/packages/wbtros2_package)
[5.146s] DEBUG:colcon.colcon_parallel_executor.executor.parallel:closing loop
[5.148s] DEBUG:colcon.colcon_parallel_executor.executor.parallel:loop closed
[5.148s] DEBUG:colcon.colcon_parallel_executor.executor.parallel:run_until_complete finished with '0'
[5.148s] DEBUG:colcon.colcon_core.event_reactor:joining thread
[5.178s] INFO:colcon.colcon_core.plugin_system:Skipping extension 'colcon_notification.desktop_notification.terminal_notifier': Not used on non-Darwin systems
[5.178s] INFO:colcon.colcon_core.plugin_system:Skipping extension 'colcon_notification.desktop_notification.win32': Not used on non-Windows systems
[5.178s] INFO:colcon.colcon_notification.desktop_notification:Sending desktop notification using 'notify2'
[5.180s] DEBUG:colcon.colcon_notification.desktop_notification.notify2:Failed to initialize notify2: org.freedesktop.DBus.Error.ServiceUnknown: The name org.freedesktop.Notifications was not provided by any .service files
[5.180s] DEBUG:colcon.colcon_core.event_reactor:joined thread
[5.214s] INFO:colcon.colcon_core.shell:Creating prefix script '/home/dhonan/Workspace/webots-ros2-gateway/example/wsl_ros2/install/local_setup.ps1'
[5.216s] INFO:colcon.colcon_core.shell:Creating prefix util module '/home/dhonan/Workspace/webots-ros2-gateway/example/wsl_ros2/install/_local_setup_util_ps1.py'
[5.217s] INFO:colcon.colcon_core.shell:Creating prefix chain script '/home/dhonan/Workspace/webots-ros2-gateway/example/wsl_ros2/install/setup.ps1'
[5.237s] INFO:colcon.colcon_core.shell:Creating prefix script '/home/dhonan/Workspace/webots-ros2-gateway/example/wsl_ros2/install/local_setup.sh'
[5.238s] INFO:colcon.colcon_core.shell:Creating prefix util module '/home/dhonan/Workspace/webots-ros2-gateway/example/wsl_ros2/install/_local_setup_util_sh.py'
[5.238s] INFO:colcon.colcon_core.shell:Creating prefix chain script '/home/dhonan/Workspace/webots-ros2-gateway/example/wsl_ros2/install/setup.sh'
[5.260s] INFO:colcon.colcon_core.shell:Creating prefix script '/home/dhonan/Workspace/webots-ros2-gateway/example/wsl_ros2/install/local_setup.bash'
[5.260s] INFO:colcon.colcon_core.shell:Creating prefix chain script '/home/dhonan/Workspace/webots-ros2-gateway/example/wsl_ros2/install/setup.bash'
[5.283s] INFO:colcon.colcon_core.shell:Creating prefix script '/home/dhonan/Workspace/webots-ros2-gateway/example/wsl_ros2/install/local_setup.zsh'
[5.283s] INFO:colcon.colcon_core.shell:Creating prefix chain script '/home/dhonan/Workspace/webots-ros2-gateway/example/wsl_ros2/install/setup.zsh'
