running egg_info
creating ../../build/wbtros2_package/wbtros2_package.egg-info
writing ../../build/wbtros2_package/wbtros2_package.egg-info/PKG-INFO
writing dependency_links to ../../build/wbtros2_package/wbtros2_package.egg-info/dependency_links.txt
writing entry points to ../../build/wbtros2_package/wbtros2_package.egg-info/entry_points.txt
writing requirements to ../../build/wbtros2_package/wbtros2_package.egg-info/requires.txt
writing top-level names to ../../build/wbtros2_package/wbtros2_package.egg-info/top_level.txt
writing manifest file '../../build/wbtros2_package/wbtros2_package.egg-info/SOURCES.txt'
reading manifest file '../../build/wbtros2_package/wbtros2_package.egg-info/SOURCES.txt'
writing manifest file '../../build/wbtros2_package/wbtros2_package.egg-info/SOURCES.txt'
running build
running build_py
creating /home/dhonan/Workspace/webots-ros2-gateway/example/wsl_ros2/build/wbtros2_package/build
creating /home/dhonan/Workspace/webots-ros2-gateway/example/wsl_ros2/build/wbtros2_package/build/lib
creating /home/dhonan/Workspace/webots-ros2-gateway/example/wsl_ros2/build/wbtros2_package/build/lib/wbtros2_package
copying wbtros2_package/wbtros2_ros2handler.py -> /home/dhonan/Workspace/webots-ros2-gateway/example/wsl_ros2/build/wbtros2_package/build/lib/wbtros2_package
copying wbtros2_package/__init__.py -> /home/dhonan/Workspace/webots-ros2-gateway/example/wsl_ros2/build/wbtros2_package/build/lib/wbtros2_package
creating /home/dhonan/Workspace/webots-ros2-gateway/example/wsl_ros2/build/wbtros2_package/build/lib/wbtros2_package/modules
copying wbtros2_package/modules/wbtros2_ros2handler_node.py -> /home/dhonan/Workspace/webots-ros2-gateway/example/wsl_ros2/build/wbtros2_package/build/lib/wbtros2_package/modules
copying wbtros2_package/modules/__init__.py -> /home/dhonan/Workspace/webots-ros2-gateway/example/wsl_ros2/build/wbtros2_package/build/lib/wbtros2_package/modules
running install
running install_lib
creating /home/dhonan/Workspace/webots-ros2-gateway/example/wsl_ros2/install/wbtros2_package/lib/python3.10/site-packages/wbtros2_package
copying /home/dhonan/Workspace/webots-ros2-gateway/example/wsl_ros2/build/wbtros2_package/build/lib/wbtros2_package/wbtros2_ros2handler.py -> /home/dhonan/Workspace/webots-ros2-gateway/example/wsl_ros2/install/wbtros2_package/lib/python3.10/site-packages/wbtros2_package
creating /home/dhonan/Workspace/webots-ros2-gateway/example/wsl_ros2/install/wbtros2_package/lib/python3.10/site-packages/wbtros2_package/modules
copying /home/dhonan/Workspace/webots-ros2-gateway/example/wsl_ros2/build/wbtros2_package/build/lib/wbtros2_package/modules/wbtros2_ros2handler_node.py -> /home/dhonan/Workspace/webots-ros2-gateway/example/wsl_ros2/install/wbtros2_package/lib/python3.10/site-packages/wbtros2_package/modules
copying /home/dhonan/Workspace/webots-ros2-gateway/example/wsl_ros2/build/wbtros2_package/build/lib/wbtros2_package/modules/__init__.py -> /home/dhonan/Workspace/webots-ros2-gateway/example/wsl_ros2/install/wbtros2_package/lib/python3.10/site-packages/wbtros2_package/modules
copying /home/dhonan/Workspace/webots-ros2-gateway/example/wsl_ros2/build/wbtros2_package/build/lib/wbtros2_package/__init__.py -> /home/dhonan/Workspace/webots-ros2-gateway/example/wsl_ros2/install/wbtros2_package/lib/python3.10/site-packages/wbtros2_package
byte-compiling /home/dhonan/Workspace/webots-ros2-gateway/example/wsl_ros2/install/wbtros2_package/lib/python3.10/site-packages/wbtros2_package/wbtros2_ros2handler.py to wbtros2_ros2handler.cpython-310.pyc
byte-compiling /home/dhonan/Workspace/webots-ros2-gateway/example/wsl_ros2/install/wbtros2_package/lib/python3.10/site-packages/wbtros2_package/modules/wbtros2_ros2handler_node.py to wbtros2_ros2handler_node.cpython-310.pyc
byte-compiling /home/dhonan/Workspace/webots-ros2-gateway/example/wsl_ros2/install/wbtros2_package/lib/python3.10/site-packages/wbtros2_package/modules/__init__.py to __init__.cpython-310.pyc
byte-compiling /home/dhonan/Workspace/webots-ros2-gateway/example/wsl_ros2/install/wbtros2_package/lib/python3.10/site-packages/wbtros2_package/__init__.py to __init__.cpython-310.pyc
running install_data
creating /home/dhonan/Workspace/webots-ros2-gateway/example/wsl_ros2/install/wbtros2_package/share/ament_index
creating /home/dhonan/Workspace/webots-ros2-gateway/example/wsl_ros2/install/wbtros2_package/share/ament_index/resource_index
creating /home/dhonan/Workspace/webots-ros2-gateway/example/wsl_ros2/install/wbtros2_package/share/ament_index/resource_index/packages
copying resource/wbtros2_package -> /home/dhonan/Workspace/webots-ros2-gateway/example/wsl_ros2/install/wbtros2_package/share/ament_index/resource_index/packages
copying package.xml -> /home/dhonan/Workspace/webots-ros2-gateway/example/wsl_ros2/install/wbtros2_package/share/wbtros2_package
copying launch/wbtros2_ros2handler_launch.py -> /home/dhonan/Workspace/webots-ros2-gateway/example/wsl_ros2/install/wbtros2_package/share/wbtros2_package
running install_egg_info
Copying ../../build/wbtros2_package/wbtros2_package.egg-info to /home/dhonan/Workspace/webots-ros2-gateway/example/wsl_ros2/install/wbtros2_package/lib/python3.10/site-packages/wbtros2_package-0.0.0-py3.10.egg-info
running install_scripts
Installing wbtros2_ros2handler script to /home/dhonan/Workspace/webots-ros2-gateway/example/wsl_ros2/install/wbtros2_package/lib/wbtros2_package
writing list of installed files to '/home/dhonan/Workspace/webots-ros2-gateway/example/wsl_ros2/build/wbtros2_package/install.log'
