[  9%] Built target wbtros2_interface__cpp
[ 12%] Built target wbtros2_interface__rosidl_generator_c
[ 12%] Built target ament_cmake_python_copy_wbtros2_interface
[ 22%] Built target wbtros2_interface__rosidl_typesupport_c
[ 32%] Built target wbtros2_interface__rosidl_typesupport_fastrtps_c
[ 51%] Built target wbtros2_interface__rosidl_typesupport_introspection_cpp
[ 48%] Built target wbtros2_interface__rosidl_typesupport_introspection_c
[ 61%] Built target wbtros2_interface__rosidl_typesupport_cpp
[ 70%] Built target wbtros2_interface__rosidl_typesupport_fastrtps_cpp
[ 70%] Built target wbtros2_interface
[ 74%] Built target wbtros2_interface__py
[ 80%] Built target wbtros2_interface__rosidl_generator_py
[100%] Built target wbtros2_interface__rosidl_typesupport_c__pyext
[100%] Built target wbtros2_interface__rosidl_typesupport_fastrtps_c__pyext
[100%] Built target wbtros2_interface__rosidl_typesupport_introspection_c__pyext
running egg_info
writing wbtros2_interface.egg-info/PKG-INFO
writing dependency_links to wbtros2_interface.egg-info/dependency_links.txt
writing top-level names to wbtros2_interface.egg-info/top_level.txt
reading manifest file 'wbtros2_interface.egg-info/SOURCES.txt'
writing manifest file 'wbtros2_interface.egg-info/SOURCES.txt'
[100%] Built target ament_cmake_python_build_wbtros2_interface_egg
-- Install configuration: ""
-- Up-to-date: /home/dhonan/Workspace/webots-ros2-gateway/example/wsl_ros2/install/wbtros2_interface/share/ament_index/resource_index/rosidl_interfaces/wbtros2_interface
-- Up-to-date: /home/dhonan/Workspace/webots-ros2-gateway/example/wsl_ros2/install/wbtros2_interface/include/wbtros2_interface/wbtros2_interface
-- Up-to-date: /home/dhonan/Workspace/webots-ros2-gateway/example/wsl_ros2/install/wbtros2_interface/include/wbtros2_interface/wbtros2_interface/msg
-- Up-to-date: /home/dhonan/Workspace/webots-ros2-gateway/example/wsl_ros2/install/wbtros2_interface/include/wbtros2_interface/wbtros2_interface/msg/detail
-- Up-to-date: /home/dhonan/Workspace/webots-ros2-gateway/example/wsl_ros2/install/wbtros2_interface/include/wbtros2_interface/wbtros2_interface/msg/detail/wbtros2__functions.h
-- Up-to-date: /home/dhonan/Workspace/webots-ros2-gateway/example/wsl_ros2/install/wbtros2_interface/include/wbtros2_interface/wbtros2_interface/msg/detail/wbtros2__struct.h
-- Up-to-date: /home/dhonan/Workspace/webots-ros2-gateway/example/wsl_ros2/install/wbtros2_interface/include/wbtros2_interface/wbtros2_interface/msg/detail/wbtros2__functions.c
-- Up-to-date: /home/dhonan/Workspace/webots-ros2-gateway/example/wsl_ros2/install/wbtros2_interface/include/wbtros2_interface/wbtros2_interface/msg/detail/wbtros2__type_support.h
-- Up-to-date: /home/dhonan/Workspace/webots-ros2-gateway/example/wsl_ros2/install/wbtros2_interface/include/wbtros2_interface/wbtros2_interface/msg/wbtros2.h
-- Up-to-date: /home/dhonan/Workspace/webots-ros2-gateway/example/wsl_ros2/install/wbtros2_interface/include/wbtros2_interface/wbtros2_interface/msg/rosidl_generator_c__visibility_control.h
-- Up-to-date: /home/dhonan/Workspace/webots-ros2-gateway/example/wsl_ros2/install/wbtros2_interface/share/wbtros2_interface/environment/library_path.sh
-- Up-to-date: /home/dhonan/Workspace/webots-ros2-gateway/example/wsl_ros2/install/wbtros2_interface/share/wbtros2_interface/environment/library_path.dsv
-- Up-to-date: /home/dhonan/Workspace/webots-ros2-gateway/example/wsl_ros2/install/wbtros2_interface/lib/libwbtros2_interface__rosidl_generator_c.so
-- Up-to-date: /home/dhonan/Workspace/webots-ros2-gateway/example/wsl_ros2/install/wbtros2_interface/include/wbtros2_interface/wbtros2_interface
-- Up-to-date: /home/dhonan/Workspace/webots-ros2-gateway/example/wsl_ros2/install/wbtros2_interface/include/wbtros2_interface/wbtros2_interface/msg
-- Up-to-date: /home/dhonan/Workspace/webots-ros2-gateway/example/wsl_ros2/install/wbtros2_interface/include/wbtros2_interface/wbtros2_interface/msg/detail
-- Up-to-date: /home/dhonan/Workspace/webots-ros2-gateway/example/wsl_ros2/install/wbtros2_interface/include/wbtros2_interface/wbtros2_interface/msg/detail/wbtros2__rosidl_typesupport_fastrtps_c.h
-- Up-to-date: /home/dhonan/Workspace/webots-ros2-gateway/example/wsl_ros2/install/wbtros2_interface/include/wbtros2_interface/wbtros2_interface/msg/rosidl_typesupport_fastrtps_c__visibility_control.h
-- Up-to-date: /home/dhonan/Workspace/webots-ros2-gateway/example/wsl_ros2/install/wbtros2_interface/lib/libwbtros2_interface__rosidl_typesupport_fastrtps_c.so
-- Up-to-date: /home/dhonan/Workspace/webots-ros2-gateway/example/wsl_ros2/install/wbtros2_interface/include/wbtros2_interface/wbtros2_interface
-- Up-to-date: /home/dhonan/Workspace/webots-ros2-gateway/example/wsl_ros2/install/wbtros2_interface/include/wbtros2_interface/wbtros2_interface/msg
-- Up-to-date: /home/dhonan/Workspace/webots-ros2-gateway/example/wsl_ros2/install/wbtros2_interface/include/wbtros2_interface/wbtros2_interface/msg/wbtros2.hpp
-- Up-to-date: /home/dhonan/Workspace/webots-ros2-gateway/example/wsl_ros2/install/wbtros2_interface/include/wbtros2_interface/wbtros2_interface/msg/detail
-- Up-to-date: /home/dhonan/Workspace/webots-ros2-gateway/example/wsl_ros2/install/wbtros2_interface/include/wbtros2_interface/wbtros2_interface/msg/detail/wbtros2__traits.hpp
-- Up-to-date: /home/dhonan/Workspace/webots-ros2-gateway/example/wsl_ros2/install/wbtros2_interface/include/wbtros2_interface/wbtros2_interface/msg/detail/wbtros2__struct.hpp
-- Up-to-date: /home/dhonan/Workspace/webots-ros2-gateway/example/wsl_ros2/install/wbtros2_interface/include/wbtros2_interface/wbtros2_interface/msg/detail/wbtros2__builder.hpp
-- Up-to-date: /home/dhonan/Workspace/webots-ros2-gateway/example/wsl_ros2/install/wbtros2_interface/include/wbtros2_interface/wbtros2_interface
-- Up-to-date: /home/dhonan/Workspace/webots-ros2-gateway/example/wsl_ros2/install/wbtros2_interface/include/wbtros2_interface/wbtros2_interface/msg
-- Up-to-date: /home/dhonan/Workspace/webots-ros2-gateway/example/wsl_ros2/install/wbtros2_interface/include/wbtros2_interface/wbtros2_interface/msg/rosidl_typesupport_fastrtps_cpp__visibility_control.h
-- Up-to-date: /home/dhonan/Workspace/webots-ros2-gateway/example/wsl_ros2/install/wbtros2_interface/include/wbtros2_interface/wbtros2_interface/msg/detail
-- Up-to-date: /home/dhonan/Workspace/webots-ros2-gateway/example/wsl_ros2/install/wbtros2_interface/include/wbtros2_interface/wbtros2_interface/msg/detail/dds_fastrtps
-- Up-to-date: /home/dhonan/Workspace/webots-ros2-gateway/example/wsl_ros2/install/wbtros2_interface/include/wbtros2_interface/wbtros2_interface/msg/detail/wbtros2__rosidl_typesupport_fastrtps_cpp.hpp
-- Up-to-date: /home/dhonan/Workspace/webots-ros2-gateway/example/wsl_ros2/install/wbtros2_interface/lib/libwbtros2_interface__rosidl_typesupport_fastrtps_cpp.so
-- Up-to-date: /home/dhonan/Workspace/webots-ros2-gateway/example/wsl_ros2/install/wbtros2_interface/include/wbtros2_interface/wbtros2_interface
-- Up-to-date: /home/dhonan/Workspace/webots-ros2-gateway/example/wsl_ros2/install/wbtros2_interface/include/wbtros2_interface/wbtros2_interface/msg
-- Up-to-date: /home/dhonan/Workspace/webots-ros2-gateway/example/wsl_ros2/install/wbtros2_interface/include/wbtros2_interface/wbtros2_interface/msg/detail
-- Up-to-date: /home/dhonan/Workspace/webots-ros2-gateway/example/wsl_ros2/install/wbtros2_interface/include/wbtros2_interface/wbtros2_interface/msg/detail/wbtros2__type_support.c
-- Up-to-date: /home/dhonan/Workspace/webots-ros2-gateway/example/wsl_ros2/install/wbtros2_interface/include/wbtros2_interface/wbtros2_interface/msg/detail/wbtros2__rosidl_typesupport_introspection_c.h
-- Up-to-date: /home/dhonan/Workspace/webots-ros2-gateway/example/wsl_ros2/install/wbtros2_interface/include/wbtros2_interface/wbtros2_interface/msg/rosidl_typesupport_introspection_c__visibility_control.h
-- Up-to-date: /home/dhonan/Workspace/webots-ros2-gateway/example/wsl_ros2/install/wbtros2_interface/lib/libwbtros2_interface__rosidl_typesupport_introspection_c.so
-- Up-to-date: /home/dhonan/Workspace/webots-ros2-gateway/example/wsl_ros2/install/wbtros2_interface/lib/libwbtros2_interface__rosidl_typesupport_c.so
-- Up-to-date: /home/dhonan/Workspace/webots-ros2-gateway/example/wsl_ros2/install/wbtros2_interface/include/wbtros2_interface/wbtros2_interface
-- Up-to-date: /home/dhonan/Workspace/webots-ros2-gateway/example/wsl_ros2/install/wbtros2_interface/include/wbtros2_interface/wbtros2_interface/msg
-- Up-to-date: /home/dhonan/Workspace/webots-ros2-gateway/example/wsl_ros2/install/wbtros2_interface/include/wbtros2_interface/wbtros2_interface/msg/detail
-- Up-to-date: /home/dhonan/Workspace/webots-ros2-gateway/example/wsl_ros2/install/wbtros2_interface/include/wbtros2_interface/wbtros2_interface/msg/detail/wbtros2__type_support.cpp
-- Up-to-date: /home/dhonan/Workspace/webots-ros2-gateway/example/wsl_ros2/install/wbtros2_interface/include/wbtros2_interface/wbtros2_interface/msg/detail/wbtros2__rosidl_typesupport_introspection_cpp.hpp
-- Up-to-date: /home/dhonan/Workspace/webots-ros2-gateway/example/wsl_ros2/install/wbtros2_interface/lib/libwbtros2_interface__rosidl_typesupport_introspection_cpp.so
-- Up-to-date: /home/dhonan/Workspace/webots-ros2-gateway/example/wsl_ros2/install/wbtros2_interface/lib/libwbtros2_interface__rosidl_typesupport_cpp.so
-- Up-to-date: /home/dhonan/Workspace/webots-ros2-gateway/example/wsl_ros2/install/wbtros2_interface/share/wbtros2_interface/environment/pythonpath.sh
-- Up-to-date: /home/dhonan/Workspace/webots-ros2-gateway/example/wsl_ros2/install/wbtros2_interface/share/wbtros2_interface/environment/pythonpath.dsv
-- Up-to-date: /home/dhonan/Workspace/webots-ros2-gateway/example/wsl_ros2/install/wbtros2_interface/local/lib/python3.10/dist-packages/wbtros2_interface-0.0.0-py3.10.egg-info
-- Installing: /home/dhonan/Workspace/webots-ros2-gateway/example/wsl_ros2/install/wbtros2_interface/local/lib/python3.10/dist-packages/wbtros2_interface-0.0.0-py3.10.egg-info/top_level.txt
-- Installing: /home/dhonan/Workspace/webots-ros2-gateway/example/wsl_ros2/install/wbtros2_interface/local/lib/python3.10/dist-packages/wbtros2_interface-0.0.0-py3.10.egg-info/SOURCES.txt
-- Installing: /home/dhonan/Workspace/webots-ros2-gateway/example/wsl_ros2/install/wbtros2_interface/local/lib/python3.10/dist-packages/wbtros2_interface-0.0.0-py3.10.egg-info/dependency_links.txt
-- Installing: /home/dhonan/Workspace/webots-ros2-gateway/example/wsl_ros2/install/wbtros2_interface/local/lib/python3.10/dist-packages/wbtros2_interface-0.0.0-py3.10.egg-info/PKG-INFO
-- Up-to-date: /home/dhonan/Workspace/webots-ros2-gateway/example/wsl_ros2/install/wbtros2_interface/local/lib/python3.10/dist-packages/wbtros2_interface
-- Up-to-date: /home/dhonan/Workspace/webots-ros2-gateway/example/wsl_ros2/install/wbtros2_interface/local/lib/python3.10/dist-packages/wbtros2_interface/_wbtros2_interface_s.ep.rosidl_typesupport_c.c
-- Up-to-date: /home/dhonan/Workspace/webots-ros2-gateway/example/wsl_ros2/install/wbtros2_interface/local/lib/python3.10/dist-packages/wbtros2_interface/wbtros2_interface_s__rosidl_typesupport_c.cpython-310-x86_64-linux-gnu.so
-- Up-to-date: /home/dhonan/Workspace/webots-ros2-gateway/example/wsl_ros2/install/wbtros2_interface/local/lib/python3.10/dist-packages/wbtros2_interface/_wbtros2_interface_s.ep.rosidl_typesupport_introspection_c.c
-- Up-to-date: /home/dhonan/Workspace/webots-ros2-gateway/example/wsl_ros2/install/wbtros2_interface/local/lib/python3.10/dist-packages/wbtros2_interface/libwbtros2_interface__rosidl_generator_py.so
-- Up-to-date: /home/dhonan/Workspace/webots-ros2-gateway/example/wsl_ros2/install/wbtros2_interface/local/lib/python3.10/dist-packages/wbtros2_interface/_wbtros2_interface_s.ep.rosidl_typesupport_fastrtps_c.c
-- Up-to-date: /home/dhonan/Workspace/webots-ros2-gateway/example/wsl_ros2/install/wbtros2_interface/local/lib/python3.10/dist-packages/wbtros2_interface/msg
-- Up-to-date: /home/dhonan/Workspace/webots-ros2-gateway/example/wsl_ros2/install/wbtros2_interface/local/lib/python3.10/dist-packages/wbtros2_interface/msg/_wbtros2.py
-- Up-to-date: /home/dhonan/Workspace/webots-ros2-gateway/example/wsl_ros2/install/wbtros2_interface/local/lib/python3.10/dist-packages/wbtros2_interface/msg/_wbtros2_s.c
-- Up-to-date: /home/dhonan/Workspace/webots-ros2-gateway/example/wsl_ros2/install/wbtros2_interface/local/lib/python3.10/dist-packages/wbtros2_interface/msg/__init__.py
-- Up-to-date: /home/dhonan/Workspace/webots-ros2-gateway/example/wsl_ros2/install/wbtros2_interface/local/lib/python3.10/dist-packages/wbtros2_interface/wbtros2_interface_s__rosidl_typesupport_introspection_c.cpython-310-x86_64-linux-gnu.so
-- Up-to-date: /home/dhonan/Workspace/webots-ros2-gateway/example/wsl_ros2/install/wbtros2_interface/local/lib/python3.10/dist-packages/wbtros2_interface/wbtros2_interface_s__rosidl_typesupport_fastrtps_c.cpython-310-x86_64-linux-gnu.so
-- Up-to-date: /home/dhonan/Workspace/webots-ros2-gateway/example/wsl_ros2/install/wbtros2_interface/local/lib/python3.10/dist-packages/wbtros2_interface/__init__.py
Listing '/home/dhonan/Workspace/webots-ros2-gateway/example/wsl_ros2/install/wbtros2_interface/local/lib/python3.10/dist-packages/wbtros2_interface'...
Listing '/home/dhonan/Workspace/webots-ros2-gateway/example/wsl_ros2/install/wbtros2_interface/local/lib/python3.10/dist-packages/wbtros2_interface/msg'...
-- Up-to-date: /home/dhonan/Workspace/webots-ros2-gateway/example/wsl_ros2/install/wbtros2_interface/local/lib/python3.10/dist-packages/wbtros2_interface/wbtros2_interface_s__rosidl_typesupport_fastrtps_c.cpython-310-x86_64-linux-gnu.so
-- Up-to-date: /home/dhonan/Workspace/webots-ros2-gateway/example/wsl_ros2/install/wbtros2_interface/local/lib/python3.10/dist-packages/wbtros2_interface/wbtros2_interface_s__rosidl_typesupport_introspection_c.cpython-310-x86_64-linux-gnu.so
-- Up-to-date: /home/dhonan/Workspace/webots-ros2-gateway/example/wsl_ros2/install/wbtros2_interface/local/lib/python3.10/dist-packages/wbtros2_interface/wbtros2_interface_s__rosidl_typesupport_c.cpython-310-x86_64-linux-gnu.so
-- Up-to-date: /home/dhonan/Workspace/webots-ros2-gateway/example/wsl_ros2/install/wbtros2_interface/lib/libwbtros2_interface__rosidl_generator_py.so
-- Up-to-date: /home/dhonan/Workspace/webots-ros2-gateway/example/wsl_ros2/install/wbtros2_interface/share/wbtros2_interface/msg/Wbtros2.idl
-- Up-to-date: /home/dhonan/Workspace/webots-ros2-gateway/example/wsl_ros2/install/wbtros2_interface/share/wbtros2_interface/msg/Wbtros2.msg
-- Up-to-date: /home/dhonan/Workspace/webots-ros2-gateway/example/wsl_ros2/install/wbtros2_interface/share/ament_index/resource_index/package_run_dependencies/wbtros2_interface
-- Up-to-date: /home/dhonan/Workspace/webots-ros2-gateway/example/wsl_ros2/install/wbtros2_interface/share/ament_index/resource_index/parent_prefix_path/wbtros2_interface
-- Up-to-date: /home/dhonan/Workspace/webots-ros2-gateway/example/wsl_ros2/install/wbtros2_interface/share/wbtros2_interface/environment/ament_prefix_path.sh
-- Up-to-date: /home/dhonan/Workspace/webots-ros2-gateway/example/wsl_ros2/install/wbtros2_interface/share/wbtros2_interface/environment/ament_prefix_path.dsv
-- Up-to-date: /home/dhonan/Workspace/webots-ros2-gateway/example/wsl_ros2/install/wbtros2_interface/share/wbtros2_interface/environment/path.sh
-- Up-to-date: /home/dhonan/Workspace/webots-ros2-gateway/example/wsl_ros2/install/wbtros2_interface/share/wbtros2_interface/environment/path.dsv
-- Up-to-date: /home/dhonan/Workspace/webots-ros2-gateway/example/wsl_ros2/install/wbtros2_interface/share/wbtros2_interface/local_setup.bash
-- Up-to-date: /home/dhonan/Workspace/webots-ros2-gateway/example/wsl_ros2/install/wbtros2_interface/share/wbtros2_interface/local_setup.sh
-- Up-to-date: /home/dhonan/Workspace/webots-ros2-gateway/example/wsl_ros2/install/wbtros2_interface/share/wbtros2_interface/local_setup.zsh
-- Up-to-date: /home/dhonan/Workspace/webots-ros2-gateway/example/wsl_ros2/install/wbtros2_interface/share/wbtros2_interface/local_setup.dsv
-- Installing: /home/dhonan/Workspace/webots-ros2-gateway/example/wsl_ros2/install/wbtros2_interface/share/wbtros2_interface/package.dsv
-- Up-to-date: /home/dhonan/Workspace/webots-ros2-gateway/example/wsl_ros2/install/wbtros2_interface/share/ament_index/resource_index/packages/wbtros2_interface
-- Up-to-date: /home/dhonan/Workspace/webots-ros2-gateway/example/wsl_ros2/install/wbtros2_interface/share/wbtros2_interface/cmake/export_wbtros2_interface__rosidl_generator_cExport.cmake
-- Up-to-date: /home/dhonan/Workspace/webots-ros2-gateway/example/wsl_ros2/install/wbtros2_interface/share/wbtros2_interface/cmake/export_wbtros2_interface__rosidl_generator_cExport-noconfig.cmake
-- Up-to-date: /home/dhonan/Workspace/webots-ros2-gateway/example/wsl_ros2/install/wbtros2_interface/share/wbtros2_interface/cmake/export_wbtros2_interface__rosidl_typesupport_fastrtps_cExport.cmake
-- Up-to-date: /home/dhonan/Workspace/webots-ros2-gateway/example/wsl_ros2/install/wbtros2_interface/share/wbtros2_interface/cmake/export_wbtros2_interface__rosidl_typesupport_fastrtps_cExport-noconfig.cmake
-- Up-to-date: /home/dhonan/Workspace/webots-ros2-gateway/example/wsl_ros2/install/wbtros2_interface/share/wbtros2_interface/cmake/export_wbtros2_interface__rosidl_generator_cppExport.cmake
-- Up-to-date: /home/dhonan/Workspace/webots-ros2-gateway/example/wsl_ros2/install/wbtros2_interface/share/wbtros2_interface/cmake/export_wbtros2_interface__rosidl_typesupport_fastrtps_cppExport.cmake
-- Up-to-date: /home/dhonan/Workspace/webots-ros2-gateway/example/wsl_ros2/install/wbtros2_interface/share/wbtros2_interface/cmake/export_wbtros2_interface__rosidl_typesupport_fastrtps_cppExport-noconfig.cmake
-- Up-to-date: /home/dhonan/Workspace/webots-ros2-gateway/example/wsl_ros2/install/wbtros2_interface/share/wbtros2_interface/cmake/wbtros2_interface__rosidl_typesupport_introspection_cExport.cmake
-- Up-to-date: /home/dhonan/Workspace/webots-ros2-gateway/example/wsl_ros2/install/wbtros2_interface/share/wbtros2_interface/cmake/wbtros2_interface__rosidl_typesupport_introspection_cExport-noconfig.cmake
-- Up-to-date: /home/dhonan/Workspace/webots-ros2-gateway/example/wsl_ros2/install/wbtros2_interface/share/wbtros2_interface/cmake/wbtros2_interface__rosidl_typesupport_cExport.cmake
-- Up-to-date: /home/dhonan/Workspace/webots-ros2-gateway/example/wsl_ros2/install/wbtros2_interface/share/wbtros2_interface/cmake/wbtros2_interface__rosidl_typesupport_cExport-noconfig.cmake
-- Up-to-date: /home/dhonan/Workspace/webots-ros2-gateway/example/wsl_ros2/install/wbtros2_interface/share/wbtros2_interface/cmake/wbtros2_interface__rosidl_typesupport_introspection_cppExport.cmake
-- Up-to-date: /home/dhonan/Workspace/webots-ros2-gateway/example/wsl_ros2/install/wbtros2_interface/share/wbtros2_interface/cmake/wbtros2_interface__rosidl_typesupport_introspection_cppExport-noconfig.cmake
-- Up-to-date: /home/dhonan/Workspace/webots-ros2-gateway/example/wsl_ros2/install/wbtros2_interface/share/wbtros2_interface/cmake/wbtros2_interface__rosidl_typesupport_cppExport.cmake
-- Up-to-date: /home/dhonan/Workspace/webots-ros2-gateway/example/wsl_ros2/install/wbtros2_interface/share/wbtros2_interface/cmake/wbtros2_interface__rosidl_typesupport_cppExport-noconfig.cmake
-- Up-to-date: /home/dhonan/Workspace/webots-ros2-gateway/example/wsl_ros2/install/wbtros2_interface/share/wbtros2_interface/cmake/export_wbtros2_interface__rosidl_generator_pyExport.cmake
-- Up-to-date: /home/dhonan/Workspace/webots-ros2-gateway/example/wsl_ros2/install/wbtros2_interface/share/wbtros2_interface/cmake/export_wbtros2_interface__rosidl_generator_pyExport-noconfig.cmake
-- Up-to-date: /home/dhonan/Workspace/webots-ros2-gateway/example/wsl_ros2/install/wbtros2_interface/share/wbtros2_interface/cmake/rosidl_cmake-extras.cmake
-- Up-to-date: /home/dhonan/Workspace/webots-ros2-gateway/example/wsl_ros2/install/wbtros2_interface/share/wbtros2_interface/cmake/ament_cmake_export_include_directories-extras.cmake
-- Up-to-date: /home/dhonan/Workspace/webots-ros2-gateway/example/wsl_ros2/install/wbtros2_interface/share/wbtros2_interface/cmake/ament_cmake_export_libraries-extras.cmake
-- Up-to-date: /home/dhonan/Workspace/webots-ros2-gateway/example/wsl_ros2/install/wbtros2_interface/share/wbtros2_interface/cmake/ament_cmake_export_targets-extras.cmake
-- Up-to-date: /home/dhonan/Workspace/webots-ros2-gateway/example/wsl_ros2/install/wbtros2_interface/share/wbtros2_interface/cmake/rosidl_cmake_export_typesupport_targets-extras.cmake
-- Up-to-date: /home/dhonan/Workspace/webots-ros2-gateway/example/wsl_ros2/install/wbtros2_interface/share/wbtros2_interface/cmake/ament_cmake_export_dependencies-extras.cmake
-- Up-to-date: /home/dhonan/Workspace/webots-ros2-gateway/example/wsl_ros2/install/wbtros2_interface/share/wbtros2_interface/cmake/rosidl_cmake_export_typesupport_libraries-extras.cmake
-- Up-to-date: /home/dhonan/Workspace/webots-ros2-gateway/example/wsl_ros2/install/wbtros2_interface/share/wbtros2_interface/cmake/wbtros2_interfaceConfig.cmake
-- Up-to-date: /home/dhonan/Workspace/webots-ros2-gateway/example/wsl_ros2/install/wbtros2_interface/share/wbtros2_interface/cmake/wbtros2_interfaceConfig-version.cmake
-- Up-to-date: /home/dhonan/Workspace/webots-ros2-gateway/example/wsl_ros2/install/wbtros2_interface/share/wbtros2_interface/package.xml
