[1.658s] Invoking command in '/home/dhonan/Workspace/webots-ros2-gateway/example/wsl_ros2/src/wbtros2_package': PYTHONPATH=/home/dhonan/Workspace/webots-ros2-gateway/example/wsl_ros2/build/wbtros2_package/prefix_override:/home/dhonan/Workspace/webots-ros2-gateway/example/wsl_ros2/install/wbtros2_package/lib/python3.10/site-packages:${PYTHONPATH} /usr/bin/python3 setup.py egg_info --egg-base ../../build/wbtros2_package build --build-base /home/dhonan/Workspace/webots-ros2-gateway/example/wsl_ros2/build/wbtros2_package/build install --record /home/dhonan/Workspace/webots-ros2-gateway/example/wsl_ros2/build/wbtros2_package/install.log --single-version-externally-managed
[1.980s] running egg_info
[1.982s] writing ../../build/wbtros2_package/wbtros2_package.egg-info/PKG-INFO
[1.983s] writing dependency_links to ../../build/wbtros2_package/wbtros2_package.egg-info/dependency_links.txt
[1.983s] writing entry points to ../../build/wbtros2_package/wbtros2_package.egg-info/entry_points.txt
[1.983s] writing requirements to ../../build/wbtros2_package/wbtros2_package.egg-info/requires.txt
[1.984s] writing top-level names to ../../build/wbtros2_package/wbtros2_package.egg-info/top_level.txt
[1.987s] reading manifest file '../../build/wbtros2_package/wbtros2_package.egg-info/SOURCES.txt'
[1.989s] writing manifest file '../../build/wbtros2_package/wbtros2_package.egg-info/SOURCES.txt'
[1.990s] running build
[1.990s] running build_py
[1.990s] copying wbtros2_package/modules/wbtros2_ros2handler_node.py -> /home/dhonan/Workspace/webots-ros2-gateway/example/wsl_ros2/build/wbtros2_package/build/lib/wbtros2_package/modules
[1.991s] running install
[1.991s] running install_lib
[1.993s] copying /home/dhonan/Workspace/webots-ros2-gateway/example/wsl_ros2/build/wbtros2_package/build/lib/wbtros2_package/modules/wbtros2_ros2handler_node.py -> /home/dhonan/Workspace/webots-ros2-gateway/example/wsl_ros2/install/wbtros2_package/lib/python3.10/site-packages/wbtros2_package/modules
[1.995s] byte-compiling /home/dhonan/Workspace/webots-ros2-gateway/example/wsl_ros2/install/wbtros2_package/lib/python3.10/site-packages/wbtros2_package/modules/wbtros2_ros2handler_node.py to wbtros2_ros2handler_node.cpython-310.pyc
[1.996s] running install_data
[1.998s] running install_egg_info
[2.000s] removing '/home/dhonan/Workspace/webots-ros2-gateway/example/wsl_ros2/install/wbtros2_package/lib/python3.10/site-packages/wbtros2_package-0.0.0-py3.10.egg-info' (and everything under it)
[2.001s] Copying ../../build/wbtros2_package/wbtros2_package.egg-info to /home/dhonan/Workspace/webots-ros2-gateway/example/wsl_ros2/install/wbtros2_package/lib/python3.10/site-packages/wbtros2_package-0.0.0-py3.10.egg-info
[2.003s] running install_scripts
[2.025s] Installing wbtros2_ros2handler script to /home/dhonan/Workspace/webots-ros2-gateway/example/wsl_ros2/install/wbtros2_package/lib/wbtros2_package
[2.025s] writing list of installed files to '/home/dhonan/Workspace/webots-ros2-gateway/example/wsl_ros2/build/wbtros2_package/install.log'
[2.126s] Invoked command in '/home/dhonan/Workspace/webots-ros2-gateway/example/wsl_ros2/src/wbtros2_package' returned '0': PYTHONPATH=/home/dhonan/Workspace/webots-ros2-gateway/example/wsl_ros2/build/wbtros2_package/prefix_override:/home/dhonan/Workspace/webots-ros2-gateway/example/wsl_ros2/install/wbtros2_package/lib/python3.10/site-packages:${PYTHONPATH} /usr/bin/python3 setup.py egg_info --egg-base ../../build/wbtros2_package build --build-base /home/dhonan/Workspace/webots-ros2-gateway/example/wsl_ros2/build/wbtros2_package/build install --record /home/dhonan/Workspace/webots-ros2-gateway/example/wsl_ros2/build/wbtros2_package/install.log --single-version-externally-managed
