running egg_info
writing ../../build/wbtros2_example/wbtros2_example.egg-info/PKG-INFO
writing dependency_links to ../../build/wbtros2_example/wbtros2_example.egg-info/dependency_links.txt
writing entry points to ../../build/wbtros2_example/wbtros2_example.egg-info/entry_points.txt
writing requirements to ../../build/wbtros2_example/wbtros2_example.egg-info/requires.txt
writing top-level names to ../../build/wbtros2_example/wbtros2_example.egg-info/top_level.txt
reading manifest file '../../build/wbtros2_example/wbtros2_example.egg-info/SOURCES.txt'
writing manifest file '../../build/wbtros2_example/wbtros2_example.egg-info/SOURCES.txt'
running build
running build_py
creating /home/dhonan/Workspace/webots-ros2-gateway/example/wsl_ros2/build/wbtros2_example/build
creating /home/dhonan/Workspace/webots-ros2-gateway/example/wsl_ros2/build/wbtros2_example/build/lib
creating /home/dhonan/Workspace/webots-ros2-gateway/example/wsl_ros2/build/wbtros2_example/build/lib/wbtros2_example
copying wbtros2_example/__init__.py -> /home/dhonan/Workspace/webots-ros2-gateway/example/wsl_ros2/build/wbtros2_example/build/lib/wbtros2_example
creating /home/dhonan/Workspace/webots-ros2-gateway/example/wsl_ros2/build/wbtros2_example/build/lib/wbtros2_example/modules
copying wbtros2_example/modules/__init__.py -> /home/dhonan/Workspace/webots-ros2-gateway/example/wsl_ros2/build/wbtros2_example/build/lib/wbtros2_example/modules
running install
running install_lib
creating /home/dhonan/Workspace/webots-ros2-gateway/example/wsl_ros2/install/wbtros2_example/lib/python3.10/site-packages/wbtros2_example
creating /home/dhonan/Workspace/webots-ros2-gateway/example/wsl_ros2/install/wbtros2_example/lib/python3.10/site-packages/wbtros2_example/modules
copying /home/dhonan/Workspace/webots-ros2-gateway/example/wsl_ros2/build/wbtros2_example/build/lib/wbtros2_example/modules/__init__.py -> /home/dhonan/Workspace/webots-ros2-gateway/example/wsl_ros2/install/wbtros2_example/lib/python3.10/site-packages/wbtros2_example/modules
copying /home/dhonan/Workspace/webots-ros2-gateway/example/wsl_ros2/build/wbtros2_example/build/lib/wbtros2_example/__init__.py -> /home/dhonan/Workspace/webots-ros2-gateway/example/wsl_ros2/install/wbtros2_example/lib/python3.10/site-packages/wbtros2_example
byte-compiling /home/dhonan/Workspace/webots-ros2-gateway/example/wsl_ros2/install/wbtros2_example/lib/python3.10/site-packages/wbtros2_example/modules/__init__.py to __init__.cpython-310.pyc
byte-compiling /home/dhonan/Workspace/webots-ros2-gateway/example/wsl_ros2/install/wbtros2_example/lib/python3.10/site-packages/wbtros2_example/__init__.py to __init__.cpython-310.pyc
running install_data
creating /home/dhonan/Workspace/webots-ros2-gateway/example/wsl_ros2/install/wbtros2_example/share/ament_index
creating /home/dhonan/Workspace/webots-ros2-gateway/example/wsl_ros2/install/wbtros2_example/share/ament_index/resource_index
creating /home/dhonan/Workspace/webots-ros2-gateway/example/wsl_ros2/install/wbtros2_example/share/ament_index/resource_index/packages
copying resource/wbtros2_example -> /home/dhonan/Workspace/webots-ros2-gateway/example/wsl_ros2/install/wbtros2_example/share/ament_index/resource_index/packages
copying package.xml -> /home/dhonan/Workspace/webots-ros2-gateway/example/wsl_ros2/install/wbtros2_example/share/wbtros2_example
copying launch/wbtros2_example_launch.py -> /home/dhonan/Workspace/webots-ros2-gateway/example/wsl_ros2/install/wbtros2_example/share/wbtros2_example
running install_egg_info
Copying ../../build/wbtros2_example/wbtros2_example.egg-info to /home/dhonan/Workspace/webots-ros2-gateway/example/wsl_ros2/install/wbtros2_example/lib/python3.10/site-packages/wbtros2_example-0.0.0-py3.10.egg-info
running install_scripts
writing list of installed files to '/home/dhonan/Workspace/webots-ros2-gateway/example/wsl_ros2/build/wbtros2_example/install.log'
