[1.584s] Invoking command in '/home/dhonan/Workspace/webots-ros2-gateway/example/wsl_ros2/src/wbtros2_package': PYTHONPATH=/home/dhonan/Workspace/webots-ros2-gateway/example/wsl_ros2/build/wbtros2_package/prefix_override:/home/dhonan/Workspace/webots-ros2-gateway/example/wsl_ros2/install/wbtros2_package/lib/python3.10/site-packages:${PYTHONPATH} /usr/bin/python3 setup.py egg_info --egg-base ../../build/wbtros2_package build --build-base /home/dhonan/Workspace/webots-ros2-gateway/example/wsl_ros2/build/wbtros2_package/build install --record /home/dhonan/Workspace/webots-ros2-gateway/example/wsl_ros2/build/wbtros2_package/install.log --single-version-externally-managed
[1.926s] running egg_info
[1.927s] writing ../../build/wbtros2_package/wbtros2_package.egg-info/PKG-INFO
[1.927s] writing dependency_links to ../../build/wbtros2_package/wbtros2_package.egg-info/dependency_links.txt
[1.927s] writing entry points to ../../build/wbtros2_package/wbtros2_package.egg-info/entry_points.txt
[1.927s] writing requirements to ../../build/wbtros2_package/wbtros2_package.egg-info/requires.txt
[1.927s] writing top-level names to ../../build/wbtros2_package/wbtros2_package.egg-info/top_level.txt
[1.929s] reading manifest file '../../build/wbtros2_package/wbtros2_package.egg-info/SOURCES.txt'
[1.930s] writing manifest file '../../build/wbtros2_package/wbtros2_package.egg-info/SOURCES.txt'
[1.930s] running build
[1.931s] running build_py
[1.931s] copying wbtros2_package/modules/wbtros2_ros2handler_node.py -> /home/dhonan/Workspace/webots-ros2-gateway/example/wsl_ros2/build/wbtros2_package/build/lib/wbtros2_package/modules
[1.931s] running install
[1.931s] running install_lib
[1.932s] copying /home/dhonan/Workspace/webots-ros2-gateway/example/wsl_ros2/build/wbtros2_package/build/lib/wbtros2_package/modules/wbtros2_ros2handler_node.py -> /home/dhonan/Workspace/webots-ros2-gateway/example/wsl_ros2/install/wbtros2_package/lib/python3.10/site-packages/wbtros2_package/modules
[1.933s] byte-compiling /home/dhonan/Workspace/webots-ros2-gateway/example/wsl_ros2/install/wbtros2_package/lib/python3.10/site-packages/wbtros2_package/modules/wbtros2_ros2handler_node.py to wbtros2_ros2handler_node.cpython-310.pyc
[1.934s] running install_data
[1.936s] running install_egg_info
[1.938s] removing '/home/dhonan/Workspace/webots-ros2-gateway/example/wsl_ros2/install/wbtros2_package/lib/python3.10/site-packages/wbtros2_package-0.0.0-py3.10.egg-info' (and everything under it)
[1.938s] Copying ../../build/wbtros2_package/wbtros2_package.egg-info to /home/dhonan/Workspace/webots-ros2-gateway/example/wsl_ros2/install/wbtros2_package/lib/python3.10/site-packages/wbtros2_package-0.0.0-py3.10.egg-info
[1.939s] running install_scripts
[1.965s] Installing wbtros2_ros2handler script to /home/dhonan/Workspace/webots-ros2-gateway/example/wsl_ros2/install/wbtros2_package/lib/wbtros2_package
[1.966s] writing list of installed files to '/home/dhonan/Workspace/webots-ros2-gateway/example/wsl_ros2/build/wbtros2_package/install.log'
[2.003s] Invoked command in '/home/dhonan/Workspace/webots-ros2-gateway/example/wsl_ros2/src/wbtros2_package' returned '0': PYTHONPATH=/home/dhonan/Workspace/webots-ros2-gateway/example/wsl_ros2/build/wbtros2_package/prefix_override:/home/dhonan/Workspace/webots-ros2-gateway/example/wsl_ros2/install/wbtros2_package/lib/python3.10/site-packages:${PYTHONPATH} /usr/bin/python3 setup.py egg_info --egg-base ../../build/wbtros2_package build --build-base /home/dhonan/Workspace/webots-ros2-gateway/example/wsl_ros2/build/wbtros2_package/build install --record /home/dhonan/Workspace/webots-ros2-gateway/example/wsl_ros2/build/wbtros2_package/install.log --single-version-externally-managed
