[2.013s] DEBUG:colcon:Command line arguments: ['/home/dhonan/.local/bin/colcon', 'build']
[2.013s] DEBUG:colcon:Parsed command line arguments: Namespace(log_base=None, log_level=None, verb_name='build', build_base='build', install_base='install', merge_install=False, symlink_install=False, test_result_base=None, continue_on_error=False, executor='parallel', parallel_workers=8, event_handlers=None, ignore_user_meta=False, metas=['./colcon.meta'], base_paths=['.'], packages_ignore=None, packages_ignore_regex=None, paths=None, packages_up_to=None, packages_up_to_regex=None, packages_above=None, packages_above_and_dependencies=None, packages_above_depth=None, packages_select_by_dep=None, packages_skip_by_dep=None, packages_skip_up_to=None, packages_select_build_failed=False, packages_skip_build_finished=False, packages_select_test_failures=False, packages_skip_test_passed=False, packages_select=None, packages_skip=None, packages_select_regex=None, packages_skip_regex=None, packages_start=None, packages_end=None, allow_overriding=[], cmake_args=None, cmake_target=None, cmake_target_skip_unavailable=False, cmake_clean_cache=False, cmake_clean_first=False, cmake_force_configure=False, ament_cmake_args=None, catkin_cmake_args=None, catkin_skip_building_tests=False, mixin_files=None, mixin=None, verb_parser=<colcon_mixin.mixin.mixin_argument.MixinArgumentDecorator object at 0x7fb96e0c19c0>, verb_extension=<colcon_core.verb.build.BuildVerb object at 0x7fb96e0be590>, main=<bound method BuildVerb.main of <colcon_core.verb.build.BuildVerb object at 0x7fb96e0be590>>, mixin_verb=('build',))
[2.088s] Level 1:colcon.colcon_core.package_discovery:discover_packages(colcon_meta) check parameters
[2.089s] Level 1:colcon.colcon_core.package_discovery:discover_packages(recursive) check parameters
[2.089s] Level 1:colcon.colcon_core.package_discovery:discover_packages(ignore) check parameters
[2.089s] Level 1:colcon.colcon_core.package_discovery:discover_packages(path) check parameters
[2.089s] Level 1:colcon.colcon_core.package_discovery:discover_packages(colcon_meta) discover
[2.089s] Level 1:colcon.colcon_core.package_discovery:discover_packages(recursive) discover
[2.089s] INFO:colcon.colcon_core.package_discovery:Crawling recursively for packages in '/home/dhonan/Workspace/webots-ros2-gateway/example/wsl_ros2'
[2.089s] Level 1:colcon.colcon_core.package_identification:_identify(.) by extensions ['ignore', 'ignore_ament_install']
[2.089s] Level 1:colcon.colcon_core.package_identification:_identify(.) by extension 'ignore'
[2.089s] Level 1:colcon.colcon_core.package_identification:_identify(.) by extension 'ignore_ament_install'
[2.089s] Level 1:colcon.colcon_core.package_identification:_identify(.) by extensions ['colcon_pkg']
[2.089s] Level 1:colcon.colcon_core.package_identification:_identify(.) by extension 'colcon_pkg'
[2.089s] Level 1:colcon.colcon_core.package_identification:_identify(.) by extensions ['colcon_meta']
[2.089s] Level 1:colcon.colcon_core.package_identification:_identify(.) by extension 'colcon_meta'
[2.090s] Level 1:colcon.colcon_core.package_identification:_identify(.) by extensions ['ros']
[2.090s] Level 1:colcon.colcon_core.package_identification:_identify(.) by extension 'ros'
[2.122s] Level 1:colcon.colcon_core.package_identification:_identify(.) by extensions ['cmake', 'python']
[2.122s] Level 1:colcon.colcon_core.package_identification:_identify(.) by extension 'cmake'
[2.122s] Level 1:colcon.colcon_core.package_identification:_identify(.) by extension 'python'
[2.122s] Level 1:colcon.colcon_core.package_identification:_identify(.) by extensions ['python_setup_py']
[2.123s] Level 1:colcon.colcon_core.package_identification:_identify(.) by extension 'python_setup_py'
[2.123s] Level 1:colcon.colcon_core.package_identification:_identify(build) by extensions ['ignore', 'ignore_ament_install']
[2.123s] Level 1:colcon.colcon_core.package_identification:_identify(build) by extension 'ignore'
[2.123s] Level 1:colcon.colcon_core.package_identification:_identify(build) ignored
[2.123s] Level 1:colcon.colcon_core.package_identification:_identify(install) by extensions ['ignore', 'ignore_ament_install']
[2.123s] Level 1:colcon.colcon_core.package_identification:_identify(install) by extension 'ignore'
[2.123s] Level 1:colcon.colcon_core.package_identification:_identify(install) ignored
[2.124s] Level 1:colcon.colcon_core.package_identification:_identify(log) by extensions ['ignore', 'ignore_ament_install']
[2.124s] Level 1:colcon.colcon_core.package_identification:_identify(log) by extension 'ignore'
[2.124s] Level 1:colcon.colcon_core.package_identification:_identify(log) ignored
[2.124s] Level 1:colcon.colcon_core.package_identification:_identify(src) by extensions ['ignore', 'ignore_ament_install']
[2.124s] Level 1:colcon.colcon_core.package_identification:_identify(src) by extension 'ignore'
[2.124s] Level 1:colcon.colcon_core.package_identification:_identify(src) by extension 'ignore_ament_install'
[2.124s] Level 1:colcon.colcon_core.package_identification:_identify(src) by extensions ['colcon_pkg']
[2.124s] Level 1:colcon.colcon_core.package_identification:_identify(src) by extension 'colcon_pkg'
[2.124s] Level 1:colcon.colcon_core.package_identification:_identify(src) by extensions ['colcon_meta']
[2.124s] Level 1:colcon.colcon_core.package_identification:_identify(src) by extension 'colcon_meta'
[2.125s] Level 1:colcon.colcon_core.package_identification:_identify(src) by extensions ['ros']
[2.125s] Level 1:colcon.colcon_core.package_identification:_identify(src) by extension 'ros'
[2.125s] Level 1:colcon.colcon_core.package_identification:_identify(src) by extensions ['cmake', 'python']
[2.125s] Level 1:colcon.colcon_core.package_identification:_identify(src) by extension 'cmake'
[2.125s] Level 1:colcon.colcon_core.package_identification:_identify(src) by extension 'python'
[2.125s] Level 1:colcon.colcon_core.package_identification:_identify(src) by extensions ['python_setup_py']
[2.125s] Level 1:colcon.colcon_core.package_identification:_identify(src) by extension 'python_setup_py'
[2.125s] Level 1:colcon.colcon_core.package_identification:_identify(src/wbtros2_example) by extensions ['ignore', 'ignore_ament_install']
[2.125s] Level 1:colcon.colcon_core.package_identification:_identify(src/wbtros2_example) by extension 'ignore'
[2.125s] Level 1:colcon.colcon_core.package_identification:_identify(src/wbtros2_example) by extension 'ignore_ament_install'
[2.125s] Level 1:colcon.colcon_core.package_identification:_identify(src/wbtros2_example) by extensions ['colcon_pkg']
[2.125s] Level 1:colcon.colcon_core.package_identification:_identify(src/wbtros2_example) by extension 'colcon_pkg'
[2.125s] Level 1:colcon.colcon_core.package_identification:_identify(src/wbtros2_example) by extensions ['colcon_meta']
[2.125s] Level 1:colcon.colcon_core.package_identification:_identify(src/wbtros2_example) by extension 'colcon_meta'
[2.126s] Level 1:colcon.colcon_core.package_identification:_identify(src/wbtros2_example) by extensions ['ros']
[2.126s] Level 1:colcon.colcon_core.package_identification:_identify(src/wbtros2_example) by extension 'ros'
[2.128s] DEBUG:colcon.colcon_core.package_identification:Package 'src/wbtros2_example' with type 'ros.ament_python' and name 'wbtros2_example'
[2.129s] Level 1:colcon.colcon_core.package_identification:_identify(src/wbtros2_interface) by extensions ['ignore', 'ignore_ament_install']
[2.129s] Level 1:colcon.colcon_core.package_identification:_identify(src/wbtros2_interface) by extension 'ignore'
[2.129s] Level 1:colcon.colcon_core.package_identification:_identify(src/wbtros2_interface) by extension 'ignore_ament_install'
[2.129s] Level 1:colcon.colcon_core.package_identification:_identify(src/wbtros2_interface) by extensions ['colcon_pkg']
[2.129s] Level 1:colcon.colcon_core.package_identification:_identify(src/wbtros2_interface) by extension 'colcon_pkg'
[2.129s] Level 1:colcon.colcon_core.package_identification:_identify(src/wbtros2_interface) by extensions ['colcon_meta']
[2.129s] Level 1:colcon.colcon_core.package_identification:_identify(src/wbtros2_interface) by extension 'colcon_meta'
[2.129s] Level 1:colcon.colcon_core.package_identification:_identify(src/wbtros2_interface) by extensions ['ros']
[2.129s] Level 1:colcon.colcon_core.package_identification:_identify(src/wbtros2_interface) by extension 'ros'
[2.130s] DEBUG:colcon.colcon_core.package_identification:Package 'src/wbtros2_interface' with type 'ros.ament_cmake' and name 'wbtros2_interface'
[2.130s] Level 1:colcon.colcon_core.package_identification:_identify(src/wbtros2_package) by extensions ['ignore', 'ignore_ament_install']
[2.131s] Level 1:colcon.colcon_core.package_identification:_identify(src/wbtros2_package) by extension 'ignore'
[2.131s] Level 1:colcon.colcon_core.package_identification:_identify(src/wbtros2_package) by extension 'ignore_ament_install'
[2.131s] Level 1:colcon.colcon_core.package_identification:_identify(src/wbtros2_package) by extensions ['colcon_pkg']
[2.131s] Level 1:colcon.colcon_core.package_identification:_identify(src/wbtros2_package) by extension 'colcon_pkg'
[2.131s] Level 1:colcon.colcon_core.package_identification:_identify(src/wbtros2_package) by extensions ['colcon_meta']
[2.131s] Level 1:colcon.colcon_core.package_identification:_identify(src/wbtros2_package) by extension 'colcon_meta'
[2.131s] Level 1:colcon.colcon_core.package_identification:_identify(src/wbtros2_package) by extensions ['ros']
[2.131s] Level 1:colcon.colcon_core.package_identification:_identify(src/wbtros2_package) by extension 'ros'
[2.132s] DEBUG:colcon.colcon_core.package_identification:Package 'src/wbtros2_package' with type 'ros.ament_python' and name 'wbtros2_package'
[2.132s] Level 1:colcon.colcon_core.package_discovery:discover_packages(recursive) using defaults
[2.132s] Level 1:colcon.colcon_core.package_discovery:discover_packages(ignore) discover
[2.132s] Level 1:colcon.colcon_core.package_discovery:discover_packages(ignore) using defaults
[2.132s] Level 1:colcon.colcon_core.package_discovery:discover_packages(path) discover
[2.132s] Level 1:colcon.colcon_core.package_discovery:discover_packages(path) using defaults
[2.255s] Level 1:colcon.colcon_core.package_discovery:discover_packages(prefix_path) check parameters
[2.255s] Level 1:colcon.colcon_core.package_discovery:discover_packages(prefix_path) discover
[2.304s] DEBUG:colcon.colcon_installed_package_information.package_discovery:Found 3 installed packages in /home/dhonan/Workspace/webots-ros2-gateway/example/wsl_ros2/install
[2.328s] DEBUG:colcon.colcon_installed_package_information.package_discovery:Found 271 installed packages in /opt/ros/humble
[2.329s] Level 1:colcon.colcon_core.package_discovery:discover_packages(prefix_path) using defaults
[2.425s] Level 5:colcon.colcon_core.verb:set package 'wbtros2_example' build argument 'cmake_args' from command line to 'None'
[2.425s] Level 5:colcon.colcon_core.verb:set package 'wbtros2_example' build argument 'cmake_target' from command line to 'None'
[2.425s] Level 5:colcon.colcon_core.verb:set package 'wbtros2_example' build argument 'cmake_target_skip_unavailable' from command line to 'False'
[2.426s] Level 5:colcon.colcon_core.verb:set package 'wbtros2_example' build argument 'cmake_clean_cache' from command line to 'False'
[2.426s] Level 5:colcon.colcon_core.verb:set package 'wbtros2_example' build argument 'cmake_clean_first' from command line to 'False'
[2.426s] Level 5:colcon.colcon_core.verb:set package 'wbtros2_example' build argument 'cmake_force_configure' from command line to 'False'
[2.426s] Level 5:colcon.colcon_core.verb:set package 'wbtros2_example' build argument 'ament_cmake_args' from command line to 'None'
[2.426s] Level 5:colcon.colcon_core.verb:set package 'wbtros2_example' build argument 'catkin_cmake_args' from command line to 'None'
[2.426s] Level 5:colcon.colcon_core.verb:set package 'wbtros2_example' build argument 'catkin_skip_building_tests' from command line to 'False'
[2.426s] DEBUG:colcon.colcon_core.verb:Building package 'wbtros2_example' with the following arguments: {'ament_cmake_args': None, 'build_base': '/home/dhonan/Workspace/webots-ros2-gateway/example/wsl_ros2/build/wbtros2_example', 'catkin_cmake_args': None, 'catkin_skip_building_tests': False, 'cmake_args': None, 'cmake_clean_cache': False, 'cmake_clean_first': False, 'cmake_force_configure': False, 'cmake_target': None, 'cmake_target_skip_unavailable': False, 'install_base': '/home/dhonan/Workspace/webots-ros2-gateway/example/wsl_ros2/install/wbtros2_example', 'merge_install': False, 'path': '/home/dhonan/Workspace/webots-ros2-gateway/example/wsl_ros2/src/wbtros2_example', 'symlink_install': False, 'test_result_base': None}
[2.448s] Level 5:colcon.colcon_core.verb:set package 'wbtros2_interface' build argument 'cmake_args' from command line to 'None'
[2.448s] Level 5:colcon.colcon_core.verb:set package 'wbtros2_interface' build argument 'cmake_target' from command line to 'None'
[2.448s] Level 5:colcon.colcon_core.verb:set package 'wbtros2_interface' build argument 'cmake_target_skip_unavailable' from command line to 'False'
[2.448s] Level 5:colcon.colcon_core.verb:set package 'wbtros2_interface' build argument 'cmake_clean_cache' from command line to 'False'
[2.448s] Level 5:colcon.colcon_core.verb:set package 'wbtros2_interface' build argument 'cmake_clean_first' from command line to 'False'
[2.449s] Level 5:colcon.colcon_core.verb:set package 'wbtros2_interface' build argument 'cmake_force_configure' from command line to 'False'
[2.449s] Level 5:colcon.colcon_core.verb:set package 'wbtros2_interface' build argument 'ament_cmake_args' from command line to 'None'
[2.449s] Level 5:colcon.colcon_core.verb:set package 'wbtros2_interface' build argument 'catkin_cmake_args' from command line to 'None'
[2.449s] Level 5:colcon.colcon_core.verb:set package 'wbtros2_interface' build argument 'catkin_skip_building_tests' from command line to 'False'
[2.449s] DEBUG:colcon.colcon_core.verb:Building package 'wbtros2_interface' with the following arguments: {'ament_cmake_args': None, 'build_base': '/home/dhonan/Workspace/webots-ros2-gateway/example/wsl_ros2/build/wbtros2_interface', 'catkin_cmake_args': None, 'catkin_skip_building_tests': False, 'cmake_args': None, 'cmake_clean_cache': False, 'cmake_clean_first': False, 'cmake_force_configure': False, 'cmake_target': None, 'cmake_target_skip_unavailable': False, 'install_base': '/home/dhonan/Workspace/webots-ros2-gateway/example/wsl_ros2/install/wbtros2_interface', 'merge_install': False, 'path': '/home/dhonan/Workspace/webots-ros2-gateway/example/wsl_ros2/src/wbtros2_interface', 'symlink_install': False, 'test_result_base': None}
[2.472s] Level 5:colcon.colcon_core.verb:set package 'wbtros2_package' build argument 'cmake_args' from command line to 'None'
[2.472s] Level 5:colcon.colcon_core.verb:set package 'wbtros2_package' build argument 'cmake_target' from command line to 'None'
[2.472s] Level 5:colcon.colcon_core.verb:set package 'wbtros2_package' build argument 'cmake_target_skip_unavailable' from command line to 'False'
[2.472s] Level 5:colcon.colcon_core.verb:set package 'wbtros2_package' build argument 'cmake_clean_cache' from command line to 'False'
[2.472s] Level 5:colcon.colcon_core.verb:set package 'wbtros2_package' build argument 'cmake_clean_first' from command line to 'False'
[2.472s] Level 5:colcon.colcon_core.verb:set package 'wbtros2_package' build argument 'cmake_force_configure' from command line to 'False'
[2.472s] Level 5:colcon.colcon_core.verb:set package 'wbtros2_package' build argument 'ament_cmake_args' from command line to 'None'
[2.472s] Level 5:colcon.colcon_core.verb:set package 'wbtros2_package' build argument 'catkin_cmake_args' from command line to 'None'
[2.473s] Level 5:colcon.colcon_core.verb:set package 'wbtros2_package' build argument 'catkin_skip_building_tests' from command line to 'False'
[2.473s] DEBUG:colcon.colcon_core.verb:Building package 'wbtros2_package' with the following arguments: {'ament_cmake_args': None, 'build_base': '/home/dhonan/Workspace/webots-ros2-gateway/example/wsl_ros2/build/wbtros2_package', 'catkin_cmake_args': None, 'catkin_skip_building_tests': False, 'cmake_args': None, 'cmake_clean_cache': False, 'cmake_clean_first': False, 'cmake_force_configure': False, 'cmake_target': None, 'cmake_target_skip_unavailable': False, 'install_base': '/home/dhonan/Workspace/webots-ros2-gateway/example/wsl_ros2/install/wbtros2_package', 'merge_install': False, 'path': '/home/dhonan/Workspace/webots-ros2-gateway/example/wsl_ros2/src/wbtros2_package', 'symlink_install': False, 'test_result_base': None}
[2.496s] INFO:colcon.colcon_core.executor:Executing jobs using 'parallel' executor
[2.521s] DEBUG:colcon.colcon_parallel_executor.executor.parallel:run_until_complete
[2.522s] INFO:colcon.colcon_ros.task.ament_python.build:Building ROS package in '/home/dhonan/Workspace/webots-ros2-gateway/example/wsl_ros2/src/wbtros2_example' with build type 'ament_python'
[2.522s] Level 1:colcon.colcon_core.shell:create_environment_hook('wbtros2_example', 'ament_prefix_path')
[2.549s] INFO:colcon.colcon_core.plugin_system:Skipping extension 'colcon_core.shell.bat': Not used on non-Windows systems
[2.550s] INFO:colcon.colcon_core.shell:Creating environment hook '/home/dhonan/Workspace/webots-ros2-gateway/example/wsl_ros2/install/wbtros2_example/share/wbtros2_example/hook/ament_prefix_path.ps1'
[2.552s] INFO:colcon.colcon_core.shell:Creating environment descriptor '/home/dhonan/Workspace/webots-ros2-gateway/example/wsl_ros2/install/wbtros2_example/share/wbtros2_example/hook/ament_prefix_path.dsv'
[2.553s] INFO:colcon.colcon_core.shell:Creating environment hook '/home/dhonan/Workspace/webots-ros2-gateway/example/wsl_ros2/install/wbtros2_example/share/wbtros2_example/hook/ament_prefix_path.sh'
[2.579s] INFO:colcon.colcon_core.shell:Skip shell extension 'powershell' for command environment: Not usable outside of PowerShell
[2.579s] DEBUG:colcon.colcon_core.shell:Skip shell extension 'dsv' for command environment
[2.655s] INFO:colcon.colcon_ros.task.ament_cmake.build:Building ROS package in '/home/dhonan/Workspace/webots-ros2-gateway/example/wsl_ros2/src/wbtros2_interface' with build type 'ament_cmake'
[2.656s] INFO:colcon.colcon_cmake.task.cmake.build:Building CMake package in '/home/dhonan/Workspace/webots-ros2-gateway/example/wsl_ros2/src/wbtros2_interface'
[2.692s] INFO:colcon.colcon_core.shell:Skip shell extension 'powershell' for command environment: Not usable outside of PowerShell
[2.692s] DEBUG:colcon.colcon_core.shell:Skip shell extension 'dsv' for command environment
[2.799s] INFO:colcon.colcon_ros.task.ament_python.build:Building ROS package in '/home/dhonan/Workspace/webots-ros2-gateway/example/wsl_ros2/src/wbtros2_package' with build type 'ament_python'
[2.799s] Level 1:colcon.colcon_core.shell:create_environment_hook('wbtros2_package', 'ament_prefix_path')
[2.828s] INFO:colcon.colcon_core.shell:Creating environment hook '/home/dhonan/Workspace/webots-ros2-gateway/example/wsl_ros2/install/wbtros2_package/share/wbtros2_package/hook/ament_prefix_path.ps1'
[2.829s] INFO:colcon.colcon_core.shell:Creating environment descriptor '/home/dhonan/Workspace/webots-ros2-gateway/example/wsl_ros2/install/wbtros2_package/share/wbtros2_package/hook/ament_prefix_path.dsv'
[2.830s] INFO:colcon.colcon_core.shell:Creating environment hook '/home/dhonan/Workspace/webots-ros2-gateway/example/wsl_ros2/install/wbtros2_package/share/wbtros2_package/hook/ament_prefix_path.sh'
[2.855s] INFO:colcon.colcon_core.shell:Skip shell extension 'powershell' for command environment: Not usable outside of PowerShell
[2.856s] DEBUG:colcon.colcon_core.shell:Skip shell extension 'dsv' for command environment
[3.272s] INFO:colcon.colcon_core.task.python.build:Building Python package in '/home/dhonan/Workspace/webots-ros2-gateway/example/wsl_ros2/src/wbtros2_example'
[3.295s] INFO:colcon.colcon_core.shell:Skip shell extension 'powershell' for command environment: Not usable outside of PowerShell
[3.295s] DEBUG:colcon.colcon_core.shell:Skip shell extension 'dsv' for command environment
[3.372s] DEBUG:colcon.colcon_core.event_handler.log_command:Invoking command in '/home/dhonan/Workspace/webots-ros2-gateway/example/wsl_ros2/build/wbtros2_interface': CMAKE_PREFIX_PATH=${CMAKE_PREFIX_PATH}:/home/dhonan/Workspace/webots-ros2-gateway/example/wsl_ros2/install/wbtros2_package:/home/dhonan/Workspace/webots-ros2-gateway/example/wsl_ros2/install/wbtros2_example:/opt/ros/humble /usr/bin/cmake --build /home/dhonan/Workspace/webots-ros2-gateway/example/wsl_ros2/build/wbtros2_interface -- -j8 -l8
[3.760s] INFO:colcon.colcon_core.task.python.build:Building Python package in '/home/dhonan/Workspace/webots-ros2-gateway/example/wsl_ros2/src/wbtros2_package'
[3.789s] INFO:colcon.colcon_core.shell:Skip shell extension 'powershell' for command environment: Not usable outside of PowerShell
[3.789s] DEBUG:colcon.colcon_core.shell:Skip shell extension 'dsv' for command environment
[3.880s] DEBUG:colcon.colcon_core.event_handler.log_command:Invoked command in '/home/dhonan/Workspace/webots-ros2-gateway/example/wsl_ros2/build/wbtros2_interface' returned '0': CMAKE_PREFIX_PATH=${CMAKE_PREFIX_PATH}:/home/dhonan/Workspace/webots-ros2-gateway/example/wsl_ros2/install/wbtros2_package:/home/dhonan/Workspace/webots-ros2-gateway/example/wsl_ros2/install/wbtros2_example:/opt/ros/humble /usr/bin/cmake --build /home/dhonan/Workspace/webots-ros2-gateway/example/wsl_ros2/build/wbtros2_interface -- -j8 -l8
[3.970s] DEBUG:colcon.colcon_core.event_handler.log_command:Invoking command in '/home/dhonan/Workspace/webots-ros2-gateway/example/wsl_ros2/build/wbtros2_interface': CMAKE_PREFIX_PATH=${CMAKE_PREFIX_PATH}:/home/dhonan/Workspace/webots-ros2-gateway/example/wsl_ros2/install/wbtros2_package:/home/dhonan/Workspace/webots-ros2-gateway/example/wsl_ros2/install/wbtros2_example:/opt/ros/humble /usr/bin/cmake --install /home/dhonan/Workspace/webots-ros2-gateway/example/wsl_ros2/build/wbtros2_interface
[4.055s] Level 1:colcon.colcon_core.environment:create_environment_scripts_only(wbtros2_interface)
[4.056s] DEBUG:colcon.colcon_core.event_handler.log_command:Invoked command in '/home/dhonan/Workspace/webots-ros2-gateway/example/wsl_ros2/build/wbtros2_interface' returned '0': CMAKE_PREFIX_PATH=${CMAKE_PREFIX_PATH}:/home/dhonan/Workspace/webots-ros2-gateway/example/wsl_ros2/install/wbtros2_package:/home/dhonan/Workspace/webots-ros2-gateway/example/wsl_ros2/install/wbtros2_example:/opt/ros/humble /usr/bin/cmake --install /home/dhonan/Workspace/webots-ros2-gateway/example/wsl_ros2/build/wbtros2_interface
[4.090s] Level 1:colcon.colcon_core.environment:checking '/home/dhonan/Workspace/webots-ros2-gateway/example/wsl_ros2/install/wbtros2_interface' for CMake module files
[4.091s] Level 1:colcon.colcon_core.environment:checking '/home/dhonan/Workspace/webots-ros2-gateway/example/wsl_ros2/install/wbtros2_interface' for CMake config files
[4.091s] Level 1:colcon.colcon_core.shell:create_environment_hook('wbtros2_interface', 'cmake_prefix_path')
[4.118s] INFO:colcon.colcon_core.shell:Creating environment hook '/home/dhonan/Workspace/webots-ros2-gateway/example/wsl_ros2/install/wbtros2_interface/share/wbtros2_interface/hook/cmake_prefix_path.ps1'
[4.119s] INFO:colcon.colcon_core.shell:Creating environment descriptor '/home/dhonan/Workspace/webots-ros2-gateway/example/wsl_ros2/install/wbtros2_interface/share/wbtros2_interface/hook/cmake_prefix_path.dsv'
[4.119s] INFO:colcon.colcon_core.shell:Creating environment hook '/home/dhonan/Workspace/webots-ros2-gateway/example/wsl_ros2/install/wbtros2_interface/share/wbtros2_interface/hook/cmake_prefix_path.sh'
[4.120s] Level 1:colcon.colcon_core.environment:checking '/home/dhonan/Workspace/webots-ros2-gateway/example/wsl_ros2/install/wbtros2_interface/lib'
[4.120s] Level 1:colcon.colcon_core.shell:create_environment_hook('wbtros2_interface', 'ld_library_path_lib')
[4.147s] INFO:colcon.colcon_core.shell:Creating environment hook '/home/dhonan/Workspace/webots-ros2-gateway/example/wsl_ros2/install/wbtros2_interface/share/wbtros2_interface/hook/ld_library_path_lib.ps1'
[4.148s] INFO:colcon.colcon_core.shell:Creating environment descriptor '/home/dhonan/Workspace/webots-ros2-gateway/example/wsl_ros2/install/wbtros2_interface/share/wbtros2_interface/hook/ld_library_path_lib.dsv'
[4.148s] INFO:colcon.colcon_core.shell:Creating environment hook '/home/dhonan/Workspace/webots-ros2-gateway/example/wsl_ros2/install/wbtros2_interface/share/wbtros2_interface/hook/ld_library_path_lib.sh'
[4.148s] Level 1:colcon.colcon_core.environment:checking '/home/dhonan/Workspace/webots-ros2-gateway/example/wsl_ros2/install/wbtros2_interface/bin'
[4.149s] Level 1:colcon.colcon_core.environment:checking '/home/dhonan/Workspace/webots-ros2-gateway/example/wsl_ros2/install/wbtros2_interface/lib/pkgconfig/wbtros2_interface.pc'
[4.149s] Level 1:colcon.colcon_core.environment:checking '/home/dhonan/Workspace/webots-ros2-gateway/example/wsl_ros2/install/wbtros2_interface/lib/python3.10/site-packages'
[4.149s] Level 1:colcon.colcon_core.environment:checking '/home/dhonan/Workspace/webots-ros2-gateway/example/wsl_ros2/install/wbtros2_interface/bin'
[4.177s] INFO:colcon.colcon_core.shell:Creating package script '/home/dhonan/Workspace/webots-ros2-gateway/example/wsl_ros2/install/wbtros2_interface/share/wbtros2_interface/package.ps1'
[4.178s] INFO:colcon.colcon_core.shell:Creating package descriptor '/home/dhonan/Workspace/webots-ros2-gateway/example/wsl_ros2/install/wbtros2_interface/share/wbtros2_interface/package.dsv'
[4.179s] INFO:colcon.colcon_core.shell:Creating package script '/home/dhonan/Workspace/webots-ros2-gateway/example/wsl_ros2/install/wbtros2_interface/share/wbtros2_interface/package.sh'
[4.180s] INFO:colcon.colcon_core.shell:Creating package script '/home/dhonan/Workspace/webots-ros2-gateway/example/wsl_ros2/install/wbtros2_interface/share/wbtros2_interface/package.bash'
[4.181s] INFO:colcon.colcon_core.shell:Creating package script '/home/dhonan/Workspace/webots-ros2-gateway/example/wsl_ros2/install/wbtros2_interface/share/wbtros2_interface/package.zsh'
[4.182s] Level 1:colcon.colcon_core.environment:create_file_with_runtime_dependencies(/home/dhonan/Workspace/webots-ros2-gateway/example/wsl_ros2/install/wbtros2_interface/share/colcon-core/packages/wbtros2_interface)
[4.276s] Level 1:colcon.colcon_core.environment:create_environment_scripts_only(wbtros2_interface)
[4.306s] Level 1:colcon.colcon_core.environment:checking '/home/dhonan/Workspace/webots-ros2-gateway/example/wsl_ros2/install/wbtros2_interface' for CMake module files
[4.306s] Level 1:colcon.colcon_core.environment:checking '/home/dhonan/Workspace/webots-ros2-gateway/example/wsl_ros2/install/wbtros2_interface' for CMake config files
[4.307s] Level 1:colcon.colcon_core.shell:create_environment_hook('wbtros2_interface', 'cmake_prefix_path')
[4.327s] INFO:colcon.colcon_core.shell:Creating environment hook '/home/dhonan/Workspace/webots-ros2-gateway/example/wsl_ros2/install/wbtros2_interface/share/wbtros2_interface/hook/cmake_prefix_path.ps1'
[4.327s] INFO:colcon.colcon_core.shell:Creating environment descriptor '/home/dhonan/Workspace/webots-ros2-gateway/example/wsl_ros2/install/wbtros2_interface/share/wbtros2_interface/hook/cmake_prefix_path.dsv'
[4.328s] INFO:colcon.colcon_core.shell:Creating environment hook '/home/dhonan/Workspace/webots-ros2-gateway/example/wsl_ros2/install/wbtros2_interface/share/wbtros2_interface/hook/cmake_prefix_path.sh'
[4.328s] Level 1:colcon.colcon_core.environment:checking '/home/dhonan/Workspace/webots-ros2-gateway/example/wsl_ros2/install/wbtros2_interface/lib'
[4.328s] Level 1:colcon.colcon_core.shell:create_environment_hook('wbtros2_interface', 'ld_library_path_lib')
[4.364s] INFO:colcon.colcon_core.shell:Creating environment hook '/home/dhonan/Workspace/webots-ros2-gateway/example/wsl_ros2/install/wbtros2_interface/share/wbtros2_interface/hook/ld_library_path_lib.ps1'
[4.364s] INFO:colcon.colcon_core.shell:Creating environment descriptor '/home/dhonan/Workspace/webots-ros2-gateway/example/wsl_ros2/install/wbtros2_interface/share/wbtros2_interface/hook/ld_library_path_lib.dsv'
[4.365s] INFO:colcon.colcon_core.shell:Creating environment hook '/home/dhonan/Workspace/webots-ros2-gateway/example/wsl_ros2/install/wbtros2_interface/share/wbtros2_interface/hook/ld_library_path_lib.sh'
[4.365s] Level 1:colcon.colcon_core.environment:checking '/home/dhonan/Workspace/webots-ros2-gateway/example/wsl_ros2/install/wbtros2_interface/bin'
[4.365s] Level 1:colcon.colcon_core.environment:checking '/home/dhonan/Workspace/webots-ros2-gateway/example/wsl_ros2/install/wbtros2_interface/lib/pkgconfig/wbtros2_interface.pc'
[4.366s] Level 1:colcon.colcon_core.environment:checking '/home/dhonan/Workspace/webots-ros2-gateway/example/wsl_ros2/install/wbtros2_interface/lib/python3.10/site-packages'
[4.366s] Level 1:colcon.colcon_core.environment:checking '/home/dhonan/Workspace/webots-ros2-gateway/example/wsl_ros2/install/wbtros2_interface/bin'
[4.387s] INFO:colcon.colcon_core.shell:Creating package script '/home/dhonan/Workspace/webots-ros2-gateway/example/wsl_ros2/install/wbtros2_interface/share/wbtros2_interface/package.ps1'
[4.388s] INFO:colcon.colcon_core.shell:Creating package descriptor '/home/dhonan/Workspace/webots-ros2-gateway/example/wsl_ros2/install/wbtros2_interface/share/wbtros2_interface/package.dsv'
[4.389s] INFO:colcon.colcon_core.shell:Creating package script '/home/dhonan/Workspace/webots-ros2-gateway/example/wsl_ros2/install/wbtros2_interface/share/wbtros2_interface/package.sh'
[4.389s] INFO:colcon.colcon_core.shell:Creating package script '/home/dhonan/Workspace/webots-ros2-gateway/example/wsl_ros2/install/wbtros2_interface/share/wbtros2_interface/package.bash'
[4.390s] INFO:colcon.colcon_core.shell:Creating package script '/home/dhonan/Workspace/webots-ros2-gateway/example/wsl_ros2/install/wbtros2_interface/share/wbtros2_interface/package.zsh'
[4.390s] Level 1:colcon.colcon_core.environment:create_file_with_runtime_dependencies(/home/dhonan/Workspace/webots-ros2-gateway/example/wsl_ros2/install/wbtros2_interface/share/colcon-core/packages/wbtros2_interface)
[4.421s] DEBUG:colcon.colcon_core.event_handler.log_command:Invoking command in '/home/dhonan/Workspace/webots-ros2-gateway/example/wsl_ros2/src/wbtros2_example': PYTHONPATH=/home/dhonan/Workspace/webots-ros2-gateway/example/wsl_ros2/build/wbtros2_example/prefix_override:/home/dhonan/Workspace/webots-ros2-gateway/example/wsl_ros2/install/wbtros2_example/lib/python3.10/site-packages:${PYTHONPATH} /usr/bin/python3 setup.py egg_info --egg-base ../../build/wbtros2_example build --build-base /home/dhonan/Workspace/webots-ros2-gateway/example/wsl_ros2/build/wbtros2_example/build install --record /home/dhonan/Workspace/webots-ros2-gateway/example/wsl_ros2/build/wbtros2_example/install.log --single-version-externally-managed
[4.429s] DEBUG:colcon.colcon_core.event_handler.log_command:Invoking command in '/home/dhonan/Workspace/webots-ros2-gateway/example/wsl_ros2/src/wbtros2_package': PYTHONPATH=/home/dhonan/Workspace/webots-ros2-gateway/example/wsl_ros2/build/wbtros2_package/prefix_override:/home/dhonan/Workspace/webots-ros2-gateway/example/wsl_ros2/install/wbtros2_package/lib/python3.10/site-packages:${PYTHONPATH} /usr/bin/python3 setup.py egg_info --egg-base ../../build/wbtros2_package build --build-base /home/dhonan/Workspace/webots-ros2-gateway/example/wsl_ros2/build/wbtros2_package/build install --record /home/dhonan/Workspace/webots-ros2-gateway/example/wsl_ros2/build/wbtros2_package/install.log --single-version-externally-managed
[4.790s] DEBUG:colcon.colcon_core.event_handler.log_command:Invoked command in '/home/dhonan/Workspace/webots-ros2-gateway/example/wsl_ros2/src/wbtros2_example' returned '0': PYTHONPATH=/home/dhonan/Workspace/webots-ros2-gateway/example/wsl_ros2/build/wbtros2_example/prefix_override:/home/dhonan/Workspace/webots-ros2-gateway/example/wsl_ros2/install/wbtros2_example/lib/python3.10/site-packages:${PYTHONPATH} /usr/bin/python3 setup.py egg_info --egg-base ../../build/wbtros2_example build --build-base /home/dhonan/Workspace/webots-ros2-gateway/example/wsl_ros2/build/wbtros2_example/build install --record /home/dhonan/Workspace/webots-ros2-gateway/example/wsl_ros2/build/wbtros2_example/install.log --single-version-externally-managed
[4.813s] Level 1:colcon.colcon_core.environment:checking '/home/dhonan/Workspace/webots-ros2-gateway/example/wsl_ros2/install/wbtros2_example' for CMake module files
[4.814s] Level 1:colcon.colcon_core.environment:checking '/home/dhonan/Workspace/webots-ros2-gateway/example/wsl_ros2/install/wbtros2_example' for CMake config files
[4.815s] Level 1:colcon.colcon_core.environment:checking '/home/dhonan/Workspace/webots-ros2-gateway/example/wsl_ros2/install/wbtros2_example/lib'
[4.815s] Level 1:colcon.colcon_core.environment:checking '/home/dhonan/Workspace/webots-ros2-gateway/example/wsl_ros2/install/wbtros2_example/bin'
[4.815s] Level 1:colcon.colcon_core.environment:checking '/home/dhonan/Workspace/webots-ros2-gateway/example/wsl_ros2/install/wbtros2_example/lib/pkgconfig/wbtros2_example.pc'
[4.815s] Level 1:colcon.colcon_core.environment:checking '/home/dhonan/Workspace/webots-ros2-gateway/example/wsl_ros2/install/wbtros2_example/lib/python3.10/site-packages'
[4.816s] Level 1:colcon.colcon_core.shell:create_environment_hook('wbtros2_example', 'pythonpath')
[4.844s] INFO:colcon.colcon_core.shell:Creating environment hook '/home/dhonan/Workspace/webots-ros2-gateway/example/wsl_ros2/install/wbtros2_example/share/wbtros2_example/hook/pythonpath.ps1'
[4.845s] INFO:colcon.colcon_core.shell:Creating environment descriptor '/home/dhonan/Workspace/webots-ros2-gateway/example/wsl_ros2/install/wbtros2_example/share/wbtros2_example/hook/pythonpath.dsv'
[4.846s] INFO:colcon.colcon_core.shell:Creating environment hook '/home/dhonan/Workspace/webots-ros2-gateway/example/wsl_ros2/install/wbtros2_example/share/wbtros2_example/hook/pythonpath.sh'
[4.847s] Level 1:colcon.colcon_core.environment:checking '/home/dhonan/Workspace/webots-ros2-gateway/example/wsl_ros2/install/wbtros2_example/bin'
[4.847s] Level 1:colcon.colcon_core.environment:create_environment_scripts_only(wbtros2_example)
[4.869s] INFO:colcon.colcon_core.shell:Creating package script '/home/dhonan/Workspace/webots-ros2-gateway/example/wsl_ros2/install/wbtros2_example/share/wbtros2_example/package.ps1'
[4.870s] INFO:colcon.colcon_core.shell:Creating package descriptor '/home/dhonan/Workspace/webots-ros2-gateway/example/wsl_ros2/install/wbtros2_example/share/wbtros2_example/package.dsv'
[4.870s] INFO:colcon.colcon_core.shell:Creating package script '/home/dhonan/Workspace/webots-ros2-gateway/example/wsl_ros2/install/wbtros2_example/share/wbtros2_example/package.sh'
[4.871s] INFO:colcon.colcon_core.shell:Creating package script '/home/dhonan/Workspace/webots-ros2-gateway/example/wsl_ros2/install/wbtros2_example/share/wbtros2_example/package.bash'
[4.871s] INFO:colcon.colcon_core.shell:Creating package script '/home/dhonan/Workspace/webots-ros2-gateway/example/wsl_ros2/install/wbtros2_example/share/wbtros2_example/package.zsh'
[4.872s] Level 1:colcon.colcon_core.environment:create_file_with_runtime_dependencies(/home/dhonan/Workspace/webots-ros2-gateway/example/wsl_ros2/install/wbtros2_example/share/colcon-core/packages/wbtros2_example)
[4.877s] DEBUG:colcon.colcon_core.event_handler.log_command:Invoked command in '/home/dhonan/Workspace/webots-ros2-gateway/example/wsl_ros2/src/wbtros2_package' returned '0': PYTHONPATH=/home/dhonan/Workspace/webots-ros2-gateway/example/wsl_ros2/build/wbtros2_package/prefix_override:/home/dhonan/Workspace/webots-ros2-gateway/example/wsl_ros2/install/wbtros2_package/lib/python3.10/site-packages:${PYTHONPATH} /usr/bin/python3 setup.py egg_info --egg-base ../../build/wbtros2_package build --build-base /home/dhonan/Workspace/webots-ros2-gateway/example/wsl_ros2/build/wbtros2_package/build install --record /home/dhonan/Workspace/webots-ros2-gateway/example/wsl_ros2/build/wbtros2_package/install.log --single-version-externally-managed
[4.903s] Level 1:colcon.colcon_core.environment:checking '/home/dhonan/Workspace/webots-ros2-gateway/example/wsl_ros2/install/wbtros2_package' for CMake module files
[4.904s] Level 1:colcon.colcon_core.environment:checking '/home/dhonan/Workspace/webots-ros2-gateway/example/wsl_ros2/install/wbtros2_package' for CMake config files
[4.905s] Level 1:colcon.colcon_core.environment:checking '/home/dhonan/Workspace/webots-ros2-gateway/example/wsl_ros2/install/wbtros2_package/lib'
[4.905s] Level 1:colcon.colcon_core.environment:checking '/home/dhonan/Workspace/webots-ros2-gateway/example/wsl_ros2/install/wbtros2_package/bin'
[4.905s] Level 1:colcon.colcon_core.environment:checking '/home/dhonan/Workspace/webots-ros2-gateway/example/wsl_ros2/install/wbtros2_package/lib/pkgconfig/wbtros2_package.pc'
[4.905s] Level 1:colcon.colcon_core.environment:checking '/home/dhonan/Workspace/webots-ros2-gateway/example/wsl_ros2/install/wbtros2_package/lib/python3.10/site-packages'
[4.905s] Level 1:colcon.colcon_core.shell:create_environment_hook('wbtros2_package', 'pythonpath')
[4.928s] INFO:colcon.colcon_core.shell:Creating environment hook '/home/dhonan/Workspace/webots-ros2-gateway/example/wsl_ros2/install/wbtros2_package/share/wbtros2_package/hook/pythonpath.ps1'
[4.929s] INFO:colcon.colcon_core.shell:Creating environment descriptor '/home/dhonan/Workspace/webots-ros2-gateway/example/wsl_ros2/install/wbtros2_package/share/wbtros2_package/hook/pythonpath.dsv'
[4.929s] INFO:colcon.colcon_core.shell:Creating environment hook '/home/dhonan/Workspace/webots-ros2-gateway/example/wsl_ros2/install/wbtros2_package/share/wbtros2_package/hook/pythonpath.sh'
[4.930s] Level 1:colcon.colcon_core.environment:checking '/home/dhonan/Workspace/webots-ros2-gateway/example/wsl_ros2/install/wbtros2_package/bin'
[4.930s] Level 1:colcon.colcon_core.environment:create_environment_scripts_only(wbtros2_package)
[4.953s] INFO:colcon.colcon_core.shell:Creating package script '/home/dhonan/Workspace/webots-ros2-gateway/example/wsl_ros2/install/wbtros2_package/share/wbtros2_package/package.ps1'
[4.954s] INFO:colcon.colcon_core.shell:Creating package descriptor '/home/dhonan/Workspace/webots-ros2-gateway/example/wsl_ros2/install/wbtros2_package/share/wbtros2_package/package.dsv'
[4.955s] INFO:colcon.colcon_core.shell:Creating package script '/home/dhonan/Workspace/webots-ros2-gateway/example/wsl_ros2/install/wbtros2_package/share/wbtros2_package/package.sh'
[4.955s] INFO:colcon.colcon_core.shell:Creating package script '/home/dhonan/Workspace/webots-ros2-gateway/example/wsl_ros2/install/wbtros2_package/share/wbtros2_package/package.bash'
[4.956s] INFO:colcon.colcon_core.shell:Creating package script '/home/dhonan/Workspace/webots-ros2-gateway/example/wsl_ros2/install/wbtros2_package/share/wbtros2_package/package.zsh'
[4.956s] Level 1:colcon.colcon_core.environment:create_file_with_runtime_dependencies(/home/dhonan/Workspace/webots-ros2-gateway/example/wsl_ros2/install/wbtros2_package/share/colcon-core/packages/wbtros2_package)
[4.956s] DEBUG:colcon.colcon_parallel_executor.executor.parallel:closing loop
[4.957s] DEBUG:colcon.colcon_parallel_executor.executor.parallel:loop closed
[4.957s] DEBUG:colcon.colcon_parallel_executor.executor.parallel:run_until_complete finished with '0'
[4.957s] DEBUG:colcon.colcon_core.event_reactor:joining thread
[4.989s] INFO:colcon.colcon_core.plugin_system:Skipping extension 'colcon_notification.desktop_notification.terminal_notifier': Not used on non-Darwin systems
[4.989s] INFO:colcon.colcon_core.plugin_system:Skipping extension 'colcon_notification.desktop_notification.win32': Not used on non-Windows systems
[4.989s] INFO:colcon.colcon_notification.desktop_notification:Sending desktop notification using 'notify2'
[4.991s] DEBUG:colcon.colcon_notification.desktop_notification.notify2:Failed to initialize notify2: org.freedesktop.DBus.Error.ServiceUnknown: The name org.freedesktop.Notifications was not provided by any .service files
[4.991s] DEBUG:colcon.colcon_core.event_reactor:joined thread
[5.027s] INFO:colcon.colcon_core.shell:Creating prefix script '/home/dhonan/Workspace/webots-ros2-gateway/example/wsl_ros2/install/local_setup.ps1'
[5.028s] INFO:colcon.colcon_core.shell:Creating prefix util module '/home/dhonan/Workspace/webots-ros2-gateway/example/wsl_ros2/install/_local_setup_util_ps1.py'
[5.030s] INFO:colcon.colcon_core.shell:Creating prefix chain script '/home/dhonan/Workspace/webots-ros2-gateway/example/wsl_ros2/install/setup.ps1'
[5.053s] INFO:colcon.colcon_core.shell:Creating prefix script '/home/dhonan/Workspace/webots-ros2-gateway/example/wsl_ros2/install/local_setup.sh'
[5.054s] INFO:colcon.colcon_core.shell:Creating prefix util module '/home/dhonan/Workspace/webots-ros2-gateway/example/wsl_ros2/install/_local_setup_util_sh.py'
[5.054s] INFO:colcon.colcon_core.shell:Creating prefix chain script '/home/dhonan/Workspace/webots-ros2-gateway/example/wsl_ros2/install/setup.sh'
[5.074s] INFO:colcon.colcon_core.shell:Creating prefix script '/home/dhonan/Workspace/webots-ros2-gateway/example/wsl_ros2/install/local_setup.bash'
[5.075s] INFO:colcon.colcon_core.shell:Creating prefix chain script '/home/dhonan/Workspace/webots-ros2-gateway/example/wsl_ros2/install/setup.bash'
[5.096s] INFO:colcon.colcon_core.shell:Creating prefix script '/home/dhonan/Workspace/webots-ros2-gateway/example/wsl_ros2/install/local_setup.zsh'
[5.096s] INFO:colcon.colcon_core.shell:Creating prefix chain script '/home/dhonan/Workspace/webots-ros2-gateway/example/wsl_ros2/install/setup.zsh'
