[2.181s] Invoking command in '/home/dhonan/Workspace/webots-ros2-gateway/example/wsl_ros2/src/wbtros2_example': PYTHONPATH=/home/dhonan/Workspace/webots-ros2-gateway/example/wsl_ros2/build/wbtros2_example/prefix_override:/home/dhonan/Workspace/webots-ros2-gateway/example/wsl_ros2/install/wbtros2_example/lib/python3.10/site-packages:${PYTHONPATH} /usr/bin/python3 setup.py egg_info --egg-base ../../build/wbtros2_example build --build-base /home/dhonan/Workspace/webots-ros2-gateway/example/wsl_ros2/build/wbtros2_example/build install --record /home/dhonan/Workspace/webots-ros2-gateway/example/wsl_ros2/build/wbtros2_example/install.log --single-version-externally-managed
[2.529s] running egg_info
[2.531s] writing ../../build/wbtros2_example/wbtros2_example.egg-info/PKG-INFO
[2.531s] writing dependency_links to ../../build/wbtros2_example/wbtros2_example.egg-info/dependency_links.txt
[2.532s] writing entry points to ../../build/wbtros2_example/wbtros2_example.egg-info/entry_points.txt
[2.532s] writing requirements to ../../build/wbtros2_example/wbtros2_example.egg-info/requires.txt
[2.532s] writing top-level names to ../../build/wbtros2_example/wbtros2_example.egg-info/top_level.txt
[2.535s] reading manifest file '../../build/wbtros2_example/wbtros2_example.egg-info/SOURCES.txt'
[2.536s] writing manifest file '../../build/wbtros2_example/wbtros2_example.egg-info/SOURCES.txt'
[2.536s] running build
[2.536s] running build_py
[2.537s] copying wbtros2_example/modules/ros2mqtt_example_node.py -> /home/dhonan/Workspace/webots-ros2-gateway/example/wsl_ros2/build/wbtros2_example/build/lib/wbtros2_example/modules
[2.538s] running install
[2.539s] running install_lib
[2.540s] copying /home/dhonan/Workspace/webots-ros2-gateway/example/wsl_ros2/build/wbtros2_example/build/lib/wbtros2_example/modules/ros2mqtt_example_node.py -> /home/dhonan/Workspace/webots-ros2-gateway/example/wsl_ros2/install/wbtros2_example/lib/python3.10/site-packages/wbtros2_example/modules
[2.541s] byte-compiling /home/dhonan/Workspace/webots-ros2-gateway/example/wsl_ros2/install/wbtros2_example/lib/python3.10/site-packages/wbtros2_example/modules/ros2mqtt_example_node.py to ros2mqtt_example_node.cpython-310.pyc
[2.542s] running install_data
[2.544s] running install_egg_info
[2.547s] removing '/home/dhonan/Workspace/webots-ros2-gateway/example/wsl_ros2/install/wbtros2_example/lib/python3.10/site-packages/wbtros2_example-0.0.0-py3.10.egg-info' (and everything under it)
[2.547s] Copying ../../build/wbtros2_example/wbtros2_example.egg-info to /home/dhonan/Workspace/webots-ros2-gateway/example/wsl_ros2/install/wbtros2_example/lib/python3.10/site-packages/wbtros2_example-0.0.0-py3.10.egg-info
[2.548s] running install_scripts
[2.581s] Installing mqtt2ros_example script to /home/dhonan/Workspace/webots-ros2-gateway/example/wsl_ros2/install/wbtros2_example/lib/wbtros2_example
[2.582s] Installing ros2mqtt_example script to /home/dhonan/Workspace/webots-ros2-gateway/example/wsl_ros2/install/wbtros2_example/lib/wbtros2_example
[2.582s] writing list of installed files to '/home/dhonan/Workspace/webots-ros2-gateway/example/wsl_ros2/build/wbtros2_example/install.log'
[2.622s] Invoked command in '/home/dhonan/Workspace/webots-ros2-gateway/example/wsl_ros2/src/wbtros2_example' returned '0': PYTHONPATH=/home/dhonan/Workspace/webots-ros2-gateway/example/wsl_ros2/build/wbtros2_example/prefix_override:/home/dhonan/Workspace/webots-ros2-gateway/example/wsl_ros2/install/wbtros2_example/lib/python3.10/site-packages:${PYTHONPATH} /usr/bin/python3 setup.py egg_info --egg-base ../../build/wbtros2_example build --build-base /home/dhonan/Workspace/webots-ros2-gateway/example/wsl_ros2/build/wbtros2_example/build install --record /home/dhonan/Workspace/webots-ros2-gateway/example/wsl_ros2/build/wbtros2_example/install.log --single-version-externally-managed
