[1.725s] Invoking command in '/home/dhonan/Workspace/webots-ros2-gateway/example/wsl_ros2/src/wbtros2_package': PYTHONPATH=/home/dhonan/Workspace/webots-ros2-gateway/example/wsl_ros2/build/wbtros2_package/prefix_override:/home/dhonan/Workspace/webots-ros2-gateway/example/wsl_ros2/install/wbtros2_package/lib/python3.10/site-packages:${PYTHONPATH} /usr/bin/python3 setup.py egg_info --egg-base ../../build/wbtros2_package build --build-base /home/dhonan/Workspace/webots-ros2-gateway/example/wsl_ros2/build/wbtros2_package/build install --record /home/dhonan/Workspace/webots-ros2-gateway/example/wsl_ros2/build/wbtros2_package/install.log --single-version-externally-managed
[2.070s] running egg_info
[2.072s] writing ../../build/wbtros2_package/wbtros2_package.egg-info/PKG-INFO
[2.073s] writing dependency_links to ../../build/wbtros2_package/wbtros2_package.egg-info/dependency_links.txt
[2.073s] writing entry points to ../../build/wbtros2_package/wbtros2_package.egg-info/entry_points.txt
[2.073s] writing requirements to ../../build/wbtros2_package/wbtros2_package.egg-info/requires.txt
[2.074s] writing top-level names to ../../build/wbtros2_package/wbtros2_package.egg-info/top_level.txt
[2.077s] reading manifest file '../../build/wbtros2_package/wbtros2_package.egg-info/SOURCES.txt'
[2.078s] writing manifest file '../../build/wbtros2_package/wbtros2_package.egg-info/SOURCES.txt'
[2.079s] running build
[2.079s] running build_py
[2.080s] running install
[2.081s] running install_lib
[2.083s] running install_data
[2.084s] copying launch/wbtros2_ros2handler_launch.py -> /home/dhonan/Workspace/webots-ros2-gateway/example/wsl_ros2/install/wbtros2_package/share/wbtros2_package
[2.085s] running install_egg_info
[2.090s] removing '/home/dhonan/Workspace/webots-ros2-gateway/example/wsl_ros2/install/wbtros2_package/lib/python3.10/site-packages/wbtros2_package-0.0.0-py3.10.egg-info' (and everything under it)
[2.091s] Copying ../../build/wbtros2_package/wbtros2_package.egg-info to /home/dhonan/Workspace/webots-ros2-gateway/example/wsl_ros2/install/wbtros2_package/lib/python3.10/site-packages/wbtros2_package-0.0.0-py3.10.egg-info
[2.093s] running install_scripts
[2.123s] Installing wbtros2_ros2handler script to /home/dhonan/Workspace/webots-ros2-gateway/example/wsl_ros2/install/wbtros2_package/lib/wbtros2_package
[2.125s] writing list of installed files to '/home/dhonan/Workspace/webots-ros2-gateway/example/wsl_ros2/build/wbtros2_package/install.log'
[2.164s] Invoked command in '/home/dhonan/Workspace/webots-ros2-gateway/example/wsl_ros2/src/wbtros2_package' returned '0': PYTHONPATH=/home/dhonan/Workspace/webots-ros2-gateway/example/wsl_ros2/build/wbtros2_package/prefix_override:/home/dhonan/Workspace/webots-ros2-gateway/example/wsl_ros2/install/wbtros2_package/lib/python3.10/site-packages:${PYTHONPATH} /usr/bin/python3 setup.py egg_info --egg-base ../../build/wbtros2_package build --build-base /home/dhonan/Workspace/webots-ros2-gateway/example/wsl_ros2/build/wbtros2_package/build install --record /home/dhonan/Workspace/webots-ros2-gateway/example/wsl_ros2/build/wbtros2_package/install.log --single-version-externally-managed
