[0.559s] Invoking command in '/home/dhonan/Workspace/webots-ros2-gateway/example/wsl_ros2/build/wbtros2_interface': CMAKE_PREFIX_PATH=/opt/ros/humble /usr/bin/cmake /home/dhonan/Workspace/webots-ros2-gateway/example/wsl_ros2/src/wbtros2_interface -DCMAKE_INSTALL_PREFIX=/home/dhonan/Workspace/webots-ros2-gateway/example/wsl_ros2/install/wbtros2_interface
[0.853s] -- The C compiler identification is GNU 11.4.0
[1.705s] -- The CXX compiler identification is GNU 11.4.0
[2.313s] -- Detecting C compiler ABI info
[2.538s] -- Detecting C compiler ABI info - done
[2.546s] -- Check for working C compiler: /usr/bin/cc - skipped
[2.548s] -- Detecting C compile features
[2.549s] -- Detecting C compile features - done
[2.555s] -- Detecting CXX compiler ABI info
[2.800s] -- Detecting CXX compiler ABI info - done
[2.808s] -- Check for working CXX compiler: /usr/bin/c++ - skipped
[2.809s] -- Detecting CXX compile features
[2.809s] -- Detecting CXX compile features - done
[2.845s] -- Found ament_cmake: 1.3.9 (/opt/ros/humble/share/ament_cmake/cmake)
[3.022s] -- Found Python3: /usr/bin/python3 (found version "3.10.12") found components: Interpreter 
[3.168s] -- Found rclcpp: 16.0.9 (/opt/ros/humble/share/rclcpp/cmake)
[3.488s] -- Found rosidl_generator_c: 3.1.5 (/opt/ros/humble/share/rosidl_generator_c/cmake)
[3.499s] -- Found rosidl_adapter: 3.1.5 (/opt/ros/humble/share/rosidl_adapter/cmake)
[3.517s] -- Found rosidl_generator_cpp: 3.1.5 (/opt/ros/humble/share/rosidl_generator_cpp/cmake)
[3.547s] -- Using all available rosidl_typesupport_c: rosidl_typesupport_fastrtps_c;rosidl_typesupport_introspection_c
[3.584s] -- Using all available rosidl_typesupport_cpp: rosidl_typesupport_fastrtps_cpp;rosidl_typesupport_introspection_cpp
[3.704s] -- Found rmw_implementation_cmake: 6.1.2 (/opt/ros/humble/share/rmw_implementation_cmake/cmake)
[3.711s] -- Found rmw_fastrtps_cpp: 6.2.6 (/opt/ros/humble/share/rmw_fastrtps_cpp/cmake)
[6.144s] -- Found OpenSSL: /usr/lib/x86_64-linux-gnu/libcrypto.so (found version "3.0.2")  
[8.643s] -- Found FastRTPS: /opt/ros/humble/include  
[13.500s] -- Using RMW implementation 'rmw_fastrtps_cpp' as default
[13.517s] -- Looking for pthread.h
[13.765s] -- Looking for pthread.h - found
[13.766s] -- Performing Test CMAKE_HAVE_LIBC_PTHREAD
[14.005s] -- Performing Test CMAKE_HAVE_LIBC_PTHREAD - Success
[14.007s] -- Found Threads: TRUE  
[14.276s] -- Found rosidl_default_generators: 1.2.0 (/opt/ros/humble/share/rosidl_default_generators/cmake)
[14.600s] -- Found ament_cmake_ros: 0.10.0 (/opt/ros/humble/share/ament_cmake_ros/cmake)
[14.977s] -- Using all available rosidl_typesupport_c: rosidl_typesupport_fastrtps_c;rosidl_typesupport_introspection_c
[15.133s] -- Using all available rosidl_typesupport_cpp: rosidl_typesupport_fastrtps_cpp;rosidl_typesupport_introspection_cpp
[15.395s] -- Found PythonInterp: /usr/bin/python3 (found suitable version "3.10.12", minimum required is "3.6") 
[15.399s] -- Found python_cmake_module: 0.10.0 (/opt/ros/humble/share/python_cmake_module/cmake)
[16.175s] -- Found PythonLibs: /usr/lib/x86_64-linux-gnu/libpython3.10.so (found suitable version "3.10.12", minimum required is "3.5") 
[16.175s] -- Using PYTHON_EXECUTABLE: /usr/bin/python3
[16.175s] -- Using PYTHON_INCLUDE_DIRS: /usr/include/python3.10
[16.175s] -- Using PYTHON_LIBRARIES: /usr/lib/x86_64-linux-gnu/libpython3.10.so
[16.207s] -- Found PythonExtra: .so  
[16.328s] -- Found ament_lint_auto: 0.12.11 (/opt/ros/humble/share/ament_lint_auto/cmake)
[16.369s] -- Added test 'lint_cmake' to check CMake code style
[16.372s] -- Added test 'xmllint' to check XML markup files
[16.378s] -- Configuring done
[16.442s] -- Generating done
[16.447s] -- Build files have been written to: /home/dhonan/Workspace/webots-ros2-gateway/example/wsl_ros2/build/wbtros2_interface
