[1.957s] Invoking command in '/home/dhonan/Workspace/webots-ros2-gateway/example/wsl_ros2/src/wbtros2_example': PYTHONPATH=/home/dhonan/Workspace/webots-ros2-gateway/example/wsl_ros2/build/wbtros2_example/prefix_override:/home/dhonan/Workspace/webots-ros2-gateway/example/wsl_ros2/install/wbtros2_example/lib/python3.10/site-packages:${PYTHONPATH} /usr/bin/python3 setup.py egg_info --egg-base ../../build/wbtros2_example build --build-base /home/dhonan/Workspace/webots-ros2-gateway/example/wsl_ros2/build/wbtros2_example/build install --record /home/dhonan/Workspace/webots-ros2-gateway/example/wsl_ros2/build/wbtros2_example/install.log --single-version-externally-managed
[2.304s] running egg_info
[2.305s] writing ../../build/wbtros2_example/wbtros2_example.egg-info/PKG-INFO
[2.306s] writing dependency_links to ../../build/wbtros2_example/wbtros2_example.egg-info/dependency_links.txt
[2.306s] writing entry points to ../../build/wbtros2_example/wbtros2_example.egg-info/entry_points.txt
[2.307s] writing requirements to ../../build/wbtros2_example/wbtros2_example.egg-info/requires.txt
[2.307s] writing top-level names to ../../build/wbtros2_example/wbtros2_example.egg-info/top_level.txt
[2.309s] reading manifest file '../../build/wbtros2_example/wbtros2_example.egg-info/SOURCES.txt'
[2.310s] writing manifest file '../../build/wbtros2_example/wbtros2_example.egg-info/SOURCES.txt'
[2.310s] running build
[2.310s] running build_py
[2.311s] running install
[2.311s] running install_lib
[2.312s] running install_data
[2.313s] running install_egg_info
[2.316s] removing '/home/dhonan/Workspace/webots-ros2-gateway/example/wsl_ros2/install/wbtros2_example/lib/python3.10/site-packages/wbtros2_example-0.0.0-py3.10.egg-info' (and everything under it)
[2.317s] Copying ../../build/wbtros2_example/wbtros2_example.egg-info to /home/dhonan/Workspace/webots-ros2-gateway/example/wsl_ros2/install/wbtros2_example/lib/python3.10/site-packages/wbtros2_example-0.0.0-py3.10.egg-info
[2.319s] running install_scripts
[2.348s] writing list of installed files to '/home/dhonan/Workspace/webots-ros2-gateway/example/wsl_ros2/build/wbtros2_example/install.log'
[2.433s] Invoked command in '/home/dhonan/Workspace/webots-ros2-gateway/example/wsl_ros2/src/wbtros2_example' returned '0': PYTHONPATH=/home/dhonan/Workspace/webots-ros2-gateway/example/wsl_ros2/build/wbtros2_example/prefix_override:/home/dhonan/Workspace/webots-ros2-gateway/example/wsl_ros2/install/wbtros2_example/lib/python3.10/site-packages:${PYTHONPATH} /usr/bin/python3 setup.py egg_info --egg-base ../../build/wbtros2_example build --build-base /home/dhonan/Workspace/webots-ros2-gateway/example/wsl_ros2/build/wbtros2_example/build install --record /home/dhonan/Workspace/webots-ros2-gateway/example/wsl_ros2/build/wbtros2_example/install.log --single-version-externally-managed
