[1.722s] Invoking command in '/home/dhonan/Workspace/webots-ros2-gateway/example/wsl_ros2/src/wbtros2_package': PYTHONPATH=/home/dhonan/Workspace/webots-ros2-gateway/example/wsl_ros2/build/wbtros2_package/prefix_override:/home/dhonan/Workspace/webots-ros2-gateway/example/wsl_ros2/install/wbtros2_package/lib/python3.10/site-packages:${PYTHONPATH} /usr/bin/python3 setup.py egg_info --egg-base ../../build/wbtros2_package build --build-base /home/dhonan/Workspace/webots-ros2-gateway/example/wsl_ros2/build/wbtros2_package/build install --record /home/dhonan/Workspace/webots-ros2-gateway/example/wsl_ros2/build/wbtros2_package/install.log --single-version-externally-managed
[2.038s] running egg_info
[2.039s] writing ../../build/wbtros2_package/wbtros2_package.egg-info/PKG-INFO
[2.039s] writing dependency_links to ../../build/wbtros2_package/wbtros2_package.egg-info/dependency_links.txt
[2.040s] writing entry points to ../../build/wbtros2_package/wbtros2_package.egg-info/entry_points.txt
[2.040s] writing requirements to ../../build/wbtros2_package/wbtros2_package.egg-info/requires.txt
[2.040s] writing top-level names to ../../build/wbtros2_package/wbtros2_package.egg-info/top_level.txt
[2.043s] reading manifest file '../../build/wbtros2_package/wbtros2_package.egg-info/SOURCES.txt'
[2.044s] writing manifest file '../../build/wbtros2_package/wbtros2_package.egg-info/SOURCES.txt'
[2.044s] running build
[2.044s] running build_py
[2.045s] running install
[2.045s] running install_lib
[2.048s] running install_data
[2.049s] running install_egg_info
[2.051s] removing '/home/dhonan/Workspace/webots-ros2-gateway/example/wsl_ros2/install/wbtros2_package/lib/python3.10/site-packages/wbtros2_package-0.0.0-py3.10.egg-info' (and everything under it)
[2.051s] Copying ../../build/wbtros2_package/wbtros2_package.egg-info to /home/dhonan/Workspace/webots-ros2-gateway/example/wsl_ros2/install/wbtros2_package/lib/python3.10/site-packages/wbtros2_package-0.0.0-py3.10.egg-info
[2.052s] running install_scripts
[2.075s] Installing wbtros2_ros2handler script to /home/dhonan/Workspace/webots-ros2-gateway/example/wsl_ros2/install/wbtros2_package/lib/wbtros2_package
[2.075s] writing list of installed files to '/home/dhonan/Workspace/webots-ros2-gateway/example/wsl_ros2/build/wbtros2_package/install.log'
[2.112s] Invoked command in '/home/dhonan/Workspace/webots-ros2-gateway/example/wsl_ros2/src/wbtros2_package' returned '0': PYTHONPATH=/home/dhonan/Workspace/webots-ros2-gateway/example/wsl_ros2/build/wbtros2_package/prefix_override:/home/dhonan/Workspace/webots-ros2-gateway/example/wsl_ros2/install/wbtros2_package/lib/python3.10/site-packages:${PYTHONPATH} /usr/bin/python3 setup.py egg_info --egg-base ../../build/wbtros2_package build --build-base /home/dhonan/Workspace/webots-ros2-gateway/example/wsl_ros2/build/wbtros2_package/build install --record /home/dhonan/Workspace/webots-ros2-gateway/example/wsl_ros2/build/wbtros2_package/install.log --single-version-externally-managed
