[0.720s] Invoking command in '/home/dhonan/Workspace/webots-ros2-gateway/example/wsl_ros2/build/wbtros2_interface': CMAKE_PREFIX_PATH=${CMAKE_PREFIX_PATH}:/home/dhonan/Workspace/webots-ros2-gateway/example/wsl_ros2/install/wbtros2_package:/home/dhonan/Workspace/webots-ros2-gateway/example/wsl_ros2/install/wbtros2_example:/opt/ros/humble /usr/bin/cmake --build /home/dhonan/Workspace/webots-ros2-gateway/example/wsl_ros2/build/wbtros2_interface -- -j8 -l8
[0.767s] [  3%] Built target wbtros2_interface__cpp
[0.772s] [ 12%] Built target wbtros2_interface__rosidl_generator_c
[0.782s] [ 12%] Built target ament_cmake_python_copy_wbtros2_interface
[0.798s] [ 25%] Built target wbtros2_interface__rosidl_typesupport_cpp
[0.799s] [ 32%] Built target wbtros2_interface__rosidl_typesupport_introspection_cpp
[0.804s] [ 51%] Built target wbtros2_interface__rosidl_typesupport_fastrtps_c
[0.805s] [ 51%] Built target wbtros2_interface__rosidl_typesupport_fastrtps_cpp
[0.805s] [ 61%] Built target wbtros2_interface__rosidl_typesupport_c
[0.805s] [ 70%] Built target wbtros2_interface__rosidl_typesupport_introspection_c
[0.827s] [ 70%] Built target wbtros2_interface
[0.845s] [ 74%] Built target wbtros2_interface__py
[0.868s] [ 80%] Built target wbtros2_interface__rosidl_generator_py
[0.895s] [100%] Built target wbtros2_interface__rosidl_typesupport_fastrtps_c__pyext
[0.895s] [100%] Built target wbtros2_interface__rosidl_typesupport_c__pyext
[0.895s] [100%] Built target wbtros2_interface__rosidl_typesupport_introspection_c__pyext
[1.145s] running egg_info
[1.146s] writing wbtros2_interface.egg-info/PKG-INFO
[1.147s] writing dependency_links to wbtros2_interface.egg-info/dependency_links.txt
[1.147s] writing top-level names to wbtros2_interface.egg-info/top_level.txt
[1.150s] reading manifest file 'wbtros2_interface.egg-info/SOURCES.txt'
[1.150s] writing manifest file 'wbtros2_interface.egg-info/SOURCES.txt'
[1.189s] [100%] Built target ament_cmake_python_build_wbtros2_interface_egg
[1.243s] Invoked command in '/home/dhonan/Workspace/webots-ros2-gateway/example/wsl_ros2/build/wbtros2_interface' returned '0': CMAKE_PREFIX_PATH=${CMAKE_PREFIX_PATH}:/home/dhonan/Workspace/webots-ros2-gateway/example/wsl_ros2/install/wbtros2_package:/home/dhonan/Workspace/webots-ros2-gateway/example/wsl_ros2/install/wbtros2_example:/opt/ros/humble /usr/bin/cmake --build /home/dhonan/Workspace/webots-ros2-gateway/example/wsl_ros2/build/wbtros2_interface -- -j8 -l8
[1.328s] Invoking command in '/home/dhonan/Workspace/webots-ros2-gateway/example/wsl_ros2/build/wbtros2_interface': CMAKE_PREFIX_PATH=${CMAKE_PREFIX_PATH}:/home/dhonan/Workspace/webots-ros2-gateway/example/wsl_ros2/install/wbtros2_package:/home/dhonan/Workspace/webots-ros2-gateway/example/wsl_ros2/install/wbtros2_example:/opt/ros/humble /usr/bin/cmake --install /home/dhonan/Workspace/webots-ros2-gateway/example/wsl_ros2/build/wbtros2_interface
[1.336s] -- Install configuration: ""
[1.336s] -- Up-to-date: /home/dhonan/Workspace/webots-ros2-gateway/example/wsl_ros2/install/wbtros2_interface/share/ament_index/resource_index/rosidl_interfaces/wbtros2_interface
[1.337s] -- Up-to-date: /home/dhonan/Workspace/webots-ros2-gateway/example/wsl_ros2/install/wbtros2_interface/include/wbtros2_interface/wbtros2_interface
[1.337s] -- Up-to-date: /home/dhonan/Workspace/webots-ros2-gateway/example/wsl_ros2/install/wbtros2_interface/include/wbtros2_interface/wbtros2_interface/msg
[1.337s] -- Up-to-date: /home/dhonan/Workspace/webots-ros2-gateway/example/wsl_ros2/install/wbtros2_interface/include/wbtros2_interface/wbtros2_interface/msg/detail
[1.337s] -- Up-to-date: /home/dhonan/Workspace/webots-ros2-gateway/example/wsl_ros2/install/wbtros2_interface/include/wbtros2_interface/wbtros2_interface/msg/detail/wbtros2__functions.h
[1.338s] -- Up-to-date: /home/dhonan/Workspace/webots-ros2-gateway/example/wsl_ros2/install/wbtros2_interface/include/wbtros2_interface/wbtros2_interface/msg/detail/wbtros2__struct.h
[1.338s] -- Up-to-date: /home/dhonan/Workspace/webots-ros2-gateway/example/wsl_ros2/install/wbtros2_interface/include/wbtros2_interface/wbtros2_interface/msg/detail/wbtros2__functions.c
[1.338s] -- Up-to-date: /home/dhonan/Workspace/webots-ros2-gateway/example/wsl_ros2/install/wbtros2_interface/include/wbtros2_interface/wbtros2_interface/msg/detail/wbtros2__type_support.h
[1.338s] -- Up-to-date: /home/dhonan/Workspace/webots-ros2-gateway/example/wsl_ros2/install/wbtros2_interface/include/wbtros2_interface/wbtros2_interface/msg/wbtros2.h
[1.339s] -- Up-to-date: /home/dhonan/Workspace/webots-ros2-gateway/example/wsl_ros2/install/wbtros2_interface/include/wbtros2_interface/wbtros2_interface/msg/rosidl_generator_c__visibility_control.h
[1.339s] -- Up-to-date: /home/dhonan/Workspace/webots-ros2-gateway/example/wsl_ros2/install/wbtros2_interface/share/wbtros2_interface/environment/library_path.sh
[1.339s] -- Up-to-date: /home/dhonan/Workspace/webots-ros2-gateway/example/wsl_ros2/install/wbtros2_interface/share/wbtros2_interface/environment/library_path.dsv
[1.339s] -- Up-to-date: /home/dhonan/Workspace/webots-ros2-gateway/example/wsl_ros2/install/wbtros2_interface/lib/libwbtros2_interface__rosidl_generator_c.so
[1.340s] -- Up-to-date: /home/dhonan/Workspace/webots-ros2-gateway/example/wsl_ros2/install/wbtros2_interface/include/wbtros2_interface/wbtros2_interface
[1.340s] -- Up-to-date: /home/dhonan/Workspace/webots-ros2-gateway/example/wsl_ros2/install/wbtros2_interface/include/wbtros2_interface/wbtros2_interface/msg
[1.340s] -- Up-to-date: /home/dhonan/Workspace/webots-ros2-gateway/example/wsl_ros2/install/wbtros2_interface/include/wbtros2_interface/wbtros2_interface/msg/detail
[1.340s] -- Up-to-date: /home/dhonan/Workspace/webots-ros2-gateway/example/wsl_ros2/install/wbtros2_interface/include/wbtros2_interface/wbtros2_interface/msg/detail/wbtros2__rosidl_typesupport_fastrtps_c.h
[1.341s] -- Up-to-date: /home/dhonan/Workspace/webots-ros2-gateway/example/wsl_ros2/install/wbtros2_interface/include/wbtros2_interface/wbtros2_interface/msg/rosidl_typesupport_fastrtps_c__visibility_control.h
[1.341s] -- Up-to-date: /home/dhonan/Workspace/webots-ros2-gateway/example/wsl_ros2/install/wbtros2_interface/lib/libwbtros2_interface__rosidl_typesupport_fastrtps_c.so
[1.341s] -- Up-to-date: /home/dhonan/Workspace/webots-ros2-gateway/example/wsl_ros2/install/wbtros2_interface/include/wbtros2_interface/wbtros2_interface
[1.341s] -- Up-to-date: /home/dhonan/Workspace/webots-ros2-gateway/example/wsl_ros2/install/wbtros2_interface/include/wbtros2_interface/wbtros2_interface/msg
[1.342s] -- Up-to-date: /home/dhonan/Workspace/webots-ros2-gateway/example/wsl_ros2/install/wbtros2_interface/include/wbtros2_interface/wbtros2_interface/msg/wbtros2.hpp
[1.342s] -- Up-to-date: /home/dhonan/Workspace/webots-ros2-gateway/example/wsl_ros2/install/wbtros2_interface/include/wbtros2_interface/wbtros2_interface/msg/detail
[1.342s] -- Up-to-date: /home/dhonan/Workspace/webots-ros2-gateway/example/wsl_ros2/install/wbtros2_interface/include/wbtros2_interface/wbtros2_interface/msg/detail/wbtros2__traits.hpp
[1.342s] -- Up-to-date: /home/dhonan/Workspace/webots-ros2-gateway/example/wsl_ros2/install/wbtros2_interface/include/wbtros2_interface/wbtros2_interface/msg/detail/wbtros2__struct.hpp
[1.342s] -- Up-to-date: /home/dhonan/Workspace/webots-ros2-gateway/example/wsl_ros2/install/wbtros2_interface/include/wbtros2_interface/wbtros2_interface/msg/detail/wbtros2__builder.hpp
[1.342s] -- Up-to-date: /home/dhonan/Workspace/webots-ros2-gateway/example/wsl_ros2/install/wbtros2_interface/include/wbtros2_interface/wbtros2_interface
[1.343s] -- Up-to-date: /home/dhonan/Workspace/webots-ros2-gateway/example/wsl_ros2/install/wbtros2_interface/include/wbtros2_interface/wbtros2_interface/msg
[1.343s] -- Up-to-date: /home/dhonan/Workspace/webots-ros2-gateway/example/wsl_ros2/install/wbtros2_interface/include/wbtros2_interface/wbtros2_interface/msg/rosidl_typesupport_fastrtps_cpp__visibility_control.h
[1.343s] -- Up-to-date: /home/dhonan/Workspace/webots-ros2-gateway/example/wsl_ros2/install/wbtros2_interface/include/wbtros2_interface/wbtros2_interface/msg/detail
[1.343s] -- Up-to-date: /home/dhonan/Workspace/webots-ros2-gateway/example/wsl_ros2/install/wbtros2_interface/include/wbtros2_interface/wbtros2_interface/msg/detail/dds_fastrtps
[1.344s] -- Up-to-date: /home/dhonan/Workspace/webots-ros2-gateway/example/wsl_ros2/install/wbtros2_interface/include/wbtros2_interface/wbtros2_interface/msg/detail/wbtros2__rosidl_typesupport_fastrtps_cpp.hpp
[1.344s] -- Up-to-date: /home/dhonan/Workspace/webots-ros2-gateway/example/wsl_ros2/install/wbtros2_interface/lib/libwbtros2_interface__rosidl_typesupport_fastrtps_cpp.so
[1.344s] -- Up-to-date: /home/dhonan/Workspace/webots-ros2-gateway/example/wsl_ros2/install/wbtros2_interface/include/wbtros2_interface/wbtros2_interface
[1.345s] -- Up-to-date: /home/dhonan/Workspace/webots-ros2-gateway/example/wsl_ros2/install/wbtros2_interface/include/wbtros2_interface/wbtros2_interface/msg
[1.345s] -- Up-to-date: /home/dhonan/Workspace/webots-ros2-gateway/example/wsl_ros2/install/wbtros2_interface/include/wbtros2_interface/wbtros2_interface/msg/detail
[1.345s] -- Up-to-date: /home/dhonan/Workspace/webots-ros2-gateway/example/wsl_ros2/install/wbtros2_interface/include/wbtros2_interface/wbtros2_interface/msg/detail/wbtros2__type_support.c
[1.345s] -- Up-to-date: /home/dhonan/Workspace/webots-ros2-gateway/example/wsl_ros2/install/wbtros2_interface/include/wbtros2_interface/wbtros2_interface/msg/detail/wbtros2__rosidl_typesupport_introspection_c.h
[1.345s] -- Up-to-date: /home/dhonan/Workspace/webots-ros2-gateway/example/wsl_ros2/install/wbtros2_interface/include/wbtros2_interface/wbtros2_interface/msg/rosidl_typesupport_introspection_c__visibility_control.h
[1.345s] -- Up-to-date: /home/dhonan/Workspace/webots-ros2-gateway/example/wsl_ros2/install/wbtros2_interface/lib/libwbtros2_interface__rosidl_typesupport_introspection_c.so
[1.345s] -- Up-to-date: /home/dhonan/Workspace/webots-ros2-gateway/example/wsl_ros2/install/wbtros2_interface/lib/libwbtros2_interface__rosidl_typesupport_c.so
[1.345s] -- Up-to-date: /home/dhonan/Workspace/webots-ros2-gateway/example/wsl_ros2/install/wbtros2_interface/include/wbtros2_interface/wbtros2_interface
[1.345s] -- Up-to-date: /home/dhonan/Workspace/webots-ros2-gateway/example/wsl_ros2/install/wbtros2_interface/include/wbtros2_interface/wbtros2_interface/msg
[1.345s] -- Up-to-date: /home/dhonan/Workspace/webots-ros2-gateway/example/wsl_ros2/install/wbtros2_interface/include/wbtros2_interface/wbtros2_interface/msg/detail
[1.346s] -- Up-to-date: /home/dhonan/Workspace/webots-ros2-gateway/example/wsl_ros2/install/wbtros2_interface/include/wbtros2_interface/wbtros2_interface/msg/detail/wbtros2__type_support.cpp
[1.346s] -- Up-to-date: /home/dhonan/Workspace/webots-ros2-gateway/example/wsl_ros2/install/wbtros2_interface/include/wbtros2_interface/wbtros2_interface/msg/detail/wbtros2__rosidl_typesupport_introspection_cpp.hpp
[1.346s] -- Up-to-date: /home/dhonan/Workspace/webots-ros2-gateway/example/wsl_ros2/install/wbtros2_interface/lib/libwbtros2_interface__rosidl_typesupport_introspection_cpp.so
[1.346s] -- Up-to-date: /home/dhonan/Workspace/webots-ros2-gateway/example/wsl_ros2/install/wbtros2_interface/lib/libwbtros2_interface__rosidl_typesupport_cpp.so
[1.346s] -- Up-to-date: /home/dhonan/Workspace/webots-ros2-gateway/example/wsl_ros2/install/wbtros2_interface/share/wbtros2_interface/environment/pythonpath.sh
[1.346s] -- Up-to-date: /home/dhonan/Workspace/webots-ros2-gateway/example/wsl_ros2/install/wbtros2_interface/share/wbtros2_interface/environment/pythonpath.dsv
[1.346s] -- Up-to-date: /home/dhonan/Workspace/webots-ros2-gateway/example/wsl_ros2/install/wbtros2_interface/local/lib/python3.10/dist-packages/wbtros2_interface-0.0.0-py3.10.egg-info
[1.346s] -- Installing: /home/dhonan/Workspace/webots-ros2-gateway/example/wsl_ros2/install/wbtros2_interface/local/lib/python3.10/dist-packages/wbtros2_interface-0.0.0-py3.10.egg-info/top_level.txt
[1.346s] -- Installing: /home/dhonan/Workspace/webots-ros2-gateway/example/wsl_ros2/install/wbtros2_interface/local/lib/python3.10/dist-packages/wbtros2_interface-0.0.0-py3.10.egg-info/SOURCES.txt
[1.346s] -- Installing: /home/dhonan/Workspace/webots-ros2-gateway/example/wsl_ros2/install/wbtros2_interface/local/lib/python3.10/dist-packages/wbtros2_interface-0.0.0-py3.10.egg-info/dependency_links.txt
[1.346s] -- Installing: /home/dhonan/Workspace/webots-ros2-gateway/example/wsl_ros2/install/wbtros2_interface/local/lib/python3.10/dist-packages/wbtros2_interface-0.0.0-py3.10.egg-info/PKG-INFO
[1.346s] -- Up-to-date: /home/dhonan/Workspace/webots-ros2-gateway/example/wsl_ros2/install/wbtros2_interface/local/lib/python3.10/dist-packages/wbtros2_interface
[1.346s] -- Up-to-date: /home/dhonan/Workspace/webots-ros2-gateway/example/wsl_ros2/install/wbtros2_interface/local/lib/python3.10/dist-packages/wbtros2_interface/_wbtros2_interface_s.ep.rosidl_typesupport_c.c
[1.346s] -- Up-to-date: /home/dhonan/Workspace/webots-ros2-gateway/example/wsl_ros2/install/wbtros2_interface/local/lib/python3.10/dist-packages/wbtros2_interface/wbtros2_interface_s__rosidl_typesupport_c.cpython-310-x86_64-linux-gnu.so
[1.346s] -- Up-to-date: /home/dhonan/Workspace/webots-ros2-gateway/example/wsl_ros2/install/wbtros2_interface/local/lib/python3.10/dist-packages/wbtros2_interface/_wbtros2_interface_s.ep.rosidl_typesupport_introspection_c.c
[1.347s] -- Up-to-date: /home/dhonan/Workspace/webots-ros2-gateway/example/wsl_ros2/install/wbtros2_interface/local/lib/python3.10/dist-packages/wbtros2_interface/libwbtros2_interface__rosidl_generator_py.so
[1.347s] -- Up-to-date: /home/dhonan/Workspace/webots-ros2-gateway/example/wsl_ros2/install/wbtros2_interface/local/lib/python3.10/dist-packages/wbtros2_interface/_wbtros2_interface_s.ep.rosidl_typesupport_fastrtps_c.c
[1.347s] -- Up-to-date: /home/dhonan/Workspace/webots-ros2-gateway/example/wsl_ros2/install/wbtros2_interface/local/lib/python3.10/dist-packages/wbtros2_interface/msg
[1.347s] -- Up-to-date: /home/dhonan/Workspace/webots-ros2-gateway/example/wsl_ros2/install/wbtros2_interface/local/lib/python3.10/dist-packages/wbtros2_interface/msg/_wbtros2.py
[1.347s] -- Up-to-date: /home/dhonan/Workspace/webots-ros2-gateway/example/wsl_ros2/install/wbtros2_interface/local/lib/python3.10/dist-packages/wbtros2_interface/msg/_wbtros2_s.c
[1.347s] -- Up-to-date: /home/dhonan/Workspace/webots-ros2-gateway/example/wsl_ros2/install/wbtros2_interface/local/lib/python3.10/dist-packages/wbtros2_interface/msg/__init__.py
[1.347s] -- Up-to-date: /home/dhonan/Workspace/webots-ros2-gateway/example/wsl_ros2/install/wbtros2_interface/local/lib/python3.10/dist-packages/wbtros2_interface/wbtros2_interface_s__rosidl_typesupport_introspection_c.cpython-310-x86_64-linux-gnu.so
[1.347s] -- Up-to-date: /home/dhonan/Workspace/webots-ros2-gateway/example/wsl_ros2/install/wbtros2_interface/local/lib/python3.10/dist-packages/wbtros2_interface/wbtros2_interface_s__rosidl_typesupport_fastrtps_c.cpython-310-x86_64-linux-gnu.so
[1.347s] -- Up-to-date: /home/dhonan/Workspace/webots-ros2-gateway/example/wsl_ros2/install/wbtros2_interface/local/lib/python3.10/dist-packages/wbtros2_interface/__init__.py
[1.387s] Listing '/home/dhonan/Workspace/webots-ros2-gateway/example/wsl_ros2/install/wbtros2_interface/local/lib/python3.10/dist-packages/wbtros2_interface'...
[1.388s] Listing '/home/dhonan/Workspace/webots-ros2-gateway/example/wsl_ros2/install/wbtros2_interface/local/lib/python3.10/dist-packages/wbtros2_interface/msg'...
[1.394s] -- Up-to-date: /home/dhonan/Workspace/webots-ros2-gateway/example/wsl_ros2/install/wbtros2_interface/local/lib/python3.10/dist-packages/wbtros2_interface/wbtros2_interface_s__rosidl_typesupport_fastrtps_c.cpython-310-x86_64-linux-gnu.so
[1.394s] -- Up-to-date: /home/dhonan/Workspace/webots-ros2-gateway/example/wsl_ros2/install/wbtros2_interface/local/lib/python3.10/dist-packages/wbtros2_interface/wbtros2_interface_s__rosidl_typesupport_introspection_c.cpython-310-x86_64-linux-gnu.so
[1.395s] -- Up-to-date: /home/dhonan/Workspace/webots-ros2-gateway/example/wsl_ros2/install/wbtros2_interface/local/lib/python3.10/dist-packages/wbtros2_interface/wbtros2_interface_s__rosidl_typesupport_c.cpython-310-x86_64-linux-gnu.so
[1.395s] -- Up-to-date: /home/dhonan/Workspace/webots-ros2-gateway/example/wsl_ros2/install/wbtros2_interface/lib/libwbtros2_interface__rosidl_generator_py.so
[1.396s] -- Up-to-date: /home/dhonan/Workspace/webots-ros2-gateway/example/wsl_ros2/install/wbtros2_interface/share/wbtros2_interface/msg/Wbtros2.idl
[1.396s] -- Up-to-date: /home/dhonan/Workspace/webots-ros2-gateway/example/wsl_ros2/install/wbtros2_interface/share/wbtros2_interface/msg/Wbtros2.msg
[1.396s] -- Up-to-date: /home/dhonan/Workspace/webots-ros2-gateway/example/wsl_ros2/install/wbtros2_interface/share/ament_index/resource_index/package_run_dependencies/wbtros2_interface
[1.396s] -- Up-to-date: /home/dhonan/Workspace/webots-ros2-gateway/example/wsl_ros2/install/wbtros2_interface/share/ament_index/resource_index/parent_prefix_path/wbtros2_interface
[1.398s] -- Up-to-date: /home/dhonan/Workspace/webots-ros2-gateway/example/wsl_ros2/install/wbtros2_interface/share/wbtros2_interface/environment/ament_prefix_path.sh
[1.398s] -- Up-to-date: /home/dhonan/Workspace/webots-ros2-gateway/example/wsl_ros2/install/wbtros2_interface/share/wbtros2_interface/environment/ament_prefix_path.dsv
[1.399s] -- Up-to-date: /home/dhonan/Workspace/webots-ros2-gateway/example/wsl_ros2/install/wbtros2_interface/share/wbtros2_interface/environment/path.sh
[1.399s] -- Up-to-date: /home/dhonan/Workspace/webots-ros2-gateway/example/wsl_ros2/install/wbtros2_interface/share/wbtros2_interface/environment/path.dsv
[1.399s] -- Up-to-date: /home/dhonan/Workspace/webots-ros2-gateway/example/wsl_ros2/install/wbtros2_interface/share/wbtros2_interface/local_setup.bash
[1.400s] -- Up-to-date: /home/dhonan/Workspace/webots-ros2-gateway/example/wsl_ros2/install/wbtros2_interface/share/wbtros2_interface/local_setup.sh
[1.400s] -- Up-to-date: /home/dhonan/Workspace/webots-ros2-gateway/example/wsl_ros2/install/wbtros2_interface/share/wbtros2_interface/local_setup.zsh
[1.400s] -- Up-to-date: /home/dhonan/Workspace/webots-ros2-gateway/example/wsl_ros2/install/wbtros2_interface/share/wbtros2_interface/local_setup.dsv
[1.401s] -- Installing: /home/dhonan/Workspace/webots-ros2-gateway/example/wsl_ros2/install/wbtros2_interface/share/wbtros2_interface/package.dsv
[1.401s] -- Up-to-date: /home/dhonan/Workspace/webots-ros2-gateway/example/wsl_ros2/install/wbtros2_interface/share/ament_index/resource_index/packages/wbtros2_interface
[1.401s] -- Up-to-date: /home/dhonan/Workspace/webots-ros2-gateway/example/wsl_ros2/install/wbtros2_interface/share/wbtros2_interface/cmake/export_wbtros2_interface__rosidl_generator_cExport.cmake
[1.402s] -- Up-to-date: /home/dhonan/Workspace/webots-ros2-gateway/example/wsl_ros2/install/wbtros2_interface/share/wbtros2_interface/cmake/export_wbtros2_interface__rosidl_generator_cExport-noconfig.cmake
[1.402s] -- Up-to-date: /home/dhonan/Workspace/webots-ros2-gateway/example/wsl_ros2/install/wbtros2_interface/share/wbtros2_interface/cmake/export_wbtros2_interface__rosidl_typesupport_fastrtps_cExport.cmake
[1.402s] -- Up-to-date: /home/dhonan/Workspace/webots-ros2-gateway/example/wsl_ros2/install/wbtros2_interface/share/wbtros2_interface/cmake/export_wbtros2_interface__rosidl_typesupport_fastrtps_cExport-noconfig.cmake
[1.403s] -- Up-to-date: /home/dhonan/Workspace/webots-ros2-gateway/example/wsl_ros2/install/wbtros2_interface/share/wbtros2_interface/cmake/export_wbtros2_interface__rosidl_generator_cppExport.cmake
[1.403s] -- Up-to-date: /home/dhonan/Workspace/webots-ros2-gateway/example/wsl_ros2/install/wbtros2_interface/share/wbtros2_interface/cmake/export_wbtros2_interface__rosidl_typesupport_fastrtps_cppExport.cmake
[1.403s] -- Up-to-date: /home/dhonan/Workspace/webots-ros2-gateway/example/wsl_ros2/install/wbtros2_interface/share/wbtros2_interface/cmake/export_wbtros2_interface__rosidl_typesupport_fastrtps_cppExport-noconfig.cmake
[1.404s] -- Up-to-date: /home/dhonan/Workspace/webots-ros2-gateway/example/wsl_ros2/install/wbtros2_interface/share/wbtros2_interface/cmake/wbtros2_interface__rosidl_typesupport_introspection_cExport.cmake
[1.404s] -- Up-to-date: /home/dhonan/Workspace/webots-ros2-gateway/example/wsl_ros2/install/wbtros2_interface/share/wbtros2_interface/cmake/wbtros2_interface__rosidl_typesupport_introspection_cExport-noconfig.cmake
[1.405s] -- Up-to-date: /home/dhonan/Workspace/webots-ros2-gateway/example/wsl_ros2/install/wbtros2_interface/share/wbtros2_interface/cmake/wbtros2_interface__rosidl_typesupport_cExport.cmake
[1.405s] -- Up-to-date: /home/dhonan/Workspace/webots-ros2-gateway/example/wsl_ros2/install/wbtros2_interface/share/wbtros2_interface/cmake/wbtros2_interface__rosidl_typesupport_cExport-noconfig.cmake
[1.405s] -- Up-to-date: /home/dhonan/Workspace/webots-ros2-gateway/example/wsl_ros2/install/wbtros2_interface/share/wbtros2_interface/cmake/wbtros2_interface__rosidl_typesupport_introspection_cppExport.cmake
[1.406s] -- Up-to-date: /home/dhonan/Workspace/webots-ros2-gateway/example/wsl_ros2/install/wbtros2_interface/share/wbtros2_interface/cmake/wbtros2_interface__rosidl_typesupport_introspection_cppExport-noconfig.cmake
[1.406s] -- Up-to-date: /home/dhonan/Workspace/webots-ros2-gateway/example/wsl_ros2/install/wbtros2_interface/share/wbtros2_interface/cmake/wbtros2_interface__rosidl_typesupport_cppExport.cmake
[1.406s] -- Up-to-date: /home/dhonan/Workspace/webots-ros2-gateway/example/wsl_ros2/install/wbtros2_interface/share/wbtros2_interface/cmake/wbtros2_interface__rosidl_typesupport_cppExport-noconfig.cmake
[1.406s] -- Up-to-date: /home/dhonan/Workspace/webots-ros2-gateway/example/wsl_ros2/install/wbtros2_interface/share/wbtros2_interface/cmake/export_wbtros2_interface__rosidl_generator_pyExport.cmake
[1.407s] -- Up-to-date: /home/dhonan/Workspace/webots-ros2-gateway/example/wsl_ros2/install/wbtros2_interface/share/wbtros2_interface/cmake/export_wbtros2_interface__rosidl_generator_pyExport-noconfig.cmake
[1.407s] -- Up-to-date: /home/dhonan/Workspace/webots-ros2-gateway/example/wsl_ros2/install/wbtros2_interface/share/wbtros2_interface/cmake/rosidl_cmake-extras.cmake
[1.407s] -- Up-to-date: /home/dhonan/Workspace/webots-ros2-gateway/example/wsl_ros2/install/wbtros2_interface/share/wbtros2_interface/cmake/ament_cmake_export_include_directories-extras.cmake
[1.407s] -- Up-to-date: /home/dhonan/Workspace/webots-ros2-gateway/example/wsl_ros2/install/wbtros2_interface/share/wbtros2_interface/cmake/ament_cmake_export_libraries-extras.cmake
[1.407s] -- Up-to-date: /home/dhonan/Workspace/webots-ros2-gateway/example/wsl_ros2/install/wbtros2_interface/share/wbtros2_interface/cmake/ament_cmake_export_targets-extras.cmake
[1.408s] -- Up-to-date: /home/dhonan/Workspace/webots-ros2-gateway/example/wsl_ros2/install/wbtros2_interface/share/wbtros2_interface/cmake/rosidl_cmake_export_typesupport_targets-extras.cmake
[1.408s] -- Up-to-date: /home/dhonan/Workspace/webots-ros2-gateway/example/wsl_ros2/install/wbtros2_interface/share/wbtros2_interface/cmake/ament_cmake_export_dependencies-extras.cmake
[1.408s] -- Up-to-date: /home/dhonan/Workspace/webots-ros2-gateway/example/wsl_ros2/install/wbtros2_interface/share/wbtros2_interface/cmake/rosidl_cmake_export_typesupport_libraries-extras.cmake
[1.408s] -- Up-to-date: /home/dhonan/Workspace/webots-ros2-gateway/example/wsl_ros2/install/wbtros2_interface/share/wbtros2_interface/cmake/wbtros2_interfaceConfig.cmake
[1.409s] -- Up-to-date: /home/dhonan/Workspace/webots-ros2-gateway/example/wsl_ros2/install/wbtros2_interface/share/wbtros2_interface/cmake/wbtros2_interfaceConfig-version.cmake
[1.409s] -- Up-to-date: /home/dhonan/Workspace/webots-ros2-gateway/example/wsl_ros2/install/wbtros2_interface/share/wbtros2_interface/package.xml
[1.410s] Invoked command in '/home/dhonan/Workspace/webots-ros2-gateway/example/wsl_ros2/build/wbtros2_interface' returned '0': CMAKE_PREFIX_PATH=${CMAKE_PREFIX_PATH}:/home/dhonan/Workspace/webots-ros2-gateway/example/wsl_ros2/install/wbtros2_package:/home/dhonan/Workspace/webots-ros2-gateway/example/wsl_ros2/install/wbtros2_example:/opt/ros/humble /usr/bin/cmake --install /home/dhonan/Workspace/webots-ros2-gateway/example/wsl_ros2/build/wbtros2_interface
