[0.634s] Invoking command in '/home/dhonan/Workspace/webots-ros2-gateway/example/wsl_ros2/build/wbtros2_interface': CMAKE_PREFIX_PATH=${CMAKE_PREFIX_PATH}:/home/dhonan/Workspace/webots-ros2-gateway/example/wsl_ros2/install/wbtros2_package:/home/dhonan/Workspace/webots-ros2-gateway/example/wsl_ros2/install/wbtros2_example:/opt/ros/humble /usr/bin/cmake --build /home/dhonan/Workspace/webots-ros2-gateway/example/wsl_ros2/build/wbtros2_interface -- -j8 -l8
[0.679s] [  3%] Built target wbtros2_interface__cpp
[0.680s] [ 12%] Built target wbtros2_interface__rosidl_generator_c
[0.692s] [ 12%] Built target ament_cmake_python_copy_wbtros2_interface
[0.712s] [ 25%] Built target wbtros2_interface__rosidl_typesupport_cpp
[0.713s] [ 35%] Built target wbtros2_interface__rosidl_typesupport_fastrtps_cpp
[0.713s] [ 45%] Built target wbtros2_interface__rosidl_typesupport_introspection_cpp
[0.713s] [ 51%] Built target wbtros2_interface__rosidl_typesupport_c
[0.715s] [ 61%] Built target wbtros2_interface__rosidl_typesupport_fastrtps_c
[0.718s] [ 70%] Built target wbtros2_interface__rosidl_typesupport_introspection_c
[0.739s] [ 70%] Built target wbtros2_interface
[0.759s] [ 74%] Built target wbtros2_interface__py
[0.780s] [ 80%] Built target wbtros2_interface__rosidl_generator_py
[0.804s] [ 87%] Built target wbtros2_interface__rosidl_typesupport_fastrtps_c__pyext
[0.805s] [ 93%] Built target wbtros2_interface__rosidl_typesupport_introspection_c__pyext
[0.810s] [100%] Built target wbtros2_interface__rosidl_typesupport_c__pyext
[1.016s] running egg_info
[1.019s] writing wbtros2_interface.egg-info/PKG-INFO
[1.019s] writing dependency_links to wbtros2_interface.egg-info/dependency_links.txt
[1.020s] writing top-level names to wbtros2_interface.egg-info/top_level.txt
[1.023s] reading manifest file 'wbtros2_interface.egg-info/SOURCES.txt'
[1.025s] writing manifest file 'wbtros2_interface.egg-info/SOURCES.txt'
[1.056s] [100%] Built target ament_cmake_python_build_wbtros2_interface_egg
[1.109s] Invoked command in '/home/dhonan/Workspace/webots-ros2-gateway/example/wsl_ros2/build/wbtros2_interface' returned '0': CMAKE_PREFIX_PATH=${CMAKE_PREFIX_PATH}:/home/dhonan/Workspace/webots-ros2-gateway/example/wsl_ros2/install/wbtros2_package:/home/dhonan/Workspace/webots-ros2-gateway/example/wsl_ros2/install/wbtros2_example:/opt/ros/humble /usr/bin/cmake --build /home/dhonan/Workspace/webots-ros2-gateway/example/wsl_ros2/build/wbtros2_interface -- -j8 -l8
[1.189s] Invoking command in '/home/dhonan/Workspace/webots-ros2-gateway/example/wsl_ros2/build/wbtros2_interface': CMAKE_PREFIX_PATH=${CMAKE_PREFIX_PATH}:/home/dhonan/Workspace/webots-ros2-gateway/example/wsl_ros2/install/wbtros2_package:/home/dhonan/Workspace/webots-ros2-gateway/example/wsl_ros2/install/wbtros2_example:/opt/ros/humble /usr/bin/cmake --install /home/dhonan/Workspace/webots-ros2-gateway/example/wsl_ros2/build/wbtros2_interface
[1.199s] -- Install configuration: ""
[1.200s] -- Up-to-date: /home/dhonan/Workspace/webots-ros2-gateway/example/wsl_ros2/install/wbtros2_interface/share/ament_index/resource_index/rosidl_interfaces/wbtros2_interface
[1.200s] -- Up-to-date: /home/dhonan/Workspace/webots-ros2-gateway/example/wsl_ros2/install/wbtros2_interface/include/wbtros2_interface/wbtros2_interface
[1.201s] -- Up-to-date: /home/dhonan/Workspace/webots-ros2-gateway/example/wsl_ros2/install/wbtros2_interface/include/wbtros2_interface/wbtros2_interface/msg
[1.202s] -- Up-to-date: /home/dhonan/Workspace/webots-ros2-gateway/example/wsl_ros2/install/wbtros2_interface/include/wbtros2_interface/wbtros2_interface/msg/detail
[1.202s] -- Up-to-date: /home/dhonan/Workspace/webots-ros2-gateway/example/wsl_ros2/install/wbtros2_interface/include/wbtros2_interface/wbtros2_interface/msg/detail/wbtros2__functions.h
[1.202s] -- Up-to-date: /home/dhonan/Workspace/webots-ros2-gateway/example/wsl_ros2/install/wbtros2_interface/include/wbtros2_interface/wbtros2_interface/msg/detail/wbtros2__struct.h
[1.202s] -- Up-to-date: /home/dhonan/Workspace/webots-ros2-gateway/example/wsl_ros2/install/wbtros2_interface/include/wbtros2_interface/wbtros2_interface/msg/detail/wbtros2__functions.c
[1.203s] -- Up-to-date: /home/dhonan/Workspace/webots-ros2-gateway/example/wsl_ros2/install/wbtros2_interface/include/wbtros2_interface/wbtros2_interface/msg/detail/wbtros2__type_support.h
[1.203s] -- Up-to-date: /home/dhonan/Workspace/webots-ros2-gateway/example/wsl_ros2/install/wbtros2_interface/include/wbtros2_interface/wbtros2_interface/msg/wbtros2.h
[1.203s] -- Up-to-date: /home/dhonan/Workspace/webots-ros2-gateway/example/wsl_ros2/install/wbtros2_interface/include/wbtros2_interface/wbtros2_interface/msg/rosidl_generator_c__visibility_control.h
[1.203s] -- Up-to-date: /home/dhonan/Workspace/webots-ros2-gateway/example/wsl_ros2/install/wbtros2_interface/share/wbtros2_interface/environment/library_path.sh
[1.203s] -- Up-to-date: /home/dhonan/Workspace/webots-ros2-gateway/example/wsl_ros2/install/wbtros2_interface/share/wbtros2_interface/environment/library_path.dsv
[1.203s] -- Up-to-date: /home/dhonan/Workspace/webots-ros2-gateway/example/wsl_ros2/install/wbtros2_interface/lib/libwbtros2_interface__rosidl_generator_c.so
[1.204s] -- Up-to-date: /home/dhonan/Workspace/webots-ros2-gateway/example/wsl_ros2/install/wbtros2_interface/include/wbtros2_interface/wbtros2_interface
[1.204s] -- Up-to-date: /home/dhonan/Workspace/webots-ros2-gateway/example/wsl_ros2/install/wbtros2_interface/include/wbtros2_interface/wbtros2_interface/msg
[1.204s] -- Up-to-date: /home/dhonan/Workspace/webots-ros2-gateway/example/wsl_ros2/install/wbtros2_interface/include/wbtros2_interface/wbtros2_interface/msg/detail
[1.204s] -- Up-to-date: /home/dhonan/Workspace/webots-ros2-gateway/example/wsl_ros2/install/wbtros2_interface/include/wbtros2_interface/wbtros2_interface/msg/detail/wbtros2__rosidl_typesupport_fastrtps_c.h
[1.204s] -- Up-to-date: /home/dhonan/Workspace/webots-ros2-gateway/example/wsl_ros2/install/wbtros2_interface/include/wbtros2_interface/wbtros2_interface/msg/rosidl_typesupport_fastrtps_c__visibility_control.h
[1.204s] -- Up-to-date: /home/dhonan/Workspace/webots-ros2-gateway/example/wsl_ros2/install/wbtros2_interface/lib/libwbtros2_interface__rosidl_typesupport_fastrtps_c.so
[1.205s] -- Up-to-date: /home/dhonan/Workspace/webots-ros2-gateway/example/wsl_ros2/install/wbtros2_interface/include/wbtros2_interface/wbtros2_interface
[1.205s] -- Up-to-date: /home/dhonan/Workspace/webots-ros2-gateway/example/wsl_ros2/install/wbtros2_interface/include/wbtros2_interface/wbtros2_interface/msg
[1.205s] -- Up-to-date: /home/dhonan/Workspace/webots-ros2-gateway/example/wsl_ros2/install/wbtros2_interface/include/wbtros2_interface/wbtros2_interface/msg/wbtros2.hpp
[1.205s] -- Up-to-date: /home/dhonan/Workspace/webots-ros2-gateway/example/wsl_ros2/install/wbtros2_interface/include/wbtros2_interface/wbtros2_interface/msg/detail
[1.206s] -- Up-to-date: /home/dhonan/Workspace/webots-ros2-gateway/example/wsl_ros2/install/wbtros2_interface/include/wbtros2_interface/wbtros2_interface/msg/detail/wbtros2__traits.hpp
[1.206s] -- Up-to-date: /home/dhonan/Workspace/webots-ros2-gateway/example/wsl_ros2/install/wbtros2_interface/include/wbtros2_interface/wbtros2_interface/msg/detail/wbtros2__struct.hpp
[1.206s] -- Up-to-date: /home/dhonan/Workspace/webots-ros2-gateway/example/wsl_ros2/install/wbtros2_interface/include/wbtros2_interface/wbtros2_interface/msg/detail/wbtros2__builder.hpp
[1.206s] -- Up-to-date: /home/dhonan/Workspace/webots-ros2-gateway/example/wsl_ros2/install/wbtros2_interface/include/wbtros2_interface/wbtros2_interface
[1.206s] -- Up-to-date: /home/dhonan/Workspace/webots-ros2-gateway/example/wsl_ros2/install/wbtros2_interface/include/wbtros2_interface/wbtros2_interface/msg
[1.206s] -- Up-to-date: /home/dhonan/Workspace/webots-ros2-gateway/example/wsl_ros2/install/wbtros2_interface/include/wbtros2_interface/wbtros2_interface/msg/rosidl_typesupport_fastrtps_cpp__visibility_control.h
[1.206s] -- Up-to-date: /home/dhonan/Workspace/webots-ros2-gateway/example/wsl_ros2/install/wbtros2_interface/include/wbtros2_interface/wbtros2_interface/msg/detail
[1.207s] -- Up-to-date: /home/dhonan/Workspace/webots-ros2-gateway/example/wsl_ros2/install/wbtros2_interface/include/wbtros2_interface/wbtros2_interface/msg/detail/dds_fastrtps
[1.207s] -- Up-to-date: /home/dhonan/Workspace/webots-ros2-gateway/example/wsl_ros2/install/wbtros2_interface/include/wbtros2_interface/wbtros2_interface/msg/detail/wbtros2__rosidl_typesupport_fastrtps_cpp.hpp
[1.207s] -- Up-to-date: /home/dhonan/Workspace/webots-ros2-gateway/example/wsl_ros2/install/wbtros2_interface/lib/libwbtros2_interface__rosidl_typesupport_fastrtps_cpp.so
[1.207s] -- Up-to-date: /home/dhonan/Workspace/webots-ros2-gateway/example/wsl_ros2/install/wbtros2_interface/include/wbtros2_interface/wbtros2_interface
[1.207s] -- Up-to-date: /home/dhonan/Workspace/webots-ros2-gateway/example/wsl_ros2/install/wbtros2_interface/include/wbtros2_interface/wbtros2_interface/msg
[1.207s] -- Up-to-date: /home/dhonan/Workspace/webots-ros2-gateway/example/wsl_ros2/install/wbtros2_interface/include/wbtros2_interface/wbtros2_interface/msg/detail
[1.207s] -- Up-to-date: /home/dhonan/Workspace/webots-ros2-gateway/example/wsl_ros2/install/wbtros2_interface/include/wbtros2_interface/wbtros2_interface/msg/detail/wbtros2__type_support.c
[1.208s] -- Up-to-date: /home/dhonan/Workspace/webots-ros2-gateway/example/wsl_ros2/install/wbtros2_interface/include/wbtros2_interface/wbtros2_interface/msg/detail/wbtros2__rosidl_typesupport_introspection_c.h
[1.208s] -- Up-to-date: /home/dhonan/Workspace/webots-ros2-gateway/example/wsl_ros2/install/wbtros2_interface/include/wbtros2_interface/wbtros2_interface/msg/rosidl_typesupport_introspection_c__visibility_control.h
[1.208s] -- Up-to-date: /home/dhonan/Workspace/webots-ros2-gateway/example/wsl_ros2/install/wbtros2_interface/lib/libwbtros2_interface__rosidl_typesupport_introspection_c.so
[1.208s] -- Up-to-date: /home/dhonan/Workspace/webots-ros2-gateway/example/wsl_ros2/install/wbtros2_interface/lib/libwbtros2_interface__rosidl_typesupport_c.so
[1.208s] -- Up-to-date: /home/dhonan/Workspace/webots-ros2-gateway/example/wsl_ros2/install/wbtros2_interface/include/wbtros2_interface/wbtros2_interface
[1.209s] -- Up-to-date: /home/dhonan/Workspace/webots-ros2-gateway/example/wsl_ros2/install/wbtros2_interface/include/wbtros2_interface/wbtros2_interface/msg
[1.209s] -- Up-to-date: /home/dhonan/Workspace/webots-ros2-gateway/example/wsl_ros2/install/wbtros2_interface/include/wbtros2_interface/wbtros2_interface/msg/detail
[1.209s] -- Up-to-date: /home/dhonan/Workspace/webots-ros2-gateway/example/wsl_ros2/install/wbtros2_interface/include/wbtros2_interface/wbtros2_interface/msg/detail/wbtros2__type_support.cpp
[1.209s] -- Up-to-date: /home/dhonan/Workspace/webots-ros2-gateway/example/wsl_ros2/install/wbtros2_interface/include/wbtros2_interface/wbtros2_interface/msg/detail/wbtros2__rosidl_typesupport_introspection_cpp.hpp
[1.210s] -- Up-to-date: /home/dhonan/Workspace/webots-ros2-gateway/example/wsl_ros2/install/wbtros2_interface/lib/libwbtros2_interface__rosidl_typesupport_introspection_cpp.so
[1.210s] -- Up-to-date: /home/dhonan/Workspace/webots-ros2-gateway/example/wsl_ros2/install/wbtros2_interface/lib/libwbtros2_interface__rosidl_typesupport_cpp.so
[1.210s] -- Up-to-date: /home/dhonan/Workspace/webots-ros2-gateway/example/wsl_ros2/install/wbtros2_interface/share/wbtros2_interface/environment/pythonpath.sh
[1.210s] -- Up-to-date: /home/dhonan/Workspace/webots-ros2-gateway/example/wsl_ros2/install/wbtros2_interface/share/wbtros2_interface/environment/pythonpath.dsv
[1.210s] -- Up-to-date: /home/dhonan/Workspace/webots-ros2-gateway/example/wsl_ros2/install/wbtros2_interface/local/lib/python3.10/dist-packages/wbtros2_interface-0.0.0-py3.10.egg-info
[1.210s] -- Installing: /home/dhonan/Workspace/webots-ros2-gateway/example/wsl_ros2/install/wbtros2_interface/local/lib/python3.10/dist-packages/wbtros2_interface-0.0.0-py3.10.egg-info/top_level.txt
[1.210s] -- Installing: /home/dhonan/Workspace/webots-ros2-gateway/example/wsl_ros2/install/wbtros2_interface/local/lib/python3.10/dist-packages/wbtros2_interface-0.0.0-py3.10.egg-info/SOURCES.txt
[1.211s] -- Installing: /home/dhonan/Workspace/webots-ros2-gateway/example/wsl_ros2/install/wbtros2_interface/local/lib/python3.10/dist-packages/wbtros2_interface-0.0.0-py3.10.egg-info/dependency_links.txt
[1.211s] -- Installing: /home/dhonan/Workspace/webots-ros2-gateway/example/wsl_ros2/install/wbtros2_interface/local/lib/python3.10/dist-packages/wbtros2_interface-0.0.0-py3.10.egg-info/PKG-INFO
[1.211s] -- Up-to-date: /home/dhonan/Workspace/webots-ros2-gateway/example/wsl_ros2/install/wbtros2_interface/local/lib/python3.10/dist-packages/wbtros2_interface
[1.211s] -- Up-to-date: /home/dhonan/Workspace/webots-ros2-gateway/example/wsl_ros2/install/wbtros2_interface/local/lib/python3.10/dist-packages/wbtros2_interface/_wbtros2_interface_s.ep.rosidl_typesupport_c.c
[1.211s] -- Up-to-date: /home/dhonan/Workspace/webots-ros2-gateway/example/wsl_ros2/install/wbtros2_interface/local/lib/python3.10/dist-packages/wbtros2_interface/wbtros2_interface_s__rosidl_typesupport_c.cpython-310-x86_64-linux-gnu.so
[1.211s] -- Up-to-date: /home/dhonan/Workspace/webots-ros2-gateway/example/wsl_ros2/install/wbtros2_interface/local/lib/python3.10/dist-packages/wbtros2_interface/_wbtros2_interface_s.ep.rosidl_typesupport_introspection_c.c
[1.211s] -- Up-to-date: /home/dhonan/Workspace/webots-ros2-gateway/example/wsl_ros2/install/wbtros2_interface/local/lib/python3.10/dist-packages/wbtros2_interface/libwbtros2_interface__rosidl_generator_py.so
[1.211s] -- Up-to-date: /home/dhonan/Workspace/webots-ros2-gateway/example/wsl_ros2/install/wbtros2_interface/local/lib/python3.10/dist-packages/wbtros2_interface/_wbtros2_interface_s.ep.rosidl_typesupport_fastrtps_c.c
[1.212s] -- Up-to-date: /home/dhonan/Workspace/webots-ros2-gateway/example/wsl_ros2/install/wbtros2_interface/local/lib/python3.10/dist-packages/wbtros2_interface/msg
[1.212s] -- Up-to-date: /home/dhonan/Workspace/webots-ros2-gateway/example/wsl_ros2/install/wbtros2_interface/local/lib/python3.10/dist-packages/wbtros2_interface/msg/_wbtros2.py
[1.212s] -- Up-to-date: /home/dhonan/Workspace/webots-ros2-gateway/example/wsl_ros2/install/wbtros2_interface/local/lib/python3.10/dist-packages/wbtros2_interface/msg/_wbtros2_s.c
[1.212s] -- Up-to-date: /home/dhonan/Workspace/webots-ros2-gateway/example/wsl_ros2/install/wbtros2_interface/local/lib/python3.10/dist-packages/wbtros2_interface/msg/__init__.py
[1.212s] -- Up-to-date: /home/dhonan/Workspace/webots-ros2-gateway/example/wsl_ros2/install/wbtros2_interface/local/lib/python3.10/dist-packages/wbtros2_interface/wbtros2_interface_s__rosidl_typesupport_introspection_c.cpython-310-x86_64-linux-gnu.so
[1.212s] -- Up-to-date: /home/dhonan/Workspace/webots-ros2-gateway/example/wsl_ros2/install/wbtros2_interface/local/lib/python3.10/dist-packages/wbtros2_interface/wbtros2_interface_s__rosidl_typesupport_fastrtps_c.cpython-310-x86_64-linux-gnu.so
[1.212s] -- Up-to-date: /home/dhonan/Workspace/webots-ros2-gateway/example/wsl_ros2/install/wbtros2_interface/local/lib/python3.10/dist-packages/wbtros2_interface/__init__.py
[1.248s] Listing '/home/dhonan/Workspace/webots-ros2-gateway/example/wsl_ros2/install/wbtros2_interface/local/lib/python3.10/dist-packages/wbtros2_interface'...
[1.248s] Listing '/home/dhonan/Workspace/webots-ros2-gateway/example/wsl_ros2/install/wbtros2_interface/local/lib/python3.10/dist-packages/wbtros2_interface/msg'...
[1.253s] -- Up-to-date: /home/dhonan/Workspace/webots-ros2-gateway/example/wsl_ros2/install/wbtros2_interface/local/lib/python3.10/dist-packages/wbtros2_interface/wbtros2_interface_s__rosidl_typesupport_fastrtps_c.cpython-310-x86_64-linux-gnu.so
[1.254s] -- Up-to-date: /home/dhonan/Workspace/webots-ros2-gateway/example/wsl_ros2/install/wbtros2_interface/local/lib/python3.10/dist-packages/wbtros2_interface/wbtros2_interface_s__rosidl_typesupport_introspection_c.cpython-310-x86_64-linux-gnu.so
[1.254s] -- Up-to-date: /home/dhonan/Workspace/webots-ros2-gateway/example/wsl_ros2/install/wbtros2_interface/local/lib/python3.10/dist-packages/wbtros2_interface/wbtros2_interface_s__rosidl_typesupport_c.cpython-310-x86_64-linux-gnu.so
[1.255s] -- Up-to-date: /home/dhonan/Workspace/webots-ros2-gateway/example/wsl_ros2/install/wbtros2_interface/lib/libwbtros2_interface__rosidl_generator_py.so
[1.255s] -- Up-to-date: /home/dhonan/Workspace/webots-ros2-gateway/example/wsl_ros2/install/wbtros2_interface/share/wbtros2_interface/msg/Wbtros2.idl
[1.255s] -- Up-to-date: /home/dhonan/Workspace/webots-ros2-gateway/example/wsl_ros2/install/wbtros2_interface/share/wbtros2_interface/msg/Wbtros2.msg
[1.256s] -- Up-to-date: /home/dhonan/Workspace/webots-ros2-gateway/example/wsl_ros2/install/wbtros2_interface/share/ament_index/resource_index/package_run_dependencies/wbtros2_interface
[1.256s] -- Up-to-date: /home/dhonan/Workspace/webots-ros2-gateway/example/wsl_ros2/install/wbtros2_interface/share/ament_index/resource_index/parent_prefix_path/wbtros2_interface
[1.256s] -- Up-to-date: /home/dhonan/Workspace/webots-ros2-gateway/example/wsl_ros2/install/wbtros2_interface/share/wbtros2_interface/environment/ament_prefix_path.sh
[1.257s] -- Up-to-date: /home/dhonan/Workspace/webots-ros2-gateway/example/wsl_ros2/install/wbtros2_interface/share/wbtros2_interface/environment/ament_prefix_path.dsv
[1.257s] -- Up-to-date: /home/dhonan/Workspace/webots-ros2-gateway/example/wsl_ros2/install/wbtros2_interface/share/wbtros2_interface/environment/path.sh
[1.257s] -- Up-to-date: /home/dhonan/Workspace/webots-ros2-gateway/example/wsl_ros2/install/wbtros2_interface/share/wbtros2_interface/environment/path.dsv
[1.257s] -- Up-to-date: /home/dhonan/Workspace/webots-ros2-gateway/example/wsl_ros2/install/wbtros2_interface/share/wbtros2_interface/local_setup.bash
[1.258s] -- Up-to-date: /home/dhonan/Workspace/webots-ros2-gateway/example/wsl_ros2/install/wbtros2_interface/share/wbtros2_interface/local_setup.sh
[1.258s] -- Up-to-date: /home/dhonan/Workspace/webots-ros2-gateway/example/wsl_ros2/install/wbtros2_interface/share/wbtros2_interface/local_setup.zsh
[1.258s] -- Up-to-date: /home/dhonan/Workspace/webots-ros2-gateway/example/wsl_ros2/install/wbtros2_interface/share/wbtros2_interface/local_setup.dsv
[1.258s] -- Installing: /home/dhonan/Workspace/webots-ros2-gateway/example/wsl_ros2/install/wbtros2_interface/share/wbtros2_interface/package.dsv
[1.258s] -- Up-to-date: /home/dhonan/Workspace/webots-ros2-gateway/example/wsl_ros2/install/wbtros2_interface/share/ament_index/resource_index/packages/wbtros2_interface
[1.259s] -- Up-to-date: /home/dhonan/Workspace/webots-ros2-gateway/example/wsl_ros2/install/wbtros2_interface/share/wbtros2_interface/cmake/export_wbtros2_interface__rosidl_generator_cExport.cmake
[1.259s] -- Up-to-date: /home/dhonan/Workspace/webots-ros2-gateway/example/wsl_ros2/install/wbtros2_interface/share/wbtros2_interface/cmake/export_wbtros2_interface__rosidl_generator_cExport-noconfig.cmake
[1.260s] -- Up-to-date: /home/dhonan/Workspace/webots-ros2-gateway/example/wsl_ros2/install/wbtros2_interface/share/wbtros2_interface/cmake/export_wbtros2_interface__rosidl_typesupport_fastrtps_cExport.cmake
[1.260s] -- Up-to-date: /home/dhonan/Workspace/webots-ros2-gateway/example/wsl_ros2/install/wbtros2_interface/share/wbtros2_interface/cmake/export_wbtros2_interface__rosidl_typesupport_fastrtps_cExport-noconfig.cmake
[1.260s] -- Up-to-date: /home/dhonan/Workspace/webots-ros2-gateway/example/wsl_ros2/install/wbtros2_interface/share/wbtros2_interface/cmake/export_wbtros2_interface__rosidl_generator_cppExport.cmake
[1.260s] -- Up-to-date: /home/dhonan/Workspace/webots-ros2-gateway/example/wsl_ros2/install/wbtros2_interface/share/wbtros2_interface/cmake/export_wbtros2_interface__rosidl_typesupport_fastrtps_cppExport.cmake
[1.260s] -- Up-to-date: /home/dhonan/Workspace/webots-ros2-gateway/example/wsl_ros2/install/wbtros2_interface/share/wbtros2_interface/cmake/export_wbtros2_interface__rosidl_typesupport_fastrtps_cppExport-noconfig.cmake
[1.261s] -- Up-to-date: /home/dhonan/Workspace/webots-ros2-gateway/example/wsl_ros2/install/wbtros2_interface/share/wbtros2_interface/cmake/wbtros2_interface__rosidl_typesupport_introspection_cExport.cmake
[1.261s] -- Up-to-date: /home/dhonan/Workspace/webots-ros2-gateway/example/wsl_ros2/install/wbtros2_interface/share/wbtros2_interface/cmake/wbtros2_interface__rosidl_typesupport_introspection_cExport-noconfig.cmake
[1.261s] -- Up-to-date: /home/dhonan/Workspace/webots-ros2-gateway/example/wsl_ros2/install/wbtros2_interface/share/wbtros2_interface/cmake/wbtros2_interface__rosidl_typesupport_cExport.cmake
[1.261s] -- Up-to-date: /home/dhonan/Workspace/webots-ros2-gateway/example/wsl_ros2/install/wbtros2_interface/share/wbtros2_interface/cmake/wbtros2_interface__rosidl_typesupport_cExport-noconfig.cmake
[1.261s] -- Up-to-date: /home/dhonan/Workspace/webots-ros2-gateway/example/wsl_ros2/install/wbtros2_interface/share/wbtros2_interface/cmake/wbtros2_interface__rosidl_typesupport_introspection_cppExport.cmake
[1.261s] -- Up-to-date: /home/dhonan/Workspace/webots-ros2-gateway/example/wsl_ros2/install/wbtros2_interface/share/wbtros2_interface/cmake/wbtros2_interface__rosidl_typesupport_introspection_cppExport-noconfig.cmake
[1.261s] -- Up-to-date: /home/dhonan/Workspace/webots-ros2-gateway/example/wsl_ros2/install/wbtros2_interface/share/wbtros2_interface/cmake/wbtros2_interface__rosidl_typesupport_cppExport.cmake
[1.261s] -- Up-to-date: /home/dhonan/Workspace/webots-ros2-gateway/example/wsl_ros2/install/wbtros2_interface/share/wbtros2_interface/cmake/wbtros2_interface__rosidl_typesupport_cppExport-noconfig.cmake
[1.261s] -- Up-to-date: /home/dhonan/Workspace/webots-ros2-gateway/example/wsl_ros2/install/wbtros2_interface/share/wbtros2_interface/cmake/export_wbtros2_interface__rosidl_generator_pyExport.cmake
[1.261s] -- Up-to-date: /home/dhonan/Workspace/webots-ros2-gateway/example/wsl_ros2/install/wbtros2_interface/share/wbtros2_interface/cmake/export_wbtros2_interface__rosidl_generator_pyExport-noconfig.cmake
[1.261s] -- Up-to-date: /home/dhonan/Workspace/webots-ros2-gateway/example/wsl_ros2/install/wbtros2_interface/share/wbtros2_interface/cmake/rosidl_cmake-extras.cmake
[1.262s] -- Up-to-date: /home/dhonan/Workspace/webots-ros2-gateway/example/wsl_ros2/install/wbtros2_interface/share/wbtros2_interface/cmake/ament_cmake_export_include_directories-extras.cmake
[1.262s] -- Up-to-date: /home/dhonan/Workspace/webots-ros2-gateway/example/wsl_ros2/install/wbtros2_interface/share/wbtros2_interface/cmake/ament_cmake_export_libraries-extras.cmake
[1.263s] -- Up-to-date: /home/dhonan/Workspace/webots-ros2-gateway/example/wsl_ros2/install/wbtros2_interface/share/wbtros2_interface/cmake/ament_cmake_export_targets-extras.cmake
[1.264s] -- Up-to-date: /home/dhonan/Workspace/webots-ros2-gateway/example/wsl_ros2/install/wbtros2_interface/share/wbtros2_interface/cmake/rosidl_cmake_export_typesupport_targets-extras.cmake
[1.266s] -- Up-to-date: /home/dhonan/Workspace/webots-ros2-gateway/example/wsl_ros2/install/wbtros2_interface/share/wbtros2_interface/cmake/ament_cmake_export_dependencies-extras.cmake
[1.266s] -- Up-to-date: /home/dhonan/Workspace/webots-ros2-gateway/example/wsl_ros2/install/wbtros2_interface/share/wbtros2_interface/cmake/rosidl_cmake_export_typesupport_libraries-extras.cmake
[1.266s] -- Up-to-date: /home/dhonan/Workspace/webots-ros2-gateway/example/wsl_ros2/install/wbtros2_interface/share/wbtros2_interface/cmake/wbtros2_interfaceConfig.cmake
[1.266s] -- Up-to-date: /home/dhonan/Workspace/webots-ros2-gateway/example/wsl_ros2/install/wbtros2_interface/share/wbtros2_interface/cmake/wbtros2_interfaceConfig-version.cmake
[1.267s] -- Up-to-date: /home/dhonan/Workspace/webots-ros2-gateway/example/wsl_ros2/install/wbtros2_interface/share/wbtros2_interface/package.xml
[1.267s] Invoked command in '/home/dhonan/Workspace/webots-ros2-gateway/example/wsl_ros2/build/wbtros2_interface' returned '0': CMAKE_PREFIX_PATH=${CMAKE_PREFIX_PATH}:/home/dhonan/Workspace/webots-ros2-gateway/example/wsl_ros2/install/wbtros2_package:/home/dhonan/Workspace/webots-ros2-gateway/example/wsl_ros2/install/wbtros2_example:/opt/ros/humble /usr/bin/cmake --install /home/dhonan/Workspace/webots-ros2-gateway/example/wsl_ros2/build/wbtros2_interface
