[1.961s] DEBUG:colcon:Command line arguments: ['/home/dhonan/.local/bin/colcon', 'build']
[1.961s] DEBUG:colcon:Parsed command line arguments: Namespace(log_base=None, log_level=None, verb_name='build', build_base='build', install_base='install', merge_install=False, symlink_install=False, test_result_base=None, continue_on_error=False, executor='parallel', parallel_workers=8, event_handlers=None, ignore_user_meta=False, metas=['./colcon.meta'], base_paths=['.'], packages_ignore=None, packages_ignore_regex=None, paths=None, packages_up_to=None, packages_up_to_regex=None, packages_above=None, packages_above_and_dependencies=None, packages_above_depth=None, packages_select_by_dep=None, packages_skip_by_dep=None, packages_skip_up_to=None, packages_select_build_failed=False, packages_skip_build_finished=False, packages_select_test_failures=False, packages_skip_test_passed=False, packages_select=None, packages_skip=None, packages_select_regex=None, packages_skip_regex=None, packages_start=None, packages_end=None, allow_overriding=[], cmake_args=None, cmake_target=None, cmake_target_skip_unavailable=False, cmake_clean_cache=False, cmake_clean_first=False, cmake_force_configure=False, ament_cmake_args=None, catkin_cmake_args=None, catkin_skip_building_tests=False, mixin_files=None, mixin=None, verb_parser=<colcon_mixin.mixin.mixin_argument.MixinArgumentDecorator object at 0x7f0fa132d9c0>, verb_extension=<colcon_core.verb.build.BuildVerb object at 0x7f0fa132a590>, main=<bound method BuildVerb.main of <colcon_core.verb.build.BuildVerb object at 0x7f0fa132a590>>, mixin_verb=('build',))
[2.033s] Level 1:colcon.colcon_core.package_discovery:discover_packages(colcon_meta) check parameters
[2.033s] Level 1:colcon.colcon_core.package_discovery:discover_packages(recursive) check parameters
[2.033s] Level 1:colcon.colcon_core.package_discovery:discover_packages(ignore) check parameters
[2.033s] Level 1:colcon.colcon_core.package_discovery:discover_packages(path) check parameters
[2.033s] Level 1:colcon.colcon_core.package_discovery:discover_packages(colcon_meta) discover
[2.033s] Level 1:colcon.colcon_core.package_discovery:discover_packages(recursive) discover
[2.033s] INFO:colcon.colcon_core.package_discovery:Crawling recursively for packages in '/home/dhonan/Workspace/webots-ros2-gateway/example/wsl_ros2'
[2.033s] Level 1:colcon.colcon_core.package_identification:_identify(.) by extensions ['ignore', 'ignore_ament_install']
[2.034s] Level 1:colcon.colcon_core.package_identification:_identify(.) by extension 'ignore'
[2.034s] Level 1:colcon.colcon_core.package_identification:_identify(.) by extension 'ignore_ament_install'
[2.034s] Level 1:colcon.colcon_core.package_identification:_identify(.) by extensions ['colcon_pkg']
[2.034s] Level 1:colcon.colcon_core.package_identification:_identify(.) by extension 'colcon_pkg'
[2.034s] Level 1:colcon.colcon_core.package_identification:_identify(.) by extensions ['colcon_meta']
[2.034s] Level 1:colcon.colcon_core.package_identification:_identify(.) by extension 'colcon_meta'
[2.034s] Level 1:colcon.colcon_core.package_identification:_identify(.) by extensions ['ros']
[2.034s] Level 1:colcon.colcon_core.package_identification:_identify(.) by extension 'ros'
[2.062s] Level 1:colcon.colcon_core.package_identification:_identify(.) by extensions ['cmake', 'python']
[2.062s] Level 1:colcon.colcon_core.package_identification:_identify(.) by extension 'cmake'
[2.062s] Level 1:colcon.colcon_core.package_identification:_identify(.) by extension 'python'
[2.062s] Level 1:colcon.colcon_core.package_identification:_identify(.) by extensions ['python_setup_py']
[2.062s] Level 1:colcon.colcon_core.package_identification:_identify(.) by extension 'python_setup_py'
[2.062s] Level 1:colcon.colcon_core.package_identification:_identify(build) by extensions ['ignore', 'ignore_ament_install']
[2.063s] Level 1:colcon.colcon_core.package_identification:_identify(build) by extension 'ignore'
[2.063s] Level 1:colcon.colcon_core.package_identification:_identify(build) ignored
[2.063s] Level 1:colcon.colcon_core.package_identification:_identify(install) by extensions ['ignore', 'ignore_ament_install']
[2.063s] Level 1:colcon.colcon_core.package_identification:_identify(install) by extension 'ignore'
[2.063s] Level 1:colcon.colcon_core.package_identification:_identify(install) ignored
[2.063s] Level 1:colcon.colcon_core.package_identification:_identify(log) by extensions ['ignore', 'ignore_ament_install']
[2.063s] Level 1:colcon.colcon_core.package_identification:_identify(log) by extension 'ignore'
[2.063s] Level 1:colcon.colcon_core.package_identification:_identify(log) ignored
[2.064s] Level 1:colcon.colcon_core.package_identification:_identify(src) by extensions ['ignore', 'ignore_ament_install']
[2.064s] Level 1:colcon.colcon_core.package_identification:_identify(src) by extension 'ignore'
[2.064s] Level 1:colcon.colcon_core.package_identification:_identify(src) by extension 'ignore_ament_install'
[2.064s] Level 1:colcon.colcon_core.package_identification:_identify(src) by extensions ['colcon_pkg']
[2.064s] Level 1:colcon.colcon_core.package_identification:_identify(src) by extension 'colcon_pkg'
[2.064s] Level 1:colcon.colcon_core.package_identification:_identify(src) by extensions ['colcon_meta']
[2.064s] Level 1:colcon.colcon_core.package_identification:_identify(src) by extension 'colcon_meta'
[2.064s] Level 1:colcon.colcon_core.package_identification:_identify(src) by extensions ['ros']
[2.064s] Level 1:colcon.colcon_core.package_identification:_identify(src) by extension 'ros'
[2.064s] Level 1:colcon.colcon_core.package_identification:_identify(src) by extensions ['cmake', 'python']
[2.064s] Level 1:colcon.colcon_core.package_identification:_identify(src) by extension 'cmake'
[2.064s] Level 1:colcon.colcon_core.package_identification:_identify(src) by extension 'python'
[2.064s] Level 1:colcon.colcon_core.package_identification:_identify(src) by extensions ['python_setup_py']
[2.064s] Level 1:colcon.colcon_core.package_identification:_identify(src) by extension 'python_setup_py'
[2.065s] Level 1:colcon.colcon_core.package_identification:_identify(src/wbtros2_example) by extensions ['ignore', 'ignore_ament_install']
[2.065s] Level 1:colcon.colcon_core.package_identification:_identify(src/wbtros2_example) by extension 'ignore'
[2.065s] Level 1:colcon.colcon_core.package_identification:_identify(src/wbtros2_example) by extension 'ignore_ament_install'
[2.065s] Level 1:colcon.colcon_core.package_identification:_identify(src/wbtros2_example) by extensions ['colcon_pkg']
[2.065s] Level 1:colcon.colcon_core.package_identification:_identify(src/wbtros2_example) by extension 'colcon_pkg'
[2.065s] Level 1:colcon.colcon_core.package_identification:_identify(src/wbtros2_example) by extensions ['colcon_meta']
[2.065s] Level 1:colcon.colcon_core.package_identification:_identify(src/wbtros2_example) by extension 'colcon_meta'
[2.065s] Level 1:colcon.colcon_core.package_identification:_identify(src/wbtros2_example) by extensions ['ros']
[2.065s] Level 1:colcon.colcon_core.package_identification:_identify(src/wbtros2_example) by extension 'ros'
[2.068s] DEBUG:colcon.colcon_core.package_identification:Package 'src/wbtros2_example' with type 'ros.ament_python' and name 'wbtros2_example'
[2.068s] Level 1:colcon.colcon_core.package_identification:_identify(src/wbtros2_interface) by extensions ['ignore', 'ignore_ament_install']
[2.068s] Level 1:colcon.colcon_core.package_identification:_identify(src/wbtros2_interface) by extension 'ignore'
[2.068s] Level 1:colcon.colcon_core.package_identification:_identify(src/wbtros2_interface) by extension 'ignore_ament_install'
[2.069s] Level 1:colcon.colcon_core.package_identification:_identify(src/wbtros2_interface) by extensions ['colcon_pkg']
[2.069s] Level 1:colcon.colcon_core.package_identification:_identify(src/wbtros2_interface) by extension 'colcon_pkg'
[2.069s] Level 1:colcon.colcon_core.package_identification:_identify(src/wbtros2_interface) by extensions ['colcon_meta']
[2.069s] Level 1:colcon.colcon_core.package_identification:_identify(src/wbtros2_interface) by extension 'colcon_meta'
[2.069s] Level 1:colcon.colcon_core.package_identification:_identify(src/wbtros2_interface) by extensions ['ros']
[2.069s] Level 1:colcon.colcon_core.package_identification:_identify(src/wbtros2_interface) by extension 'ros'
[2.070s] DEBUG:colcon.colcon_core.package_identification:Package 'src/wbtros2_interface' with type 'ros.ament_cmake' and name 'wbtros2_interface'
[2.070s] Level 1:colcon.colcon_core.package_identification:_identify(src/wbtros2_package) by extensions ['ignore', 'ignore_ament_install']
[2.070s] Level 1:colcon.colcon_core.package_identification:_identify(src/wbtros2_package) by extension 'ignore'
[2.070s] Level 1:colcon.colcon_core.package_identification:_identify(src/wbtros2_package) by extension 'ignore_ament_install'
[2.070s] Level 1:colcon.colcon_core.package_identification:_identify(src/wbtros2_package) by extensions ['colcon_pkg']
[2.070s] Level 1:colcon.colcon_core.package_identification:_identify(src/wbtros2_package) by extension 'colcon_pkg'
[2.070s] Level 1:colcon.colcon_core.package_identification:_identify(src/wbtros2_package) by extensions ['colcon_meta']
[2.070s] Level 1:colcon.colcon_core.package_identification:_identify(src/wbtros2_package) by extension 'colcon_meta'
[2.070s] Level 1:colcon.colcon_core.package_identification:_identify(src/wbtros2_package) by extensions ['ros']
[2.070s] Level 1:colcon.colcon_core.package_identification:_identify(src/wbtros2_package) by extension 'ros'
[2.071s] DEBUG:colcon.colcon_core.package_identification:Package 'src/wbtros2_package' with type 'ros.ament_python' and name 'wbtros2_package'
[2.071s] Level 1:colcon.colcon_core.package_discovery:discover_packages(recursive) using defaults
[2.071s] Level 1:colcon.colcon_core.package_discovery:discover_packages(ignore) discover
[2.071s] Level 1:colcon.colcon_core.package_discovery:discover_packages(ignore) using defaults
[2.071s] Level 1:colcon.colcon_core.package_discovery:discover_packages(path) discover
[2.071s] Level 1:colcon.colcon_core.package_discovery:discover_packages(path) using defaults
[2.190s] Level 1:colcon.colcon_core.package_discovery:discover_packages(prefix_path) check parameters
[2.190s] Level 1:colcon.colcon_core.package_discovery:discover_packages(prefix_path) discover
[2.233s] DEBUG:colcon.colcon_installed_package_information.package_discovery:Found 3 installed packages in /home/dhonan/Workspace/webots-ros2-gateway/example/wsl_ros2/install
[2.258s] DEBUG:colcon.colcon_installed_package_information.package_discovery:Found 271 installed packages in /opt/ros/humble
[2.259s] Level 1:colcon.colcon_core.package_discovery:discover_packages(prefix_path) using defaults
[2.347s] Level 5:colcon.colcon_core.verb:set package 'wbtros2_example' build argument 'cmake_args' from command line to 'None'
[2.347s] Level 5:colcon.colcon_core.verb:set package 'wbtros2_example' build argument 'cmake_target' from command line to 'None'
[2.347s] Level 5:colcon.colcon_core.verb:set package 'wbtros2_example' build argument 'cmake_target_skip_unavailable' from command line to 'False'
[2.347s] Level 5:colcon.colcon_core.verb:set package 'wbtros2_example' build argument 'cmake_clean_cache' from command line to 'False'
[2.347s] Level 5:colcon.colcon_core.verb:set package 'wbtros2_example' build argument 'cmake_clean_first' from command line to 'False'
[2.347s] Level 5:colcon.colcon_core.verb:set package 'wbtros2_example' build argument 'cmake_force_configure' from command line to 'False'
[2.347s] Level 5:colcon.colcon_core.verb:set package 'wbtros2_example' build argument 'ament_cmake_args' from command line to 'None'
[2.347s] Level 5:colcon.colcon_core.verb:set package 'wbtros2_example' build argument 'catkin_cmake_args' from command line to 'None'
[2.347s] Level 5:colcon.colcon_core.verb:set package 'wbtros2_example' build argument 'catkin_skip_building_tests' from command line to 'False'
[2.347s] DEBUG:colcon.colcon_core.verb:Building package 'wbtros2_example' with the following arguments: {'ament_cmake_args': None, 'build_base': '/home/dhonan/Workspace/webots-ros2-gateway/example/wsl_ros2/build/wbtros2_example', 'catkin_cmake_args': None, 'catkin_skip_building_tests': False, 'cmake_args': None, 'cmake_clean_cache': False, 'cmake_clean_first': False, 'cmake_force_configure': False, 'cmake_target': None, 'cmake_target_skip_unavailable': False, 'install_base': '/home/dhonan/Workspace/webots-ros2-gateway/example/wsl_ros2/install/wbtros2_example', 'merge_install': False, 'path': '/home/dhonan/Workspace/webots-ros2-gateway/example/wsl_ros2/src/wbtros2_example', 'symlink_install': False, 'test_result_base': None}
[2.367s] Level 5:colcon.colcon_core.verb:set package 'wbtros2_interface' build argument 'cmake_args' from command line to 'None'
[2.367s] Level 5:colcon.colcon_core.verb:set package 'wbtros2_interface' build argument 'cmake_target' from command line to 'None'
[2.367s] Level 5:colcon.colcon_core.verb:set package 'wbtros2_interface' build argument 'cmake_target_skip_unavailable' from command line to 'False'
[2.367s] Level 5:colcon.colcon_core.verb:set package 'wbtros2_interface' build argument 'cmake_clean_cache' from command line to 'False'
[2.367s] Level 5:colcon.colcon_core.verb:set package 'wbtros2_interface' build argument 'cmake_clean_first' from command line to 'False'
[2.367s] Level 5:colcon.colcon_core.verb:set package 'wbtros2_interface' build argument 'cmake_force_configure' from command line to 'False'
[2.367s] Level 5:colcon.colcon_core.verb:set package 'wbtros2_interface' build argument 'ament_cmake_args' from command line to 'None'
[2.367s] Level 5:colcon.colcon_core.verb:set package 'wbtros2_interface' build argument 'catkin_cmake_args' from command line to 'None'
[2.367s] Level 5:colcon.colcon_core.verb:set package 'wbtros2_interface' build argument 'catkin_skip_building_tests' from command line to 'False'
[2.367s] DEBUG:colcon.colcon_core.verb:Building package 'wbtros2_interface' with the following arguments: {'ament_cmake_args': None, 'build_base': '/home/dhonan/Workspace/webots-ros2-gateway/example/wsl_ros2/build/wbtros2_interface', 'catkin_cmake_args': None, 'catkin_skip_building_tests': False, 'cmake_args': None, 'cmake_clean_cache': False, 'cmake_clean_first': False, 'cmake_force_configure': False, 'cmake_target': None, 'cmake_target_skip_unavailable': False, 'install_base': '/home/dhonan/Workspace/webots-ros2-gateway/example/wsl_ros2/install/wbtros2_interface', 'merge_install': False, 'path': '/home/dhonan/Workspace/webots-ros2-gateway/example/wsl_ros2/src/wbtros2_interface', 'symlink_install': False, 'test_result_base': None}
[2.389s] Level 5:colcon.colcon_core.verb:set package 'wbtros2_package' build argument 'cmake_args' from command line to 'None'
[2.389s] Level 5:colcon.colcon_core.verb:set package 'wbtros2_package' build argument 'cmake_target' from command line to 'None'
[2.389s] Level 5:colcon.colcon_core.verb:set package 'wbtros2_package' build argument 'cmake_target_skip_unavailable' from command line to 'False'
[2.389s] Level 5:colcon.colcon_core.verb:set package 'wbtros2_package' build argument 'cmake_clean_cache' from command line to 'False'
[2.389s] Level 5:colcon.colcon_core.verb:set package 'wbtros2_package' build argument 'cmake_clean_first' from command line to 'False'
[2.389s] Level 5:colcon.colcon_core.verb:set package 'wbtros2_package' build argument 'cmake_force_configure' from command line to 'False'
[2.389s] Level 5:colcon.colcon_core.verb:set package 'wbtros2_package' build argument 'ament_cmake_args' from command line to 'None'
[2.390s] Level 5:colcon.colcon_core.verb:set package 'wbtros2_package' build argument 'catkin_cmake_args' from command line to 'None'
[2.390s] Level 5:colcon.colcon_core.verb:set package 'wbtros2_package' build argument 'catkin_skip_building_tests' from command line to 'False'
[2.390s] DEBUG:colcon.colcon_core.verb:Building package 'wbtros2_package' with the following arguments: {'ament_cmake_args': None, 'build_base': '/home/dhonan/Workspace/webots-ros2-gateway/example/wsl_ros2/build/wbtros2_package', 'catkin_cmake_args': None, 'catkin_skip_building_tests': False, 'cmake_args': None, 'cmake_clean_cache': False, 'cmake_clean_first': False, 'cmake_force_configure': False, 'cmake_target': None, 'cmake_target_skip_unavailable': False, 'install_base': '/home/dhonan/Workspace/webots-ros2-gateway/example/wsl_ros2/install/wbtros2_package', 'merge_install': False, 'path': '/home/dhonan/Workspace/webots-ros2-gateway/example/wsl_ros2/src/wbtros2_package', 'symlink_install': False, 'test_result_base': None}
[2.410s] INFO:colcon.colcon_core.executor:Executing jobs using 'parallel' executor
[2.432s] DEBUG:colcon.colcon_parallel_executor.executor.parallel:run_until_complete
[2.432s] INFO:colcon.colcon_ros.task.ament_python.build:Building ROS package in '/home/dhonan/Workspace/webots-ros2-gateway/example/wsl_ros2/src/wbtros2_example' with build type 'ament_python'
[2.433s] Level 1:colcon.colcon_core.shell:create_environment_hook('wbtros2_example', 'ament_prefix_path')
[2.464s] INFO:colcon.colcon_core.plugin_system:Skipping extension 'colcon_core.shell.bat': Not used on non-Windows systems
[2.464s] INFO:colcon.colcon_core.shell:Creating environment hook '/home/dhonan/Workspace/webots-ros2-gateway/example/wsl_ros2/install/wbtros2_example/share/wbtros2_example/hook/ament_prefix_path.ps1'
[2.465s] INFO:colcon.colcon_core.shell:Creating environment descriptor '/home/dhonan/Workspace/webots-ros2-gateway/example/wsl_ros2/install/wbtros2_example/share/wbtros2_example/hook/ament_prefix_path.dsv'
[2.466s] INFO:colcon.colcon_core.shell:Creating environment hook '/home/dhonan/Workspace/webots-ros2-gateway/example/wsl_ros2/install/wbtros2_example/share/wbtros2_example/hook/ament_prefix_path.sh'
[2.488s] INFO:colcon.colcon_core.shell:Skip shell extension 'powershell' for command environment: Not usable outside of PowerShell
[2.488s] DEBUG:colcon.colcon_core.shell:Skip shell extension 'dsv' for command environment
[2.560s] INFO:colcon.colcon_ros.task.ament_cmake.build:Building ROS package in '/home/dhonan/Workspace/webots-ros2-gateway/example/wsl_ros2/src/wbtros2_interface' with build type 'ament_cmake'
[2.561s] INFO:colcon.colcon_cmake.task.cmake.build:Building CMake package in '/home/dhonan/Workspace/webots-ros2-gateway/example/wsl_ros2/src/wbtros2_interface'
[2.592s] INFO:colcon.colcon_core.shell:Skip shell extension 'powershell' for command environment: Not usable outside of PowerShell
[2.592s] DEBUG:colcon.colcon_core.shell:Skip shell extension 'dsv' for command environment
[2.683s] INFO:colcon.colcon_ros.task.ament_python.build:Building ROS package in '/home/dhonan/Workspace/webots-ros2-gateway/example/wsl_ros2/src/wbtros2_package' with build type 'ament_python'
[2.683s] Level 1:colcon.colcon_core.shell:create_environment_hook('wbtros2_package', 'ament_prefix_path')
[2.713s] INFO:colcon.colcon_core.shell:Creating environment hook '/home/dhonan/Workspace/webots-ros2-gateway/example/wsl_ros2/install/wbtros2_package/share/wbtros2_package/hook/ament_prefix_path.ps1'
[2.714s] INFO:colcon.colcon_core.shell:Creating environment descriptor '/home/dhonan/Workspace/webots-ros2-gateway/example/wsl_ros2/install/wbtros2_package/share/wbtros2_package/hook/ament_prefix_path.dsv'
[2.714s] INFO:colcon.colcon_core.shell:Creating environment hook '/home/dhonan/Workspace/webots-ros2-gateway/example/wsl_ros2/install/wbtros2_package/share/wbtros2_package/hook/ament_prefix_path.sh'
[2.743s] INFO:colcon.colcon_core.shell:Skip shell extension 'powershell' for command environment: Not usable outside of PowerShell
[2.744s] DEBUG:colcon.colcon_core.shell:Skip shell extension 'dsv' for command environment
[3.174s] INFO:colcon.colcon_core.task.python.build:Building Python package in '/home/dhonan/Workspace/webots-ros2-gateway/example/wsl_ros2/src/wbtros2_example'
[3.195s] INFO:colcon.colcon_core.shell:Skip shell extension 'powershell' for command environment: Not usable outside of PowerShell
[3.195s] DEBUG:colcon.colcon_core.shell:Skip shell extension 'dsv' for command environment
[3.283s] DEBUG:colcon.colcon_core.event_handler.log_command:Invoking command in '/home/dhonan/Workspace/webots-ros2-gateway/example/wsl_ros2/build/wbtros2_interface': CMAKE_PREFIX_PATH=${CMAKE_PREFIX_PATH}:/home/dhonan/Workspace/webots-ros2-gateway/example/wsl_ros2/install/wbtros2_package:/home/dhonan/Workspace/webots-ros2-gateway/example/wsl_ros2/install/wbtros2_example:/opt/ros/humble /usr/bin/cmake --build /home/dhonan/Workspace/webots-ros2-gateway/example/wsl_ros2/build/wbtros2_interface -- -j8 -l8
[3.657s] INFO:colcon.colcon_core.task.python.build:Building Python package in '/home/dhonan/Workspace/webots-ros2-gateway/example/wsl_ros2/src/wbtros2_package'
[3.692s] INFO:colcon.colcon_core.shell:Skip shell extension 'powershell' for command environment: Not usable outside of PowerShell
[3.693s] DEBUG:colcon.colcon_core.shell:Skip shell extension 'dsv' for command environment
[3.779s] DEBUG:colcon.colcon_core.event_handler.log_command:Invoked command in '/home/dhonan/Workspace/webots-ros2-gateway/example/wsl_ros2/build/wbtros2_interface' returned '0': CMAKE_PREFIX_PATH=${CMAKE_PREFIX_PATH}:/home/dhonan/Workspace/webots-ros2-gateway/example/wsl_ros2/install/wbtros2_package:/home/dhonan/Workspace/webots-ros2-gateway/example/wsl_ros2/install/wbtros2_example:/opt/ros/humble /usr/bin/cmake --build /home/dhonan/Workspace/webots-ros2-gateway/example/wsl_ros2/build/wbtros2_interface -- -j8 -l8
[3.867s] DEBUG:colcon.colcon_core.event_handler.log_command:Invoking command in '/home/dhonan/Workspace/webots-ros2-gateway/example/wsl_ros2/build/wbtros2_interface': CMAKE_PREFIX_PATH=${CMAKE_PREFIX_PATH}:/home/dhonan/Workspace/webots-ros2-gateway/example/wsl_ros2/install/wbtros2_package:/home/dhonan/Workspace/webots-ros2-gateway/example/wsl_ros2/install/wbtros2_example:/opt/ros/humble /usr/bin/cmake --install /home/dhonan/Workspace/webots-ros2-gateway/example/wsl_ros2/build/wbtros2_interface
[3.938s] Level 1:colcon.colcon_core.environment:create_environment_scripts_only(wbtros2_interface)
[3.939s] DEBUG:colcon.colcon_core.event_handler.log_command:Invoked command in '/home/dhonan/Workspace/webots-ros2-gateway/example/wsl_ros2/build/wbtros2_interface' returned '0': CMAKE_PREFIX_PATH=${CMAKE_PREFIX_PATH}:/home/dhonan/Workspace/webots-ros2-gateway/example/wsl_ros2/install/wbtros2_package:/home/dhonan/Workspace/webots-ros2-gateway/example/wsl_ros2/install/wbtros2_example:/opt/ros/humble /usr/bin/cmake --install /home/dhonan/Workspace/webots-ros2-gateway/example/wsl_ros2/build/wbtros2_interface
[3.964s] Level 1:colcon.colcon_core.environment:checking '/home/dhonan/Workspace/webots-ros2-gateway/example/wsl_ros2/install/wbtros2_interface' for CMake module files
[3.965s] Level 1:colcon.colcon_core.environment:checking '/home/dhonan/Workspace/webots-ros2-gateway/example/wsl_ros2/install/wbtros2_interface' for CMake config files
[3.965s] Level 1:colcon.colcon_core.shell:create_environment_hook('wbtros2_interface', 'cmake_prefix_path')
[3.997s] INFO:colcon.colcon_core.shell:Creating environment hook '/home/dhonan/Workspace/webots-ros2-gateway/example/wsl_ros2/install/wbtros2_interface/share/wbtros2_interface/hook/cmake_prefix_path.ps1'
[3.997s] INFO:colcon.colcon_core.shell:Creating environment descriptor '/home/dhonan/Workspace/webots-ros2-gateway/example/wsl_ros2/install/wbtros2_interface/share/wbtros2_interface/hook/cmake_prefix_path.dsv'
[3.998s] INFO:colcon.colcon_core.shell:Creating environment hook '/home/dhonan/Workspace/webots-ros2-gateway/example/wsl_ros2/install/wbtros2_interface/share/wbtros2_interface/hook/cmake_prefix_path.sh'
[3.999s] Level 1:colcon.colcon_core.environment:checking '/home/dhonan/Workspace/webots-ros2-gateway/example/wsl_ros2/install/wbtros2_interface/lib'
[3.999s] Level 1:colcon.colcon_core.shell:create_environment_hook('wbtros2_interface', 'ld_library_path_lib')
[4.029s] INFO:colcon.colcon_core.shell:Creating environment hook '/home/dhonan/Workspace/webots-ros2-gateway/example/wsl_ros2/install/wbtros2_interface/share/wbtros2_interface/hook/ld_library_path_lib.ps1'
[4.029s] INFO:colcon.colcon_core.shell:Creating environment descriptor '/home/dhonan/Workspace/webots-ros2-gateway/example/wsl_ros2/install/wbtros2_interface/share/wbtros2_interface/hook/ld_library_path_lib.dsv'
[4.030s] INFO:colcon.colcon_core.shell:Creating environment hook '/home/dhonan/Workspace/webots-ros2-gateway/example/wsl_ros2/install/wbtros2_interface/share/wbtros2_interface/hook/ld_library_path_lib.sh'
[4.030s] Level 1:colcon.colcon_core.environment:checking '/home/dhonan/Workspace/webots-ros2-gateway/example/wsl_ros2/install/wbtros2_interface/bin'
[4.030s] Level 1:colcon.colcon_core.environment:checking '/home/dhonan/Workspace/webots-ros2-gateway/example/wsl_ros2/install/wbtros2_interface/lib/pkgconfig/wbtros2_interface.pc'
[4.031s] Level 1:colcon.colcon_core.environment:checking '/home/dhonan/Workspace/webots-ros2-gateway/example/wsl_ros2/install/wbtros2_interface/lib/python3.10/site-packages'
[4.031s] Level 1:colcon.colcon_core.environment:checking '/home/dhonan/Workspace/webots-ros2-gateway/example/wsl_ros2/install/wbtros2_interface/bin'
[4.066s] INFO:colcon.colcon_core.shell:Creating package script '/home/dhonan/Workspace/webots-ros2-gateway/example/wsl_ros2/install/wbtros2_interface/share/wbtros2_interface/package.ps1'
[4.068s] INFO:colcon.colcon_core.shell:Creating package descriptor '/home/dhonan/Workspace/webots-ros2-gateway/example/wsl_ros2/install/wbtros2_interface/share/wbtros2_interface/package.dsv'
[4.069s] INFO:colcon.colcon_core.shell:Creating package script '/home/dhonan/Workspace/webots-ros2-gateway/example/wsl_ros2/install/wbtros2_interface/share/wbtros2_interface/package.sh'
[4.070s] INFO:colcon.colcon_core.shell:Creating package script '/home/dhonan/Workspace/webots-ros2-gateway/example/wsl_ros2/install/wbtros2_interface/share/wbtros2_interface/package.bash'
[4.072s] INFO:colcon.colcon_core.shell:Creating package script '/home/dhonan/Workspace/webots-ros2-gateway/example/wsl_ros2/install/wbtros2_interface/share/wbtros2_interface/package.zsh'
[4.073s] Level 1:colcon.colcon_core.environment:create_file_with_runtime_dependencies(/home/dhonan/Workspace/webots-ros2-gateway/example/wsl_ros2/install/wbtros2_interface/share/colcon-core/packages/wbtros2_interface)
[4.178s] Level 1:colcon.colcon_core.environment:create_environment_scripts_only(wbtros2_interface)
[4.210s] Level 1:colcon.colcon_core.environment:checking '/home/dhonan/Workspace/webots-ros2-gateway/example/wsl_ros2/install/wbtros2_interface' for CMake module files
[4.212s] Level 1:colcon.colcon_core.environment:checking '/home/dhonan/Workspace/webots-ros2-gateway/example/wsl_ros2/install/wbtros2_interface' for CMake config files
[4.212s] Level 1:colcon.colcon_core.shell:create_environment_hook('wbtros2_interface', 'cmake_prefix_path')
[4.245s] INFO:colcon.colcon_core.shell:Creating environment hook '/home/dhonan/Workspace/webots-ros2-gateway/example/wsl_ros2/install/wbtros2_interface/share/wbtros2_interface/hook/cmake_prefix_path.ps1'
[4.246s] INFO:colcon.colcon_core.shell:Creating environment descriptor '/home/dhonan/Workspace/webots-ros2-gateway/example/wsl_ros2/install/wbtros2_interface/share/wbtros2_interface/hook/cmake_prefix_path.dsv'
[4.247s] INFO:colcon.colcon_core.shell:Creating environment hook '/home/dhonan/Workspace/webots-ros2-gateway/example/wsl_ros2/install/wbtros2_interface/share/wbtros2_interface/hook/cmake_prefix_path.sh'
[4.248s] Level 1:colcon.colcon_core.environment:checking '/home/dhonan/Workspace/webots-ros2-gateway/example/wsl_ros2/install/wbtros2_interface/lib'
[4.248s] Level 1:colcon.colcon_core.shell:create_environment_hook('wbtros2_interface', 'ld_library_path_lib')
[4.282s] INFO:colcon.colcon_core.shell:Creating environment hook '/home/dhonan/Workspace/webots-ros2-gateway/example/wsl_ros2/install/wbtros2_interface/share/wbtros2_interface/hook/ld_library_path_lib.ps1'
[4.283s] INFO:colcon.colcon_core.shell:Creating environment descriptor '/home/dhonan/Workspace/webots-ros2-gateway/example/wsl_ros2/install/wbtros2_interface/share/wbtros2_interface/hook/ld_library_path_lib.dsv'
[4.284s] INFO:colcon.colcon_core.shell:Creating environment hook '/home/dhonan/Workspace/webots-ros2-gateway/example/wsl_ros2/install/wbtros2_interface/share/wbtros2_interface/hook/ld_library_path_lib.sh'
[4.286s] Level 1:colcon.colcon_core.environment:checking '/home/dhonan/Workspace/webots-ros2-gateway/example/wsl_ros2/install/wbtros2_interface/bin'
[4.287s] Level 1:colcon.colcon_core.environment:checking '/home/dhonan/Workspace/webots-ros2-gateway/example/wsl_ros2/install/wbtros2_interface/lib/pkgconfig/wbtros2_interface.pc'
[4.288s] Level 1:colcon.colcon_core.environment:checking '/home/dhonan/Workspace/webots-ros2-gateway/example/wsl_ros2/install/wbtros2_interface/lib/python3.10/site-packages'
[4.289s] Level 1:colcon.colcon_core.environment:checking '/home/dhonan/Workspace/webots-ros2-gateway/example/wsl_ros2/install/wbtros2_interface/bin'
[4.324s] INFO:colcon.colcon_core.shell:Creating package script '/home/dhonan/Workspace/webots-ros2-gateway/example/wsl_ros2/install/wbtros2_interface/share/wbtros2_interface/package.ps1'
[4.325s] INFO:colcon.colcon_core.shell:Creating package descriptor '/home/dhonan/Workspace/webots-ros2-gateway/example/wsl_ros2/install/wbtros2_interface/share/wbtros2_interface/package.dsv'
[4.326s] INFO:colcon.colcon_core.shell:Creating package script '/home/dhonan/Workspace/webots-ros2-gateway/example/wsl_ros2/install/wbtros2_interface/share/wbtros2_interface/package.sh'
[4.326s] INFO:colcon.colcon_core.shell:Creating package script '/home/dhonan/Workspace/webots-ros2-gateway/example/wsl_ros2/install/wbtros2_interface/share/wbtros2_interface/package.bash'
[4.327s] INFO:colcon.colcon_core.shell:Creating package script '/home/dhonan/Workspace/webots-ros2-gateway/example/wsl_ros2/install/wbtros2_interface/share/wbtros2_interface/package.zsh'
[4.327s] Level 1:colcon.colcon_core.environment:create_file_with_runtime_dependencies(/home/dhonan/Workspace/webots-ros2-gateway/example/wsl_ros2/install/wbtros2_interface/share/colcon-core/packages/wbtros2_interface)
[4.332s] DEBUG:colcon.colcon_core.event_handler.log_command:Invoking command in '/home/dhonan/Workspace/webots-ros2-gateway/example/wsl_ros2/src/wbtros2_example': PYTHONPATH=/home/dhonan/Workspace/webots-ros2-gateway/example/wsl_ros2/build/wbtros2_example/prefix_override:/home/dhonan/Workspace/webots-ros2-gateway/example/wsl_ros2/install/wbtros2_example/lib/python3.10/site-packages:${PYTHONPATH} /usr/bin/python3 setup.py egg_info --egg-base ../../build/wbtros2_example build --build-base /home/dhonan/Workspace/webots-ros2-gateway/example/wsl_ros2/build/wbtros2_example/build install --record /home/dhonan/Workspace/webots-ros2-gateway/example/wsl_ros2/build/wbtros2_example/install.log --single-version-externally-managed
[4.342s] DEBUG:colcon.colcon_core.event_handler.log_command:Invoking command in '/home/dhonan/Workspace/webots-ros2-gateway/example/wsl_ros2/src/wbtros2_package': PYTHONPATH=/home/dhonan/Workspace/webots-ros2-gateway/example/wsl_ros2/build/wbtros2_package/prefix_override:/home/dhonan/Workspace/webots-ros2-gateway/example/wsl_ros2/install/wbtros2_package/lib/python3.10/site-packages:${PYTHONPATH} /usr/bin/python3 setup.py egg_info --egg-base ../../build/wbtros2_package build --build-base /home/dhonan/Workspace/webots-ros2-gateway/example/wsl_ros2/build/wbtros2_package/build install --record /home/dhonan/Workspace/webots-ros2-gateway/example/wsl_ros2/build/wbtros2_package/install.log --single-version-externally-managed
[4.733s] DEBUG:colcon.colcon_core.event_handler.log_command:Invoked command in '/home/dhonan/Workspace/webots-ros2-gateway/example/wsl_ros2/src/wbtros2_example' returned '0': PYTHONPATH=/home/dhonan/Workspace/webots-ros2-gateway/example/wsl_ros2/build/wbtros2_example/prefix_override:/home/dhonan/Workspace/webots-ros2-gateway/example/wsl_ros2/install/wbtros2_example/lib/python3.10/site-packages:${PYTHONPATH} /usr/bin/python3 setup.py egg_info --egg-base ../../build/wbtros2_example build --build-base /home/dhonan/Workspace/webots-ros2-gateway/example/wsl_ros2/build/wbtros2_example/build install --record /home/dhonan/Workspace/webots-ros2-gateway/example/wsl_ros2/build/wbtros2_example/install.log --single-version-externally-managed
[4.755s] Level 1:colcon.colcon_core.environment:checking '/home/dhonan/Workspace/webots-ros2-gateway/example/wsl_ros2/install/wbtros2_example' for CMake module files
[4.755s] Level 1:colcon.colcon_core.environment:checking '/home/dhonan/Workspace/webots-ros2-gateway/example/wsl_ros2/install/wbtros2_example' for CMake config files
[4.756s] Level 1:colcon.colcon_core.environment:checking '/home/dhonan/Workspace/webots-ros2-gateway/example/wsl_ros2/install/wbtros2_example/lib'
[4.756s] Level 1:colcon.colcon_core.environment:checking '/home/dhonan/Workspace/webots-ros2-gateway/example/wsl_ros2/install/wbtros2_example/bin'
[4.756s] Level 1:colcon.colcon_core.environment:checking '/home/dhonan/Workspace/webots-ros2-gateway/example/wsl_ros2/install/wbtros2_example/lib/pkgconfig/wbtros2_example.pc'
[4.757s] Level 1:colcon.colcon_core.environment:checking '/home/dhonan/Workspace/webots-ros2-gateway/example/wsl_ros2/install/wbtros2_example/lib/python3.10/site-packages'
[4.757s] Level 1:colcon.colcon_core.shell:create_environment_hook('wbtros2_example', 'pythonpath')
[4.779s] INFO:colcon.colcon_core.shell:Creating environment hook '/home/dhonan/Workspace/webots-ros2-gateway/example/wsl_ros2/install/wbtros2_example/share/wbtros2_example/hook/pythonpath.ps1'
[4.779s] INFO:colcon.colcon_core.shell:Creating environment descriptor '/home/dhonan/Workspace/webots-ros2-gateway/example/wsl_ros2/install/wbtros2_example/share/wbtros2_example/hook/pythonpath.dsv'
[4.779s] INFO:colcon.colcon_core.shell:Creating environment hook '/home/dhonan/Workspace/webots-ros2-gateway/example/wsl_ros2/install/wbtros2_example/share/wbtros2_example/hook/pythonpath.sh'
[4.780s] Level 1:colcon.colcon_core.environment:checking '/home/dhonan/Workspace/webots-ros2-gateway/example/wsl_ros2/install/wbtros2_example/bin'
[4.780s] Level 1:colcon.colcon_core.environment:create_environment_scripts_only(wbtros2_example)
[4.801s] INFO:colcon.colcon_core.shell:Creating package script '/home/dhonan/Workspace/webots-ros2-gateway/example/wsl_ros2/install/wbtros2_example/share/wbtros2_example/package.ps1'
[4.801s] INFO:colcon.colcon_core.shell:Creating package descriptor '/home/dhonan/Workspace/webots-ros2-gateway/example/wsl_ros2/install/wbtros2_example/share/wbtros2_example/package.dsv'
[4.803s] INFO:colcon.colcon_core.shell:Creating package script '/home/dhonan/Workspace/webots-ros2-gateway/example/wsl_ros2/install/wbtros2_example/share/wbtros2_example/package.sh'
[4.803s] INFO:colcon.colcon_core.shell:Creating package script '/home/dhonan/Workspace/webots-ros2-gateway/example/wsl_ros2/install/wbtros2_example/share/wbtros2_example/package.bash'
[4.804s] INFO:colcon.colcon_core.shell:Creating package script '/home/dhonan/Workspace/webots-ros2-gateway/example/wsl_ros2/install/wbtros2_example/share/wbtros2_example/package.zsh'
[4.804s] Level 1:colcon.colcon_core.environment:create_file_with_runtime_dependencies(/home/dhonan/Workspace/webots-ros2-gateway/example/wsl_ros2/install/wbtros2_example/share/colcon-core/packages/wbtros2_example)
[4.810s] DEBUG:colcon.colcon_core.event_handler.log_command:Invoked command in '/home/dhonan/Workspace/webots-ros2-gateway/example/wsl_ros2/src/wbtros2_package' returned '0': PYTHONPATH=/home/dhonan/Workspace/webots-ros2-gateway/example/wsl_ros2/build/wbtros2_package/prefix_override:/home/dhonan/Workspace/webots-ros2-gateway/example/wsl_ros2/install/wbtros2_package/lib/python3.10/site-packages:${PYTHONPATH} /usr/bin/python3 setup.py egg_info --egg-base ../../build/wbtros2_package build --build-base /home/dhonan/Workspace/webots-ros2-gateway/example/wsl_ros2/build/wbtros2_package/build install --record /home/dhonan/Workspace/webots-ros2-gateway/example/wsl_ros2/build/wbtros2_package/install.log --single-version-externally-managed
[4.832s] Level 1:colcon.colcon_core.environment:checking '/home/dhonan/Workspace/webots-ros2-gateway/example/wsl_ros2/install/wbtros2_package' for CMake module files
[4.832s] Level 1:colcon.colcon_core.environment:checking '/home/dhonan/Workspace/webots-ros2-gateway/example/wsl_ros2/install/wbtros2_package' for CMake config files
[4.833s] Level 1:colcon.colcon_core.environment:checking '/home/dhonan/Workspace/webots-ros2-gateway/example/wsl_ros2/install/wbtros2_package/lib'
[4.833s] Level 1:colcon.colcon_core.environment:checking '/home/dhonan/Workspace/webots-ros2-gateway/example/wsl_ros2/install/wbtros2_package/bin'
[4.833s] Level 1:colcon.colcon_core.environment:checking '/home/dhonan/Workspace/webots-ros2-gateway/example/wsl_ros2/install/wbtros2_package/lib/pkgconfig/wbtros2_package.pc'
[4.833s] Level 1:colcon.colcon_core.environment:checking '/home/dhonan/Workspace/webots-ros2-gateway/example/wsl_ros2/install/wbtros2_package/lib/python3.10/site-packages'
[4.834s] Level 1:colcon.colcon_core.shell:create_environment_hook('wbtros2_package', 'pythonpath')
[4.857s] INFO:colcon.colcon_core.shell:Creating environment hook '/home/dhonan/Workspace/webots-ros2-gateway/example/wsl_ros2/install/wbtros2_package/share/wbtros2_package/hook/pythonpath.ps1'
[4.859s] INFO:colcon.colcon_core.shell:Creating environment descriptor '/home/dhonan/Workspace/webots-ros2-gateway/example/wsl_ros2/install/wbtros2_package/share/wbtros2_package/hook/pythonpath.dsv'
[4.860s] INFO:colcon.colcon_core.shell:Creating environment hook '/home/dhonan/Workspace/webots-ros2-gateway/example/wsl_ros2/install/wbtros2_package/share/wbtros2_package/hook/pythonpath.sh'
[4.860s] Level 1:colcon.colcon_core.environment:checking '/home/dhonan/Workspace/webots-ros2-gateway/example/wsl_ros2/install/wbtros2_package/bin'
[4.860s] Level 1:colcon.colcon_core.environment:create_environment_scripts_only(wbtros2_package)
[4.883s] INFO:colcon.colcon_core.shell:Creating package script '/home/dhonan/Workspace/webots-ros2-gateway/example/wsl_ros2/install/wbtros2_package/share/wbtros2_package/package.ps1'
[4.884s] INFO:colcon.colcon_core.shell:Creating package descriptor '/home/dhonan/Workspace/webots-ros2-gateway/example/wsl_ros2/install/wbtros2_package/share/wbtros2_package/package.dsv'
[4.884s] INFO:colcon.colcon_core.shell:Creating package script '/home/dhonan/Workspace/webots-ros2-gateway/example/wsl_ros2/install/wbtros2_package/share/wbtros2_package/package.sh'
[4.885s] INFO:colcon.colcon_core.shell:Creating package script '/home/dhonan/Workspace/webots-ros2-gateway/example/wsl_ros2/install/wbtros2_package/share/wbtros2_package/package.bash'
[4.885s] INFO:colcon.colcon_core.shell:Creating package script '/home/dhonan/Workspace/webots-ros2-gateway/example/wsl_ros2/install/wbtros2_package/share/wbtros2_package/package.zsh'
[4.886s] Level 1:colcon.colcon_core.environment:create_file_with_runtime_dependencies(/home/dhonan/Workspace/webots-ros2-gateway/example/wsl_ros2/install/wbtros2_package/share/colcon-core/packages/wbtros2_package)
[4.886s] DEBUG:colcon.colcon_parallel_executor.executor.parallel:closing loop
[4.887s] DEBUG:colcon.colcon_parallel_executor.executor.parallel:loop closed
[4.887s] DEBUG:colcon.colcon_parallel_executor.executor.parallel:run_until_complete finished with '0'
[4.887s] DEBUG:colcon.colcon_core.event_reactor:joining thread
[4.920s] INFO:colcon.colcon_core.plugin_system:Skipping extension 'colcon_notification.desktop_notification.terminal_notifier': Not used on non-Darwin systems
[4.920s] INFO:colcon.colcon_core.plugin_system:Skipping extension 'colcon_notification.desktop_notification.win32': Not used on non-Windows systems
[4.920s] INFO:colcon.colcon_notification.desktop_notification:Sending desktop notification using 'notify2'
[4.922s] DEBUG:colcon.colcon_notification.desktop_notification.notify2:Failed to initialize notify2: org.freedesktop.DBus.Error.ServiceUnknown: The name org.freedesktop.Notifications was not provided by any .service files
[4.922s] DEBUG:colcon.colcon_core.event_reactor:joined thread
[4.963s] INFO:colcon.colcon_core.shell:Creating prefix script '/home/dhonan/Workspace/webots-ros2-gateway/example/wsl_ros2/install/local_setup.ps1'
[4.965s] INFO:colcon.colcon_core.shell:Creating prefix util module '/home/dhonan/Workspace/webots-ros2-gateway/example/wsl_ros2/install/_local_setup_util_ps1.py'
[4.967s] INFO:colcon.colcon_core.shell:Creating prefix chain script '/home/dhonan/Workspace/webots-ros2-gateway/example/wsl_ros2/install/setup.ps1'
[4.991s] INFO:colcon.colcon_core.shell:Creating prefix script '/home/dhonan/Workspace/webots-ros2-gateway/example/wsl_ros2/install/local_setup.sh'
[4.992s] INFO:colcon.colcon_core.shell:Creating prefix util module '/home/dhonan/Workspace/webots-ros2-gateway/example/wsl_ros2/install/_local_setup_util_sh.py'
[4.992s] INFO:colcon.colcon_core.shell:Creating prefix chain script '/home/dhonan/Workspace/webots-ros2-gateway/example/wsl_ros2/install/setup.sh'
[5.018s] INFO:colcon.colcon_core.shell:Creating prefix script '/home/dhonan/Workspace/webots-ros2-gateway/example/wsl_ros2/install/local_setup.bash'
[5.019s] INFO:colcon.colcon_core.shell:Creating prefix chain script '/home/dhonan/Workspace/webots-ros2-gateway/example/wsl_ros2/install/setup.bash'
[5.040s] INFO:colcon.colcon_core.shell:Creating prefix script '/home/dhonan/Workspace/webots-ros2-gateway/example/wsl_ros2/install/local_setup.zsh'
[5.041s] INFO:colcon.colcon_core.shell:Creating prefix chain script '/home/dhonan/Workspace/webots-ros2-gateway/example/wsl_ros2/install/setup.zsh'
